2024-12-27 00:50:17,407 [ERROR] LogOutputStream:75 - [STDERR_REDIRECT] 
2024-12-27 15:06:39,545 [INFO] Activator:176 - 


2024-12-27 15:06:39,558 [INFO] Activator:177 - !SESSION log4j initialized
2024-12-27 15:07:04,023 [INFO] LogOutputStream:77 - [STDOUT_REDIRECT] 
2024-12-27 15:07:16,552 [INFO] ApplicationProperties:184 - Using Application install path: C:\Users\Admin\STM32CubeIDE_1.16.1\STM32CubeIDE\plugins\com.st.stm32cube.common.mx_6.12.1.202409122256
2024-12-27 15:07:16,600 [INFO] DbMcusXml:78 - Set database path to: C:\Users\Admin\STM32CubeIDE_1.16.1\STM32CubeIDE\plugins\com.st.stm32cube.common.mx_6.12.1.202409122256\\db\/mcu/
2024-12-27 15:07:16,600 [INFO] ApiDb:274 - Set plugin database path to: C:\Users\Admin\STM32CubeIDE_1.16.1\STM32CubeIDE\plugins\com.st.stm32cube.common.mx_6.12.1.202409122256\\db\/plugins/boardmanager/
2024-12-27 15:07:16,601 [WARN] ApiDb:259 - Overriding images path with different value:  => C:\Users\Admin\STM32CubeIDE_1.16.1\STM32CubeIDE\plugins\com.st.stm32cube.common.mx_6.12.1.202409122256\\db\/plugins/mcufinder/images/
2024-12-27 15:07:16,627 [INFO] ApiDb:250 - Set database path to: C:\Users\Admin\.stmcufinder\plugins\mcufinder//mcu/
2024-12-27 15:07:16,630 [INFO] DbMcusAds:125 - Set database path to: C:\Users\Admin\.stmcufinder\plugins\mcufinder//mcu/
2024-12-27 15:07:16,646 [INFO] CrossReferenceDbSqlite:203 - Set database path to: C:\Users\Admin\.stmcufinder\plugins\mcufinder//mcu/cs/
2024-12-27 15:07:17,067 [INFO] RulesReader:64 - Compatibility file has been processed (297 Rules)
2024-12-27 15:07:17,478 [INFO] DbMcusXml:78 - Set database path to: C:\Users\Admin\STM32CubeIDE_1.16.1\STM32CubeIDE\plugins\com.st.stm32cube.common.mx_6.12.1.202409122256\\db\/mcu/
2024-12-27 15:07:17,479 [INFO] ApiDb:274 - Set plugin database path to: C:\Users\Admin\STM32CubeIDE_1.16.1\STM32CubeIDE\plugins\com.st.stm32cube.common.mx_6.12.1.202409122256\\db\/plugins/boardmanager/
2024-12-27 15:07:17,479 [INFO] ApiDb:261 - Set plugin images path to: C:\Users\Admin\STM32CubeIDE_1.16.1\STM32CubeIDE\plugins\com.st.stm32cube.common.mx_6.12.1.202409122256\\db\/plugins/mcufinder/images/
2024-12-27 15:07:17,480 [WARN] DbFile:41 - Overriding database path with different value: C:\Users\Admin\.stmcufinder\plugins\mcufinder/ => C:\Users\Admin\.stmcufinder\plugins\mcufinder
2024-12-27 15:07:17,480 [INFO] ApiDb:250 - Set database path to: C:\Users\Admin\.stmcufinder\plugins\mcufinder//mcu/
2024-12-27 15:07:17,480 [WARN] DbFile:41 - Overriding database path with different value: C:\Users\Admin\.stmcufinder\plugins\mcufinder/ => C:\Users\Admin\.stmcufinder\plugins\mcufinder
2024-12-27 15:07:17,481 [INFO] DbMcusAds:125 - Set database path to: C:\Users\Admin\.stmcufinder\plugins\mcufinder//mcu/
2024-12-27 15:07:17,481 [WARN] DbFile:41 - Overriding database path with different value: C:\Users\Admin\.stmcufinder\plugins\mcufinder/ => C:\Users\Admin\.stmcufinder\plugins\mcufinder
2024-12-27 15:07:17,481 [WARN] DbFile:41 - Overriding database path with different value: C:\Users\Admin\.stmcufinder\plugins\mcufinder/ => C:\Users\Admin\.stmcufinder\plugins\mcufinder
2024-12-27 15:07:17,481 [INFO] CrossReferenceDbSqlite:203 - Set database path to: C:\Users\Admin\.stmcufinder\plugins\mcufinder//mcu/cs/
2024-12-27 15:07:17,687 [INFO] MainPanel:268 - HeapMemory: 268435456
2024-12-27 15:07:17,955 [INFO] DbMcusXml:78 - Set database path to: C:\Users\Admin\STM32CubeIDE_1.16.1\STM32CubeIDE\plugins\com.st.stm32cube.common.mx_6.12.1.202409122256\\db\/mcu/
2024-12-27 15:07:17,956 [INFO] ApiDb:274 - Set plugin database path to: C:\Users\Admin\STM32CubeIDE_1.16.1\STM32CubeIDE\plugins\com.st.stm32cube.common.mx_6.12.1.202409122256\\db\/plugins/boardmanager/
2024-12-27 15:07:17,956 [INFO] ApiDb:261 - Set plugin images path to: C:\Users\Admin\STM32CubeIDE_1.16.1\STM32CubeIDE\plugins\com.st.stm32cube.common.mx_6.12.1.202409122256\\db\/plugins/mcufinder/images/
2024-12-27 15:07:17,959 [WARN] DbFile:41 - Overriding database path with different value: C:\Users\Admin\.stmcufinder\plugins\mcufinder/ => C:\Users\Admin\.stmcufinder\plugins\mcufinder
2024-12-27 15:07:17,961 [INFO] ApiDb:250 - Set database path to: C:\Users\Admin\.stmcufinder\plugins\mcufinder//mcu/
2024-12-27 15:07:17,963 [WARN] DbFile:41 - Overriding database path with different value: C:\Users\Admin\.stmcufinder\plugins\mcufinder/ => C:\Users\Admin\.stmcufinder\plugins\mcufinder
2024-12-27 15:07:17,964 [INFO] DbMcusAds:125 - Set database path to: C:\Users\Admin\.stmcufinder\plugins\mcufinder//mcu/
2024-12-27 15:07:17,965 [WARN] DbFile:41 - Overriding database path with different value: C:\Users\Admin\.stmcufinder\plugins\mcufinder/ => C:\Users\Admin\.stmcufinder\plugins\mcufinder
2024-12-27 15:07:17,965 [WARN] DbFile:41 - Overriding database path with different value: C:\Users\Admin\.stmcufinder\plugins\mcufinder/ => C:\Users\Admin\.stmcufinder\plugins\mcufinder
2024-12-27 15:07:17,965 [INFO] CrossReferenceDbSqlite:203 - Set database path to: C:\Users\Admin\.stmcufinder\plugins\mcufinder//mcu/cs/
2024-12-27 15:07:18,020 [INFO] ApplicationProperties:184 - Using Application install path: C:\Users\Admin\STM32CubeIDE_1.16.1\STM32CubeIDE\plugins\com.st.stm32cube.common.mx_6.12.1.202409122256
2024-12-27 15:07:18,024 [INFO] PluginManage:196 - Search for loadable plugins [exclusion list=, ]
2024-12-27 15:07:18,031 [INFO] PluginManage:310 - Check plugin analytics
2024-12-27 15:07:18,768 [INFO] AnalyticsPlugin:253 - Accepted Software Licenses: 
2024-12-27 15:07:18,769 [INFO] AnalyticsPlugin:255 - Accepted CMSIS Pack Licenses: 
2024-12-27 15:07:18,769 [INFO] AnalyticsPlugin:257 - Accepted Firmware Licenses: FW.F4.1.28.0
2024-12-27 15:07:18,773 [INFO] PluginManage:359 - Loaded plugin analytics (category:tool,tabindex:-1)
2024-12-27 15:07:18,774 [INFO] PluginManage:310 - Check plugin cadmodel
2024-12-27 15:07:18,832 [INFO] CADModel:105 - Init CAD model plugin
2024-12-27 15:07:18,833 [INFO] PluginManage:359 - Loaded plugin cadmodel (category:power,tabindex:5)
2024-12-27 15:07:18,833 [INFO] PluginManage:310 - Check plugin clock
2024-12-27 15:07:18,887 [INFO] PluginManage:359 - Loaded plugin clock (category:base,tabindex:2)
2024-12-27 15:07:18,887 [INFO] PluginManage:310 - Check plugin ddr
2024-12-27 15:07:18,896 [INFO] PluginManage:359 - Loaded plugin ddr (category:tool,tabindex:6)
2024-12-27 15:07:18,897 [INFO] PluginManage:310 - Check plugin filemanager
2024-12-27 15:07:19,214 [INFO] PluginManage:359 - Loaded plugin filemanager (category:base,tabindex:10)
2024-12-27 15:07:19,215 [INFO] PluginManage:310 - Check plugin ipmanager
2024-12-27 15:07:19,231 [INFO] PluginManage:359 - Loaded plugin ipmanager (category:base,tabindex:5)
2024-12-27 15:07:19,232 [INFO] PluginManage:310 - Check plugin lpbam
2024-12-27 15:07:19,279 [INFO] PluginManage:359 - Loaded plugin lpbam (category:base,tabindex:0)
2024-12-27 15:07:19,280 [INFO] PluginManage:310 - Check plugin memorymap
2024-12-27 15:07:19,336 [INFO] PluginManage:359 - Loaded plugin memorymap (category:base,tabindex:4)
2024-12-27 15:07:19,337 [INFO] PluginManage:310 - Check plugin pinoutandconfiguration
2024-12-27 15:07:19,381 [INFO] PluginManage:359 - Loaded plugin pinoutandconfiguration (category:base,tabindex:1)
2024-12-27 15:07:19,381 [INFO] PluginManage:310 - Check plugin pinoutconfig
2024-12-27 15:07:19,783 [WARN] SupportedApi:132 - Cannot load RTOS API schema: s4s-elt-must-match.1: The content of 'definitions' must match (annotation?, (simpleType | complexType)?, (unique | key | keyref)*)). A problem was found starting at: attribute.
2024-12-27 15:07:20,291 [INFO] PluginManage:359 - Loaded plugin pinoutconfig (category:base,tabindex:0)
2024-12-27 15:07:20,291 [INFO] PluginManage:310 - Check plugin power
2024-12-27 15:07:20,369 [INFO] PluginManage:359 - Loaded plugin power (category:power,tabindex:4)
2024-12-27 15:07:20,369 [INFO] PluginManage:310 - Check plugin projectmanager
2024-12-27 15:07:20,426 [INFO] PluginManage:359 - Loaded plugin projectmanager (category:projectmanager,tabindex:4)
2024-12-27 15:07:20,427 [INFO] PluginManage:310 - Check plugin rif
2024-12-27 15:07:20,498 [INFO] PluginManage:359 - Loaded plugin rif (category:base,tabindex:3)
2024-12-27 15:07:20,500 [INFO] PluginManage:310 - Check plugin thirdparty
2024-12-27 15:07:21,386 [INFO] PluginManage:359 - Loaded plugin thirdparty (category:base,tabindex:-1)
2024-12-27 15:07:21,386 [WARN] IntegrityCheckThread:84 - waiting for thirdparty lock release [integrity check]
2024-12-27 15:07:21,386 [INFO] PluginManage:310 - Check plugin tools
2024-12-27 15:07:21,386 [INFO] IntegrityCheckThread:86 - entering critical section [integrity check]
2024-12-27 15:07:21,387 [INFO] ThirdPartyUpdaterWithRetryManager:70 - Updater plugin not ready yet. [1/15]
2024-12-27 15:07:21,524 [INFO] PluginManage:359 - Loaded plugin tools (category:base,tabindex:7)
2024-12-27 15:07:21,524 [INFO] PluginManage:310 - Check plugin tutovideos
2024-12-27 15:07:22,235 [INFO] PluginManage:359 - Loaded plugin tutovideos (category:base,tabindex:-1)
2024-12-27 15:07:22,236 [INFO] PluginManage:310 - Check plugin updater
2024-12-27 15:07:22,291 [INFO] PluginManage:359 - Loaded plugin updater (category:base,tabindex:12)
2024-12-27 15:07:22,291 [INFO] PluginManage:310 - Check plugin userauth
2024-12-27 15:07:22,314 [INFO] UserAuth:113 - Init User Auth plugin
2024-12-27 15:07:22,317 [INFO] PluginManage:359 - Loaded plugin userauth (category:base,tabindex:14)
2024-12-27 15:07:22,319 [INFO] PluginManage:283 - PluginManage : Loaded plugins [18]
2024-12-27 15:07:23,157 [INFO] PinOutPanel:1561 - setPackage(No Configuration,No Configuration)
2024-12-27 15:07:23,375 [INFO] CADModel:165 - CPN selected for project level
2024-12-27 15:07:23,375 [INFO] CADModel:114 - Register for checkConnection events
2024-12-27 15:07:23,443 [INFO] IPUIPlugin:80 - create IPUIPlugin
2024-12-27 15:07:23,443 [INFO] PluginManager:220 - loadIPPluginJar : add adc
2024-12-27 15:07:23,553 [INFO] IPUIPlugin:80 - create IPUIPlugin
2024-12-27 15:07:23,554 [INFO] PluginManager:220 - loadIPPluginJar : add aes
2024-12-27 15:07:23,672 [INFO] IPUIPlugin:80 - create IPUIPlugin
2024-12-27 15:07:23,673 [INFO] PluginManager:220 - loadIPPluginJar : add can
2024-12-27 15:07:23,752 [INFO] IPUIPlugin:80 - create IPUIPlugin
2024-12-27 15:07:23,752 [INFO] PluginManager:220 - loadIPPluginJar : add comp
2024-12-27 15:07:23,843 [INFO] IPUIPlugin:80 - create IPUIPlugin
2024-12-27 15:07:23,843 [INFO] PluginManager:220 - loadIPPluginJar : add cryp
2024-12-27 15:07:23,889 [INFO] IPUIPlugin:80 - create IPUIPlugin
2024-12-27 15:07:23,889 [INFO] PluginManager:220 - loadIPPluginJar : add ddr_ctrl_phy
2024-12-27 15:07:24,042 [INFO] IPUIPlugin:80 - create IPUIPlugin
2024-12-27 15:07:24,042 [INFO] PluginManager:220 - loadIPPluginJar : add dfsdm
2024-12-27 15:07:24,124 [INFO] IPUIPlugin:80 - create IPUIPlugin
2024-12-27 15:07:24,127 [INFO] PluginManager:220 - loadIPPluginJar : add dma
2024-12-27 15:07:24,389 [INFO] ThirdPartyUpdaterWithRetryManager:70 - Updater plugin not ready yet. [2/15]
2024-12-27 15:07:24,536 [INFO] IPUIPlugin:80 - create IPUIPlugin
2024-12-27 15:07:24,537 [INFO] PluginManager:220 - loadIPPluginJar : add dma3
2024-12-27 15:07:24,759 [INFO] IPUIPlugin:80 - create IPUIPlugin
2024-12-27 15:07:24,759 [INFO] PluginManager:220 - loadIPPluginJar : add extmemmanager
2024-12-27 15:07:24,862 [INFO] IPUIPlugin:80 - create IPUIPlugin
2024-12-27 15:07:24,862 [INFO] PluginManager:220 - loadIPPluginJar : add fatfs
2024-12-27 15:07:25,076 [INFO] IPUIPlugin:80 - create IPUIPlugin
2024-12-27 15:07:25,076 [INFO] PluginManager:220 - loadIPPluginJar : add fmc
2024-12-27 15:07:25,129 [INFO] IPUIPlugin:80 - create IPUIPlugin
2024-12-27 15:07:25,129 [INFO] PluginManager:220 - loadIPPluginJar : add freertos
2024-12-27 15:07:25,244 [INFO] IPUIPlugin:80 - create IPUIPlugin
2024-12-27 15:07:25,245 [INFO] PluginManager:220 - loadIPPluginJar : add genericplugin
2024-12-27 15:07:25,708 [INFO] IPUIPlugin:80 - create IPUIPlugin
2024-12-27 15:07:25,708 [INFO] PluginManager:220 - loadIPPluginJar : add gfxmmu
2024-12-27 15:07:26,362 [INFO] IPUIPlugin:80 - create IPUIPlugin
2024-12-27 15:07:26,362 [INFO] PluginManager:220 - loadIPPluginJar : add gic
2024-12-27 15:07:26,412 [INFO] IPUIPlugin:80 - create IPUIPlugin
2024-12-27 15:07:26,412 [INFO] PluginManager:220 - loadIPPluginJar : add gpio
2024-12-27 15:07:26,823 [INFO] IPUIPlugin:80 - create IPUIPlugin
2024-12-27 15:07:26,823 [INFO] PluginManager:220 - loadIPPluginJar : add gtzc
2024-12-27 15:07:26,976 [INFO] IPUIPlugin:80 - create IPUIPlugin
2024-12-27 15:07:26,977 [INFO] PluginManager:220 - loadIPPluginJar : add hash
2024-12-27 15:07:27,244 [INFO] IPUIPlugin:80 - create IPUIPlugin
2024-12-27 15:07:27,245 [INFO] PluginManager:220 - loadIPPluginJar : add i2c
2024-12-27 15:07:27,390 [INFO] ThirdPartyUpdaterWithRetryManager:70 - Updater plugin not ready yet. [3/15]
2024-12-27 15:07:27,440 [INFO] IPUIPlugin:80 - create IPUIPlugin
2024-12-27 15:07:27,441 [INFO] PluginManager:220 - loadIPPluginJar : add i2s
2024-12-27 15:07:27,660 [INFO] IPUIPlugin:80 - create IPUIPlugin
2024-12-27 15:07:27,661 [INFO] PluginManager:220 - loadIPPluginJar : add i3c
2024-12-27 15:07:28,053 [INFO] IPUIPlugin:80 - create IPUIPlugin
2024-12-27 15:07:28,057 [INFO] PluginManager:220 - loadIPPluginJar : add ipddr
2024-12-27 15:07:28,505 [INFO] IPUIPlugin:80 - create IPUIPlugin
2024-12-27 15:07:28,507 [INFO] PluginManager:220 - loadIPPluginJar : add linkedlist
2024-12-27 15:07:28,681 [INFO] IPUIPlugin:80 - create IPUIPlugin
2024-12-27 15:07:28,682 [INFO] PluginManager:220 - loadIPPluginJar : add lorawan
2024-12-27 15:07:28,861 [INFO] IPUIPlugin:80 - create IPUIPlugin
2024-12-27 15:07:28,861 [INFO] PluginManager:220 - loadIPPluginJar : add ltdc
2024-12-27 15:07:28,919 [INFO] IPUIPlugin:80 - create IPUIPlugin
2024-12-27 15:07:28,921 [INFO] PluginManager:220 - loadIPPluginJar : add mdma
2024-12-27 15:07:28,977 [INFO] IPUIPlugin:80 - create IPUIPlugin
2024-12-27 15:07:28,977 [INFO] PluginManager:220 - loadIPPluginJar : add nvic
2024-12-27 15:07:29,181 [INFO] IPUIPlugin:80 - create IPUIPlugin
2024-12-27 15:07:29,181 [INFO] PluginManager:220 - loadIPPluginJar : add opamp
2024-12-27 15:07:29,525 [INFO] IPUIPlugin:80 - create IPUIPlugin
2024-12-27 15:07:29,526 [INFO] PluginManager:220 - loadIPPluginJar : add openamp
2024-12-27 15:07:29,759 [INFO] IPUIPlugin:80 - create IPUIPlugin
2024-12-27 15:07:29,759 [INFO] PluginManager:220 - loadIPPluginJar : add pdm2pcm
2024-12-27 15:07:29,819 [INFO] IPUIPlugin:80 - create IPUIPlugin
2024-12-27 15:07:29,829 [INFO] PluginManager:220 - loadIPPluginJar : add plateformsettings
2024-12-27 15:07:29,936 [INFO] IPUIPlugin:80 - create IPUIPlugin
2024-12-27 15:07:29,938 [INFO] PluginManager:220 - loadIPPluginJar : add quadspi
2024-12-27 15:07:30,080 [INFO] IPUIPlugin:80 - create IPUIPlugin
2024-12-27 15:07:30,081 [INFO] PluginManager:220 - loadIPPluginJar : add radio
2024-12-27 15:07:30,143 [INFO] IPUIPlugin:80 - create IPUIPlugin
2024-12-27 15:07:30,143 [INFO] PluginManager:220 - loadIPPluginJar : add resmgrutility
2024-12-27 15:07:30,361 [INFO] IPUIPlugin:80 - create IPUIPlugin
2024-12-27 15:07:30,362 [INFO] PluginManager:220 - loadIPPluginJar : add sai
2024-12-27 15:07:30,393 [INFO] ThirdPartyUpdaterWithRetryManager:70 - Updater plugin not ready yet. [4/15]
2024-12-27 15:07:30,529 [INFO] IPUIPlugin:80 - create IPUIPlugin
2024-12-27 15:07:30,529 [INFO] PluginManager:220 - loadIPPluginJar : add spi
2024-12-27 15:07:30,735 [INFO] IPUIPlugin:80 - create IPUIPlugin
2024-12-27 15:07:30,736 [INFO] PluginManager:220 - loadIPPluginJar : add stm32_wpan
2024-12-27 15:07:30,848 [INFO] IPUIPlugin:80 - create IPUIPlugin
2024-12-27 15:07:30,849 [INFO] PluginManager:220 - loadIPPluginJar : add tim
2024-12-27 15:07:31,111 [INFO] IPUIPlugin:80 - create IPUIPlugin
2024-12-27 15:07:31,112 [INFO] PluginManager:220 - loadIPPluginJar : add touchsensing
2024-12-27 15:07:31,219 [INFO] IPUIPlugin:80 - create IPUIPlugin
2024-12-27 15:07:31,220 [INFO] PluginManager:220 - loadIPPluginJar : add tracer_emb
2024-12-27 15:07:31,333 [INFO] IPUIPlugin:80 - create IPUIPlugin
2024-12-27 15:07:31,333 [INFO] PluginManager:220 - loadIPPluginJar : add ts
2024-12-27 15:07:31,437 [INFO] IPUIPlugin:80 - create IPUIPlugin
2024-12-27 15:07:31,439 [INFO] PluginManager:220 - loadIPPluginJar : add tsc
2024-12-27 15:07:31,545 [INFO] IPUIPlugin:80 - create IPUIPlugin
2024-12-27 15:07:31,545 [INFO] PluginManager:220 - loadIPPluginJar : add ucpd
2024-12-27 15:07:31,737 [INFO] IPUIPlugin:80 - create IPUIPlugin
2024-12-27 15:07:31,737 [INFO] PluginManager:220 - loadIPPluginJar : add usart
2024-12-27 15:07:31,927 [INFO] IPUIPlugin:80 - create IPUIPlugin
2024-12-27 15:07:31,928 [INFO] PluginManager:220 - loadIPPluginJar : add usbx
2024-12-27 15:07:32,197 [INFO] CADModel:165 - CPN selected for project level
2024-12-27 15:07:32,197 [INFO] CADModel:114 - Register for checkConnection events
2024-12-27 15:07:32,198 [FATAL] Updater:334 - Updater called before beeing initialized
2024-12-27 15:07:32,198 [ERROR] CADModel:125 - Updater not yet initialized, retry later 
2024-12-27 15:07:32,687 [INFO] CADModel:165 - CPN selected for project level
2024-12-27 15:07:32,688 [INFO] CADModel:114 - Register for checkConnection events
2024-12-27 15:07:32,689 [FATAL] Updater:334 - Updater called before beeing initialized
2024-12-27 15:07:32,690 [ERROR] CADModel:125 - Updater not yet initialized, retry later 
2024-12-27 15:07:32,703 [FATAL] Updater:334 - Updater called before beeing initialized
2024-12-27 15:07:33,071 [FATAL] Updater:334 - Updater called before beeing initialized
2024-12-27 15:07:33,114 [INFO] DbMcusAds:53 - JSON generation date=Fri Sep 20 18:34:23 IST 2024 (1726837463113)
2024-12-27 15:07:33,115 [FATAL] Updater:334 - Updater called before beeing initialized
2024-12-27 15:07:33,217 [WARN] DetailPanel:346 - Failed to get advertising image, set to default
2024-12-27 15:07:33,396 [INFO] ThirdPartyUpdaterWithRetryManager:70 - Updater plugin not ready yet. [5/15]
2024-12-27 15:07:33,456 [FATAL] Updater:334 - Updater called before beeing initialized
2024-12-27 15:07:33,467 [FATAL] Updater:334 - Updater called before beeing initialized
2024-12-27 15:07:33,468 [FATAL] Updater:334 - Updater called before beeing initialized
2024-12-27 15:07:33,468 [WARN] DetailPanel:346 - Failed to get advertising image, set to default
2024-12-27 15:07:33,470 [FATAL] Updater:334 - Updater called before beeing initialized
2024-12-27 15:07:33,772 [ERROR] Updater:1164 - MainUpdater not yet initialized. External WinMGr cannot be set.
2024-12-27 15:07:33,802 [INFO] Updater:1100 - Updater Version found : 6.12.1
2024-12-27 15:07:33,838 [INFO] ApplicationProperties:184 - Using Application install path: C:\Users\Admin\STM32CubeIDE_1.16.1\STM32CubeIDE\plugins\com.st.stm32cube.common.mx_6.12.1.202409122256
2024-12-27 15:07:35,459 [ERROR] LogOutputStream:75 - [STDERR_REDIRECT] Dec 27, 2024 3:07:35 PM java.util.prefs.WindowsPreferences <init>
2024-12-27 15:07:35,467 [ERROR] LogOutputStream:75 - [STDERR_REDIRECT] WARNING: Could not open/create prefs root node Software\JavaSoft\Prefs at root 0xffffffff80000002. Windows RegCreateKeyEx(...) returned error code 5.
2024-12-27 15:07:35,468 [ERROR] LogOutputStream:75 - [STDERR_REDIRECT] 
2024-12-27 15:07:36,399 [FATAL] Updater:334 - Updater called before beeing initialized
2024-12-27 15:07:36,400 [ERROR] IntegrityCheckThread:130 - Cannot retrieve database content from updater: error 21
2024-12-27 15:07:36,401 [INFO] ThirdParty:978 - Integrity check success = false
2024-12-27 15:07:36,401 [INFO] IntegrityCheckThread:100 - exiting critical section [integrity check]
2024-12-27 15:07:36,401 [INFO] IntegrityCheckThread:103 - End integrity checks thread
2024-12-27 15:07:36,704 [INFO] MainUpdater:2873 - connection check result : 10
2024-12-27 15:07:36,708 [INFO] MainUpdater:290 - Updater Check For Update Now.
2024-12-27 15:07:36,709 [INFO] MicroXplorer:498 - Change Database Version : DB.6.0.121
2024-12-27 15:07:36,823 [INFO] McuFinderGlobals:63 - Set McuFinder mode to 2 (CubeIDE integrated)
2024-12-27 15:07:36,871 [INFO] UserAuth:417 - Internet connection configuration mode: 1
2024-12-27 15:07:36,983 [INFO] JxBrowserEngine:152 - Initiate JxBrowser Engine with user profile folder
2024-12-27 15:07:37,414 [INFO] CheckServerUpdateThread:120 - End of CheckServer Thread
2024-12-27 15:07:56,965 [INFO] WebApp:167 - Instantiating new browser for Auth
2024-12-27 15:07:58,879 [INFO] WebApp:448 - Apply proxy settings
2024-12-27 15:07:58,880 [INFO] WebApp:533 - Chromium requires no authentication
2024-12-27 15:07:58,924 [INFO] WebApp:476 - Direct internet connection detected
2024-12-27 15:07:59,024 [INFO] WebApp:869 - Register for checkConnection events
2024-12-27 15:07:59,025 [INFO] WebApp:448 - Apply proxy settings
2024-12-27 15:07:59,025 [INFO] WebApp:533 - Chromium requires no authentication
2024-12-27 15:07:59,027 [INFO] WebApp:476 - Direct internet connection detected
2024-12-27 15:07:59,657 [INFO] WebApp:220 - Starting web application
2024-12-27 15:07:59,659 [INFO] WebApp:578 - Web application path used C:\Users\Admin\STM32CubeIDE_1.16.1\STM32CubeIDE\plugins\com.st.stm32cube.common.mx_6.12.1.202409122256\db\plugins\mcufinder\reactClient1\index.html
2024-12-27 15:08:00,477 [INFO] WebApp:186 - Connection restablished
2024-12-27 15:08:00,693 [INFO] UserAuth:417 - Internet connection configuration mode: 1
2024-12-27 15:55:20,914 [INFO] WebApp:189 - Connection lost
2024-12-27 15:55:21,689 [INFO] WebApp:186 - Connection restablished
2024-12-27 16:55:30,039 [INFO] WebApp:189 - Connection lost
2024-12-27 16:55:35,542 [INFO] WebApp:186 - Connection restablished
2024-12-27 18:07:29,901 [INFO] WebApp:189 - Connection lost
2024-12-27 18:07:30,152 [INFO] WebApp:186 - Connection restablished
2024-12-27 19:26:25,982 [ERROR] LogOutputStream:75 - [STDERR_REDIRECT] 
