2024-12-25 14:58:41,128 [INFO] Activator:176 - 


2024-12-25 14:58:41,137 [INFO] Activator:177 - !SESSION log4j initialized
2024-12-25 14:58:51,265 [INFO] LogOutputStream:77 - [STDOUT_REDIRECT] 
2024-12-25 14:58:54,208 [INFO] ApplicationProperties:184 - Using Application install path: C:\Users\Admin\STM32CubeIDE_1.16.1\STM32CubeIDE\plugins\com.st.stm32cube.common.mx_6.12.1.202409122256
2024-12-25 14:58:54,231 [INFO] DbMcusXml:78 - Set database path to: C:\Users\Admin\STM32CubeIDE_1.16.1\STM32CubeIDE\plugins\com.st.stm32cube.common.mx_6.12.1.202409122256\\db\/mcu/
2024-12-25 14:58:54,231 [INFO] ApiDb:274 - Set plugin database path to: C:\Users\Admin\STM32CubeIDE_1.16.1\STM32CubeIDE\plugins\com.st.stm32cube.common.mx_6.12.1.202409122256\\db\/plugins/boardmanager/
2024-12-25 14:58:54,231 [WARN] ApiDb:259 - Overriding images path with different value:  => C:\Users\Admin\STM32CubeIDE_1.16.1\STM32CubeIDE\plugins\com.st.stm32cube.common.mx_6.12.1.202409122256\\db\/plugins/mcufinder/images/
2024-12-25 14:58:54,242 [INFO] ApiDb:250 - Set database path to: C:\Users\Admin\.stmcufinder\plugins\mcufinder//mcu/
2024-12-25 14:58:54,244 [INFO] DbMcusAds:125 - Set database path to: C:\Users\Admin\.stmcufinder\plugins\mcufinder//mcu/
2024-12-25 14:58:54,247 [INFO] CrossReferenceDbSqlite:203 - Set database path to: C:\Users\Admin\.stmcufinder\plugins\mcufinder//mcu/cs/
2024-12-25 14:58:54,398 [INFO] RulesReader:64 - Compatibility file has been processed (297 Rules)
2024-12-25 14:58:54,506 [INFO] DbMcusXml:78 - Set database path to: C:\Users\Admin\STM32CubeIDE_1.16.1\STM32CubeIDE\plugins\com.st.stm32cube.common.mx_6.12.1.202409122256\\db\/mcu/
2024-12-25 14:58:54,506 [INFO] ApiDb:274 - Set plugin database path to: C:\Users\Admin\STM32CubeIDE_1.16.1\STM32CubeIDE\plugins\com.st.stm32cube.common.mx_6.12.1.202409122256\\db\/plugins/boardmanager/
2024-12-25 14:58:54,507 [INFO] ApiDb:261 - Set plugin images path to: C:\Users\Admin\STM32CubeIDE_1.16.1\STM32CubeIDE\plugins\com.st.stm32cube.common.mx_6.12.1.202409122256\\db\/plugins/mcufinder/images/
2024-12-25 14:58:54,507 [WARN] DbFile:41 - Overriding database path with different value: C:\Users\Admin\.stmcufinder\plugins\mcufinder/ => C:\Users\Admin\.stmcufinder\plugins\mcufinder
2024-12-25 14:58:54,507 [INFO] ApiDb:250 - Set database path to: C:\Users\Admin\.stmcufinder\plugins\mcufinder//mcu/
2024-12-25 14:58:54,508 [WARN] DbFile:41 - Overriding database path with different value: C:\Users\Admin\.stmcufinder\plugins\mcufinder/ => C:\Users\Admin\.stmcufinder\plugins\mcufinder
2024-12-25 14:58:54,508 [INFO] DbMcusAds:125 - Set database path to: C:\Users\Admin\.stmcufinder\plugins\mcufinder//mcu/
2024-12-25 14:58:54,508 [WARN] DbFile:41 - Overriding database path with different value: C:\Users\Admin\.stmcufinder\plugins\mcufinder/ => C:\Users\Admin\.stmcufinder\plugins\mcufinder
2024-12-25 14:58:54,508 [WARN] DbFile:41 - Overriding database path with different value: C:\Users\Admin\.stmcufinder\plugins\mcufinder/ => C:\Users\Admin\.stmcufinder\plugins\mcufinder
2024-12-25 14:58:54,508 [INFO] CrossReferenceDbSqlite:203 - Set database path to: C:\Users\Admin\.stmcufinder\plugins\mcufinder//mcu/cs/
2024-12-25 14:58:54,634 [INFO] MainPanel:268 - HeapMemory: 268435456
2024-12-25 14:58:54,783 [INFO] DbMcusXml:78 - Set database path to: C:\Users\Admin\STM32CubeIDE_1.16.1\STM32CubeIDE\plugins\com.st.stm32cube.common.mx_6.12.1.202409122256\\db\/mcu/
2024-12-25 14:58:54,783 [INFO] ApiDb:274 - Set plugin database path to: C:\Users\Admin\STM32CubeIDE_1.16.1\STM32CubeIDE\plugins\com.st.stm32cube.common.mx_6.12.1.202409122256\\db\/plugins/boardmanager/
2024-12-25 14:58:54,783 [INFO] ApiDb:261 - Set plugin images path to: C:\Users\Admin\STM32CubeIDE_1.16.1\STM32CubeIDE\plugins\com.st.stm32cube.common.mx_6.12.1.202409122256\\db\/plugins/mcufinder/images/
2024-12-25 14:58:54,783 [WARN] DbFile:41 - Overriding database path with different value: C:\Users\Admin\.stmcufinder\plugins\mcufinder/ => C:\Users\Admin\.stmcufinder\plugins\mcufinder
2024-12-25 14:58:54,783 [INFO] ApiDb:250 - Set database path to: C:\Users\Admin\.stmcufinder\plugins\mcufinder//mcu/
2024-12-25 14:58:54,784 [WARN] DbFile:41 - Overriding database path with different value: C:\Users\Admin\.stmcufinder\plugins\mcufinder/ => C:\Users\Admin\.stmcufinder\plugins\mcufinder
2024-12-25 14:58:54,784 [INFO] DbMcusAds:125 - Set database path to: C:\Users\Admin\.stmcufinder\plugins\mcufinder//mcu/
2024-12-25 14:58:54,784 [WARN] DbFile:41 - Overriding database path with different value: C:\Users\Admin\.stmcufinder\plugins\mcufinder/ => C:\Users\Admin\.stmcufinder\plugins\mcufinder
2024-12-25 14:58:54,784 [WARN] DbFile:41 - Overriding database path with different value: C:\Users\Admin\.stmcufinder\plugins\mcufinder/ => C:\Users\Admin\.stmcufinder\plugins\mcufinder
2024-12-25 14:58:54,784 [INFO] CrossReferenceDbSqlite:203 - Set database path to: C:\Users\Admin\.stmcufinder\plugins\mcufinder//mcu/cs/
2024-12-25 14:58:54,805 [INFO] ApplicationProperties:184 - Using Application install path: C:\Users\Admin\STM32CubeIDE_1.16.1\STM32CubeIDE\plugins\com.st.stm32cube.common.mx_6.12.1.202409122256
2024-12-25 14:58:54,807 [INFO] PluginManage:196 - Search for loadable plugins [exclusion list=, ]
2024-12-25 14:58:54,809 [INFO] PluginManage:310 - Check plugin analytics
2024-12-25 14:58:55,053 [INFO] AnalyticsPlugin:253 - Accepted Software Licenses: 
2024-12-25 14:58:55,054 [INFO] AnalyticsPlugin:255 - Accepted CMSIS Pack Licenses: 
2024-12-25 14:58:55,055 [INFO] AnalyticsPlugin:257 - Accepted Firmware Licenses: FW.F4.1.28.0
2024-12-25 14:58:55,059 [INFO] PluginManage:359 - Loaded plugin analytics (category:tool,tabindex:-1)
2024-12-25 14:58:55,059 [INFO] PluginManage:310 - Check plugin cadmodel
2024-12-25 14:58:55,089 [INFO] CADModel:105 - Init CAD model plugin
2024-12-25 14:58:55,089 [INFO] PluginManage:359 - Loaded plugin cadmodel (category:power,tabindex:5)
2024-12-25 14:58:55,089 [INFO] PluginManage:310 - Check plugin clock
2024-12-25 14:58:55,121 [INFO] PluginManage:359 - Loaded plugin clock (category:base,tabindex:2)
2024-12-25 14:58:55,121 [INFO] PluginManage:310 - Check plugin ddr
2024-12-25 14:58:55,125 [INFO] PluginManage:359 - Loaded plugin ddr (category:tool,tabindex:6)
2024-12-25 14:58:55,125 [INFO] PluginManage:310 - Check plugin filemanager
2024-12-25 14:58:55,343 [INFO] PluginManage:359 - Loaded plugin filemanager (category:base,tabindex:10)
2024-12-25 14:58:55,343 [INFO] PluginManage:310 - Check plugin ipmanager
2024-12-25 14:58:55,354 [INFO] PluginManage:359 - Loaded plugin ipmanager (category:base,tabindex:5)
2024-12-25 14:58:55,354 [INFO] PluginManage:310 - Check plugin lpbam
2024-12-25 14:58:55,382 [INFO] PluginManage:359 - Loaded plugin lpbam (category:base,tabindex:0)
2024-12-25 14:58:55,382 [INFO] PluginManage:310 - Check plugin memorymap
2024-12-25 14:58:55,416 [INFO] PluginManage:359 - Loaded plugin memorymap (category:base,tabindex:4)
2024-12-25 14:58:55,416 [INFO] PluginManage:310 - Check plugin pinoutandconfiguration
2024-12-25 14:58:55,444 [INFO] PluginManage:359 - Loaded plugin pinoutandconfiguration (category:base,tabindex:1)
2024-12-25 14:58:55,444 [INFO] PluginManage:310 - Check plugin pinoutconfig
2024-12-25 14:58:55,566 [WARN] SupportedApi:132 - Cannot load RTOS API schema: s4s-elt-must-match.1: The content of 'definitions' must match (annotation?, (simpleType | complexType)?, (unique | key | keyref)*)). A problem was found starting at: attribute.
2024-12-25 14:58:55,737 [INFO] PluginManage:359 - Loaded plugin pinoutconfig (category:base,tabindex:0)
2024-12-25 14:58:55,737 [INFO] PluginManage:310 - Check plugin power
2024-12-25 14:58:55,774 [INFO] PluginManage:359 - Loaded plugin power (category:power,tabindex:4)
2024-12-25 14:58:55,774 [INFO] PluginManage:310 - Check plugin projectmanager
2024-12-25 14:58:55,795 [INFO] PluginManage:359 - Loaded plugin projectmanager (category:projectmanager,tabindex:4)
2024-12-25 14:58:55,795 [INFO] PluginManage:310 - Check plugin rif
2024-12-25 14:58:55,819 [INFO] PluginManage:359 - Loaded plugin rif (category:base,tabindex:3)
2024-12-25 14:58:55,820 [INFO] PluginManage:310 - Check plugin thirdparty
2024-12-25 14:58:56,221 [INFO] PluginManage:359 - Loaded plugin thirdparty (category:base,tabindex:-1)
2024-12-25 14:58:56,221 [WARN] IntegrityCheckThread:84 - waiting for thirdparty lock release [integrity check]
2024-12-25 14:58:56,221 [INFO] PluginManage:310 - Check plugin tools
2024-12-25 14:58:56,221 [INFO] IntegrityCheckThread:86 - entering critical section [integrity check]
2024-12-25 14:58:56,222 [INFO] ThirdPartyUpdaterWithRetryManager:70 - Updater plugin not ready yet. [1/15]
2024-12-25 14:58:56,280 [INFO] PluginManage:359 - Loaded plugin tools (category:base,tabindex:7)
2024-12-25 14:58:56,280 [INFO] PluginManage:310 - Check plugin tutovideos
2024-12-25 14:58:56,556 [INFO] PluginManage:359 - Loaded plugin tutovideos (category:base,tabindex:-1)
2024-12-25 14:58:56,556 [INFO] PluginManage:310 - Check plugin updater
2024-12-25 14:58:56,579 [INFO] PluginManage:359 - Loaded plugin updater (category:base,tabindex:12)
2024-12-25 14:58:56,579 [INFO] PluginManage:310 - Check plugin userauth
2024-12-25 14:58:56,587 [INFO] UserAuth:113 - Init User Auth plugin
2024-12-25 14:58:56,587 [INFO] PluginManage:359 - Loaded plugin userauth (category:base,tabindex:14)
2024-12-25 14:58:56,588 [INFO] PluginManage:283 - PluginManage : Loaded plugins [18]
2024-12-25 14:58:56,854 [INFO] PinOutPanel:1561 - setPackage(No Configuration,No Configuration)
2024-12-25 14:58:56,965 [INFO] CADModel:165 - CPN selected for project level
2024-12-25 14:58:56,966 [INFO] CADModel:114 - Register for checkConnection events
2024-12-25 14:58:57,003 [INFO] IPUIPlugin:80 - create IPUIPlugin
2024-12-25 14:58:57,003 [INFO] PluginManager:220 - loadIPPluginJar : add adc
2024-12-25 14:58:57,061 [INFO] IPUIPlugin:80 - create IPUIPlugin
2024-12-25 14:58:57,061 [INFO] PluginManager:220 - loadIPPluginJar : add aes
2024-12-25 14:58:57,128 [INFO] IPUIPlugin:80 - create IPUIPlugin
2024-12-25 14:58:57,128 [INFO] PluginManager:220 - loadIPPluginJar : add can
2024-12-25 14:58:57,167 [INFO] IPUIPlugin:80 - create IPUIPlugin
2024-12-25 14:58:57,167 [INFO] PluginManager:220 - loadIPPluginJar : add comp
2024-12-25 14:58:57,221 [INFO] IPUIPlugin:80 - create IPUIPlugin
2024-12-25 14:58:57,221 [INFO] PluginManager:220 - loadIPPluginJar : add cryp
2024-12-25 14:58:57,241 [INFO] IPUIPlugin:80 - create IPUIPlugin
2024-12-25 14:58:57,241 [INFO] PluginManager:220 - loadIPPluginJar : add ddr_ctrl_phy
2024-12-25 14:58:57,300 [INFO] IPUIPlugin:80 - create IPUIPlugin
2024-12-25 14:58:57,300 [INFO] PluginManager:220 - loadIPPluginJar : add dfsdm
2024-12-25 14:58:57,321 [INFO] IPUIPlugin:80 - create IPUIPlugin
2024-12-25 14:58:57,321 [INFO] PluginManager:220 - loadIPPluginJar : add dma
2024-12-25 14:58:57,395 [INFO] IPUIPlugin:80 - create IPUIPlugin
2024-12-25 14:58:57,395 [INFO] PluginManager:220 - loadIPPluginJar : add dma3
2024-12-25 14:58:57,465 [INFO] IPUIPlugin:80 - create IPUIPlugin
2024-12-25 14:58:57,466 [INFO] PluginManager:220 - loadIPPluginJar : add extmemmanager
2024-12-25 14:58:57,502 [INFO] IPUIPlugin:80 - create IPUIPlugin
2024-12-25 14:58:57,502 [INFO] PluginManager:220 - loadIPPluginJar : add fatfs
2024-12-25 14:58:57,578 [INFO] IPUIPlugin:80 - create IPUIPlugin
2024-12-25 14:58:57,579 [INFO] PluginManager:220 - loadIPPluginJar : add fmc
2024-12-25 14:58:57,603 [INFO] IPUIPlugin:80 - create IPUIPlugin
2024-12-25 14:58:57,603 [INFO] PluginManager:220 - loadIPPluginJar : add freertos
2024-12-25 14:58:57,637 [INFO] IPUIPlugin:80 - create IPUIPlugin
2024-12-25 14:58:57,638 [INFO] PluginManager:220 - loadIPPluginJar : add genericplugin
2024-12-25 14:58:57,795 [INFO] IPUIPlugin:80 - create IPUIPlugin
2024-12-25 14:58:57,795 [INFO] PluginManager:220 - loadIPPluginJar : add gfxmmu
2024-12-25 14:58:58,026 [INFO] IPUIPlugin:80 - create IPUIPlugin
2024-12-25 14:58:58,026 [INFO] PluginManager:220 - loadIPPluginJar : add gic
2024-12-25 14:58:58,046 [INFO] IPUIPlugin:80 - create IPUIPlugin
2024-12-25 14:58:58,046 [INFO] PluginManager:220 - loadIPPluginJar : add gpio
2024-12-25 14:58:58,196 [INFO] IPUIPlugin:80 - create IPUIPlugin
2024-12-25 14:58:58,196 [INFO] PluginManager:220 - loadIPPluginJar : add gtzc
2024-12-25 14:58:58,249 [INFO] IPUIPlugin:80 - create IPUIPlugin
2024-12-25 14:58:58,249 [INFO] PluginManager:220 - loadIPPluginJar : add hash
2024-12-25 14:58:58,334 [INFO] IPUIPlugin:80 - create IPUIPlugin
2024-12-25 14:58:58,335 [INFO] PluginManager:220 - loadIPPluginJar : add i2c
2024-12-25 14:58:58,400 [INFO] IPUIPlugin:80 - create IPUIPlugin
2024-12-25 14:58:58,400 [INFO] PluginManager:220 - loadIPPluginJar : add i2s
2024-12-25 14:58:58,466 [INFO] IPUIPlugin:80 - create IPUIPlugin
2024-12-25 14:58:58,466 [INFO] PluginManager:220 - loadIPPluginJar : add i3c
2024-12-25 14:58:58,627 [INFO] IPUIPlugin:80 - create IPUIPlugin
2024-12-25 14:58:58,628 [INFO] PluginManager:220 - loadIPPluginJar : add ipddr
2024-12-25 14:58:58,785 [INFO] IPUIPlugin:80 - create IPUIPlugin
2024-12-25 14:58:58,786 [INFO] PluginManager:220 - loadIPPluginJar : add linkedlist
2024-12-25 14:58:58,845 [INFO] IPUIPlugin:80 - create IPUIPlugin
2024-12-25 14:58:58,846 [INFO] PluginManager:220 - loadIPPluginJar : add lorawan
2024-12-25 14:58:58,906 [INFO] IPUIPlugin:80 - create IPUIPlugin
2024-12-25 14:58:58,906 [INFO] PluginManager:220 - loadIPPluginJar : add ltdc
2024-12-25 14:58:58,930 [INFO] IPUIPlugin:80 - create IPUIPlugin
2024-12-25 14:58:58,930 [INFO] PluginManager:220 - loadIPPluginJar : add mdma
2024-12-25 14:58:58,950 [INFO] IPUIPlugin:80 - create IPUIPlugin
2024-12-25 14:58:58,950 [INFO] PluginManager:220 - loadIPPluginJar : add nvic
2024-12-25 14:58:59,010 [INFO] IPUIPlugin:80 - create IPUIPlugin
2024-12-25 14:58:59,010 [INFO] PluginManager:220 - loadIPPluginJar : add opamp
2024-12-25 14:58:59,116 [INFO] IPUIPlugin:80 - create IPUIPlugin
2024-12-25 14:58:59,116 [INFO] PluginManager:220 - loadIPPluginJar : add openamp
2024-12-25 14:58:59,187 [INFO] IPUIPlugin:80 - create IPUIPlugin
2024-12-25 14:58:59,188 [INFO] PluginManager:220 - loadIPPluginJar : add pdm2pcm
2024-12-25 14:58:59,210 [INFO] IPUIPlugin:80 - create IPUIPlugin
2024-12-25 14:58:59,213 [INFO] PluginManager:220 - loadIPPluginJar : add plateformsettings
2024-12-25 14:58:59,223 [INFO] ThirdPartyUpdaterWithRetryManager:70 - Updater plugin not ready yet. [2/15]
2024-12-25 14:58:59,251 [INFO] IPUIPlugin:80 - create IPUIPlugin
2024-12-25 14:58:59,251 [INFO] PluginManager:220 - loadIPPluginJar : add quadspi
2024-12-25 14:58:59,294 [INFO] IPUIPlugin:80 - create IPUIPlugin
2024-12-25 14:58:59,295 [INFO] PluginManager:220 - loadIPPluginJar : add radio
2024-12-25 14:58:59,318 [INFO] IPUIPlugin:80 - create IPUIPlugin
2024-12-25 14:58:59,318 [INFO] PluginManager:220 - loadIPPluginJar : add resmgrutility
2024-12-25 14:58:59,399 [INFO] IPUIPlugin:80 - create IPUIPlugin
2024-12-25 14:58:59,399 [INFO] PluginManager:220 - loadIPPluginJar : add sai
2024-12-25 14:58:59,461 [INFO] IPUIPlugin:80 - create IPUIPlugin
2024-12-25 14:58:59,461 [INFO] PluginManager:220 - loadIPPluginJar : add spi
2024-12-25 14:58:59,573 [INFO] IPUIPlugin:80 - create IPUIPlugin
2024-12-25 14:58:59,573 [INFO] PluginManager:220 - loadIPPluginJar : add stm32_wpan
2024-12-25 14:58:59,611 [INFO] IPUIPlugin:80 - create IPUIPlugin
2024-12-25 14:58:59,612 [INFO] PluginManager:220 - loadIPPluginJar : add tim
2024-12-25 14:58:59,729 [INFO] IPUIPlugin:80 - create IPUIPlugin
2024-12-25 14:58:59,729 [INFO] PluginManager:220 - loadIPPluginJar : add touchsensing
2024-12-25 14:58:59,772 [INFO] IPUIPlugin:80 - create IPUIPlugin
2024-12-25 14:58:59,772 [INFO] PluginManager:220 - loadIPPluginJar : add tracer_emb
2024-12-25 14:58:59,815 [INFO] IPUIPlugin:80 - create IPUIPlugin
2024-12-25 14:58:59,815 [INFO] PluginManager:220 - loadIPPluginJar : add ts
2024-12-25 14:58:59,852 [INFO] IPUIPlugin:80 - create IPUIPlugin
2024-12-25 14:58:59,852 [INFO] PluginManager:220 - loadIPPluginJar : add tsc
2024-12-25 14:58:59,889 [INFO] IPUIPlugin:80 - create IPUIPlugin
2024-12-25 14:58:59,889 [INFO] PluginManager:220 - loadIPPluginJar : add ucpd
2024-12-25 14:58:59,960 [INFO] IPUIPlugin:80 - create IPUIPlugin
2024-12-25 14:58:59,960 [INFO] PluginManager:220 - loadIPPluginJar : add usart
2024-12-25 14:59:00,037 [INFO] IPUIPlugin:80 - create IPUIPlugin
2024-12-25 14:59:00,037 [INFO] PluginManager:220 - loadIPPluginJar : add usbx
2024-12-25 14:59:00,178 [INFO] CADModel:165 - CPN selected for project level
2024-12-25 14:59:00,178 [INFO] CADModel:114 - Register for checkConnection events
2024-12-25 14:59:00,179 [FATAL] Updater:334 - Updater called before beeing initialized
2024-12-25 14:59:00,179 [ERROR] CADModel:125 - Updater not yet initialized, retry later 
2024-12-25 14:59:00,356 [INFO] CADModel:165 - CPN selected for project level
2024-12-25 14:59:00,356 [INFO] CADModel:114 - Register for checkConnection events
2024-12-25 14:59:00,356 [FATAL] Updater:334 - Updater called before beeing initialized
2024-12-25 14:59:00,356 [ERROR] CADModel:125 - Updater not yet initialized, retry later 
2024-12-25 14:59:00,360 [FATAL] Updater:334 - Updater called before beeing initialized
2024-12-25 14:59:00,491 [FATAL] Updater:334 - Updater called before beeing initialized
2024-12-25 14:59:00,506 [INFO] DbMcusAds:53 - JSON generation date=Fri Sep 20 18:34:23 IST 2024 (1726837463113)
2024-12-25 14:59:00,506 [FATAL] Updater:334 - Updater called before beeing initialized
2024-12-25 14:59:00,552 [WARN] DetailPanel:346 - Failed to get advertising image, set to default
2024-12-25 14:59:00,661 [FATAL] Updater:334 - Updater called before beeing initialized
2024-12-25 14:59:00,664 [FATAL] Updater:334 - Updater called before beeing initialized
2024-12-25 14:59:00,664 [FATAL] Updater:334 - Updater called before beeing initialized
2024-12-25 14:59:00,664 [WARN] DetailPanel:346 - Failed to get advertising image, set to default
2024-12-25 14:59:00,666 [FATAL] Updater:334 - Updater called before beeing initialized
2024-12-25 14:59:00,822 [ERROR] Updater:1164 - MainUpdater not yet initialized. External WinMGr cannot be set.
2024-12-25 14:59:00,841 [INFO] Updater:1100 - Updater Version found : 6.12.1
2024-12-25 14:59:00,865 [INFO] ApplicationProperties:184 - Using Application install path: C:\Users\Admin\STM32CubeIDE_1.16.1\STM32CubeIDE\plugins\com.st.stm32cube.common.mx_6.12.1.202409122256
2024-12-25 14:59:02,225 [INFO] ThirdPartyUpdaterWithRetryManager:70 - Updater plugin not ready yet. [3/15]
2024-12-25 14:59:02,464 [ERROR] LogOutputStream:75 - [STDERR_REDIRECT] Dec 25, 2024 2:59:02 PM java.util.prefs.WindowsPreferences <init>
2024-12-25 14:59:02,466 [ERROR] LogOutputStream:75 - [STDERR_REDIRECT] WARNING: Could not open/create prefs root node Software\JavaSoft\Prefs at root 0xffffffff80000002. Windows RegCreateKeyEx(...) returned error code 5.
2024-12-25 14:59:02,466 [ERROR] LogOutputStream:75 - [STDERR_REDIRECT] 
2024-12-25 14:59:02,849 [INFO] MainUpdater:2873 - connection check result : 10
2024-12-25 14:59:02,851 [INFO] MainUpdater:290 - Updater Check For Update Now.
2024-12-25 14:59:02,851 [INFO] MicroXplorer:498 - Change Database Version : DB.6.0.121
2024-12-25 14:59:02,888 [INFO] McuFinderGlobals:63 - Set McuFinder mode to 2 (CubeIDE integrated)
2024-12-25 14:59:02,902 [INFO] UserAuth:417 - Internet connection configuration mode: 1
2024-12-25 14:59:02,955 [INFO] JxBrowserEngine:152 - Initiate JxBrowser Engine with user profile folder
2024-12-25 14:59:03,209 [INFO] CheckServerUpdateThread:120 - End of CheckServer Thread
2024-12-25 14:59:05,525 [WARN] PackLoader:240 - Cannot read IP mode file for STMicroelectronics.FP-SNS-MOTENVWB1.1.4.0
2024-12-25 14:59:05,552 [WARN] PackLoader:240 - Cannot read IP mode file for STMicroelectronics.FP-ATR-ASTRA1.2.0.1
2024-12-25 14:59:05,576 [WARN] PackLoader:240 - Cannot read IP mode file for STMicroelectronics.X-CUBE-SMBUS.2.1.0
2024-12-25 14:59:05,603 [WARN] PackLoader:240 - Cannot read IP mode file for STMicroelectronics.X-CUBE-WB05N.1.1.0
2024-12-25 14:59:05,678 [WARN] PackLoader:240 - Cannot read IP mode file for STMicroelectronics.X-CUBE-AZRTOS-F7.1.1.0
2024-12-25 14:59:05,812 [WARN] PackLoader:240 - Cannot read IP mode file for STMicroelectronics.X-CUBE-MEMS1.11.0.0
2024-12-25 14:59:06,072 [WARN] PackLoader:240 - Cannot read IP mode file for STMicroelectronics.FP-SNS-FLIGHT1.5.0.2
2024-12-25 14:59:06,105 [WARN] PackLoader:240 - Cannot read IP mode file for STMicroelectronics.X-CUBE-DISPLAY.3.0.0
2024-12-25 14:59:06,137 [WARN] PackLoader:240 - Cannot read IP mode file for STMicroelectronics.X-CUBE-BLE1.7.0.0
2024-12-25 14:59:06,165 [WARN] PackLoader:240 - Cannot read IP mode file for STMicroelectronics.X-CUBE-NFC10.1.0.0
2024-12-25 14:59:06,209 [WARN] PackLoader:240 - Cannot read IP mode file for STMicroelectronics.X-CUBE-BLEMGR.4.0.0
2024-12-25 14:59:06,238 [WARN] PackLoader:240 - Cannot read IP mode file for emotas.I-CUBE-CANOPEN.1.3.0
2024-12-25 14:59:06,274 [WARN] PackLoader:240 - Cannot read IP mode file for STMicroelectronics.X-CUBE-BLEMGR.3.1.0
2024-12-25 14:59:06,305 [WARN] PackLoader:240 - Cannot read IP mode file for STMicroelectronics.FP-SNS-SMARTAG2.1.2.0
2024-12-25 14:59:06,431 [WARN] PackLoader:240 - Cannot read IP mode file for STMicroelectronics.X-CUBE-MEMS1.11.1.0
2024-12-25 14:59:06,711 [INFO] LogOutputStream:77 - [STDOUT_REDIRECT] 1 : Invalid condition id : UX_CORESTACK_Condition cause : null
2024-12-25 14:59:06,712 [INFO] LogOutputStream:77 - [STDOUT_REDIRECT] 1 : Invalid condition id : UX_CORESTACK_Condition cause : null
2024-12-25 14:59:06,714 [INFO] LogOutputStream:77 - [STDOUT_REDIRECT] 1 : Invalid condition id : UX_CORESTACK_Condition cause : null
2024-12-25 14:59:06,716 [INFO] LogOutputStream:77 - [STDOUT_REDIRECT] 1 : Invalid condition id : UX_CORESTACK_Condition cause : null
2024-12-25 14:59:06,717 [INFO] LogOutputStream:77 - [STDOUT_REDIRECT] 1 : Invalid condition id : UX_CORESTACK_Condition cause : null
2024-12-25 14:59:06,721 [WARN] PackLoader:240 - Cannot read IP mode file for STMicroelectronics.X-CUBE-AZRTOS-WL.2.0.0
2024-12-25 14:59:06,750 [WARN] PackLoader:240 - Cannot read IP mode file for STMicroelectronics.FP-SNS-MOTENV1.5.0.0
2024-12-25 14:59:06,774 [WARN] PackLoader:240 - Cannot read IP mode file for wolfSSL.I-CUBE-wolfMQTT.1.19.0
2024-12-25 14:59:06,804 [WARN] PackLoader:240 - Cannot read IP mode file for WES.I-CUBE-Cesium.1.3.0
2024-12-25 14:59:06,830 [WARN] PackLoader:240 - Cannot read IP mode file for STMicroelectronics.X-CUBE-BLE2.3.3.0
2024-12-25 14:59:06,860 [WARN] PackLoader:240 - Cannot read IP mode file for STMicroelectronics.X-CUBE-NFC9.1.0.0
2024-12-25 14:59:06,890 [WARN] PackLoader:240 - Cannot read IP mode file for STMicroelectronics.X-CUBE-TCPP.4.1.0
2024-12-25 14:59:06,940 [WARN] PackLoader:240 - Cannot read IP mode file for STMicroelectronics.X-CUBE-AZRTOS-G0.1.1.0
2024-12-25 14:59:06,967 [WARN] PackLoader:240 - Cannot read IP mode file for STMicroelectronics.X-CUBE-SAFEA1.1.2.2
2024-12-25 14:59:06,996 [WARN] PackLoader:240 - Cannot read IP mode file for STMicroelectronics.X-CUBE-NFC4.3.0.0
2024-12-25 14:59:07,021 [WARN] PackLoader:240 - Cannot read IP mode file for EmbeddedOffice.I-CUBE-FS-RTOS.1.0.1
2024-12-25 14:59:07,022 [ERROR] ConditionMgr:805 - Attr not supported : Dmpu
2024-12-25 14:59:07,022 [ERROR] ConditionMgr:805 - Attr not supported : Dmpu
2024-12-25 14:59:07,022 [ERROR] ConditionMgr:805 - Attr not supported : Dmpu
2024-12-25 14:59:07,022 [ERROR] ConditionMgr:805 - Attr not supported : Dmpu
2024-12-25 14:59:07,022 [ERROR] ConditionMgr:805 - Attr not supported : Dmpu
2024-12-25 14:59:07,022 [ERROR] ConditionMgr:805 - Attr not supported : Dmpu
2024-12-25 14:59:07,022 [ERROR] ConditionMgr:805 - Attr not supported : Dmpu
2024-12-25 14:59:07,022 [ERROR] ConditionMgr:805 - Attr not supported : Dmpu
2024-12-25 14:59:07,022 [ERROR] ConditionMgr:805 - Attr not supported : Dmpu
2024-12-25 14:59:07,022 [ERROR] ConditionMgr:805 - Attr not supported : Dmpu
2024-12-25 14:59:07,022 [ERROR] ConditionMgr:805 - Attr not supported : Dmpu
2024-12-25 14:59:07,022 [ERROR] ConditionMgr:805 - Attr not supported : Dmpu
2024-12-25 14:59:07,023 [ERROR] ConditionMgr:805 - Attr not supported : Dmpu
2024-12-25 14:59:07,023 [ERROR] ConditionMgr:805 - Attr not supported : Dmpu
2024-12-25 14:59:07,023 [ERROR] ConditionMgr:805 - Attr not supported : Dmpu
2024-12-25 14:59:07,023 [ERROR] ConditionMgr:805 - Attr not supported : Dmpu
2024-12-25 14:59:07,023 [ERROR] ConditionMgr:805 - Attr not supported : Dmpu
2024-12-25 14:59:07,023 [ERROR] ConditionMgr:805 - Attr not supported : Dmpu
2024-12-25 14:59:07,023 [ERROR] ConditionMgr:805 - Attr not supported : Dmpu
2024-12-25 14:59:07,023 [ERROR] ConditionMgr:805 - Attr not supported : Dmpu
2024-12-25 14:59:07,023 [ERROR] ConditionMgr:805 - Attr not supported : Dmpu
2024-12-25 14:59:07,023 [ERROR] ConditionMgr:805 - Attr not supported : Dmpu
2024-12-25 14:59:07,023 [ERROR] ConditionMgr:805 - Attr not supported : Dmpu
2024-12-25 14:59:07,023 [ERROR] ConditionMgr:805 - Attr not supported : Dmpu
2024-12-25 14:59:07,024 [ERROR] ConditionMgr:805 - Attr not supported : Dmpu
2024-12-25 14:59:07,024 [ERROR] ConditionMgr:805 - Attr not supported : Dmpu
2024-12-25 14:59:07,024 [ERROR] ConditionMgr:805 - Attr not supported : Dmpu
2024-12-25 14:59:07,024 [ERROR] ConditionMgr:805 - Attr not supported : Dmpu
2024-12-25 14:59:07,024 [ERROR] ConditionMgr:805 - Attr not supported : Dmpu
2024-12-25 14:59:07,024 [ERROR] ConditionMgr:805 - Attr not supported : Dmpu
2024-12-25 14:59:07,024 [ERROR] ConditionMgr:805 - Attr not supported : Dmpu
2024-12-25 14:59:07,024 [ERROR] ConditionMgr:805 - Attr not supported : Dmpu
2024-12-25 14:59:07,024 [ERROR] ConditionMgr:805 - Attr not supported : Dmpu
2024-12-25 14:59:07,024 [ERROR] ConditionMgr:805 - Attr not supported : Dmpu
2024-12-25 14:59:07,024 [ERROR] ConditionMgr:805 - Attr not supported : Dmpu
2024-12-25 14:59:07,024 [ERROR] ConditionMgr:805 - Attr not supported : Dmpu
2024-12-25 14:59:07,024 [ERROR] ConditionMgr:805 - Attr not supported : Dmpu
2024-12-25 14:59:07,025 [ERROR] ConditionMgr:805 - Attr not supported : Dmpu
2024-12-25 14:59:07,025 [ERROR] ConditionMgr:805 - Attr not supported : Dmpu
2024-12-25 14:59:07,025 [ERROR] ConditionMgr:805 - Attr not supported : Dmpu
2024-12-25 14:59:07,025 [ERROR] ConditionMgr:805 - Attr not supported : Dmpu
2024-12-25 14:59:07,025 [ERROR] ConditionMgr:805 - Attr not supported : Dmpu
2024-12-25 14:59:07,025 [ERROR] ConditionMgr:805 - Attr not supported : Dmpu
2024-12-25 14:59:07,025 [ERROR] ConditionMgr:805 - Attr not supported : Dmpu
2024-12-25 14:59:07,025 [ERROR] ConditionMgr:805 - Attr not supported : Dmpu
2024-12-25 14:59:07,025 [ERROR] ConditionMgr:805 - Attr not supported : Dmpu
2024-12-25 14:59:07,025 [ERROR] ConditionMgr:805 - Attr not supported : Dmpu
2024-12-25 14:59:07,025 [ERROR] ConditionMgr:805 - Attr not supported : Dmpu
2024-12-25 14:59:07,025 [ERROR] ConditionMgr:805 - Attr not supported : Dmpu
2024-12-25 14:59:07,025 [ERROR] ConditionMgr:805 - Attr not supported : Dmpu
2024-12-25 14:59:07,025 [ERROR] ConditionMgr:805 - Attr not supported : Dmpu
2024-12-25 14:59:07,026 [ERROR] ConditionMgr:805 - Attr not supported : Dmpu
2024-12-25 14:59:07,026 [ERROR] ConditionMgr:805 - Attr not supported : Dmpu
2024-12-25 14:59:07,026 [ERROR] ConditionMgr:805 - Attr not supported : Dmpu
2024-12-25 14:59:07,026 [ERROR] ConditionMgr:805 - Attr not supported : Dmpu
2024-12-25 14:59:07,026 [ERROR] ConditionMgr:805 - Attr not supported : Dmpu
2024-12-25 14:59:07,026 [ERROR] ConditionMgr:805 - Attr not supported : Dmpu
2024-12-25 14:59:07,026 [ERROR] ConditionMgr:805 - Attr not supported : Dmpu
2024-12-25 14:59:07,026 [ERROR] ConditionMgr:805 - Attr not supported : Dmpu
2024-12-25 14:59:07,026 [ERROR] ConditionMgr:805 - Attr not supported : Dmpu
2024-12-25 14:59:07,026 [ERROR] ConditionMgr:805 - Attr not supported : Dmpu
2024-12-25 14:59:07,026 [ERROR] ConditionMgr:805 - Attr not supported : Dmpu
2024-12-25 14:59:07,026 [ERROR] ConditionMgr:805 - Attr not supported : Dmpu
2024-12-25 14:59:07,026 [ERROR] ConditionMgr:805 - Attr not supported : Dmpu
2024-12-25 14:59:07,047 [ERROR] Engine:466 - C:\Users\Admin\.stm32cubemx\thirdparties\pdsc\STMicroelectronics.X-CUBE-TCPP.4.2.0.pdsc: PDSC version is not supported
2024-12-25 14:59:07,072 [WARN] PackLoader:240 - Cannot read IP mode file for RealThread.X-CUBE-RT-Thread_Nano.4.1.1
2024-12-25 14:59:07,095 [WARN] PackLoader:240 - Cannot read IP mode file for STMicroelectronics.FP-ATR-SIGFOX1.3.2.0
2024-12-25 14:59:07,119 [WARN] ConditionMgr:438 - getConditionDescription Invalid condition id : Cortex-A Device cause : null
2024-12-25 14:59:07,160 [WARN] ConditionMgr:1039 - genDependencies : Invalid condition id : Cortex-A Device cause : null
2024-12-25 14:59:07,160 [WARN] ConditionMgr:1039 - genDependencies : Invalid condition id : Cortex-A Device cause : null
2024-12-25 14:59:07,160 [WARN] ConditionMgr:1039 - genDependencies : Invalid condition id : Cortex-A Device cause : null
2024-12-25 14:59:07,187 [WARN] PackLoader:240 - Cannot read IP mode file for STMicroelectronics.X-CUBE-EEPRMA1.5.1.0
2024-12-25 14:59:07,218 [WARN] PackLoader:240 - Cannot read IP mode file for wolfSSL.I-CUBE-wolfSSL.5.7.4
2024-12-25 14:59:07,247 [WARN] PackLoader:240 - Cannot read IP mode file for ITTIA_DB.I-CUBE-ITTIADB.8.9.0
2024-12-25 14:59:07,311 [WARN] PackLoader:240 - Cannot read IP mode file for SEGGER.I-CUBE-embOS.1.3.1
2024-12-25 14:59:07,379 [WARN] PackLoader:240 - Cannot read IP mode file for STMicroelectronics.X-CUBE-ALGOBUILD.1.4.0
2024-12-25 14:59:07,403 [WARN] PackLoader:240 - Cannot read IP mode file for STMicroelectronics.X-CUBE-AI.9.1.0
2024-12-25 14:59:07,457 [WARN] PackLoader:240 - Cannot read IP mode file for STMicroelectronics.X-CUBE-AZRTOS-F4.1.1.0
2024-12-25 14:59:07,481 [WARN] PackLoader:240 - Cannot read IP mode file for STMicroelectronics.X-CUBE-ISPU.2.1.0
2024-12-25 14:59:07,507 [WARN] PackLoader:240 - Cannot read IP mode file for STMicroelectronics.X-CUBE-FREERTOS.1.2.0
2024-12-25 14:59:07,575 [WARN] PackLoader:240 - Cannot read IP mode file for STMicroelectronics.X-CUBE-AZRTOS-L5.2.0.0
2024-12-25 14:59:07,614 [WARN] PackLoader:240 - Cannot read IP mode file for STMicroelectronics.X-CUBE-NFC6.3.1.0
2024-12-25 14:59:07,650 [WARN] PackLoader:240 - Cannot read IP mode file for STMicroelectronics.X-CUBE-DPower.1.2.0
2024-12-25 14:59:07,681 [WARN] PackLoader:240 - Cannot read IP mode file for STMicroelectronics.X-CUBE-AI.9.0.0
2024-12-25 14:59:07,722 [WARN] PackLoader:240 - Cannot read IP mode file for STMicroelectronics.X-CUBE-FREERTOS.1.3.0
2024-12-25 14:59:07,755 [WARN] PackLoader:240 - Cannot read IP mode file for STMicroelectronics.X-CUBE-NFC7.1.0.1
2024-12-25 14:59:07,808 [WARN] ConditionMgr:438 - getConditionDescription Invalid condition id : LAN8742 Phy interface Condition cause : null
2024-12-25 14:59:07,809 [WARN] PackLoader:240 - Cannot read IP mode file for STMicroelectronics.X-CUBE-AZRTOS-L4.2.0.0
2024-12-25 14:59:07,812 [WARN] ConditionMgr:1039 - genDependencies : Invalid condition id : LAN8742 Phy interface Condition cause : null
2024-12-25 14:59:07,812 [WARN] ConditionMgr:1039 - genDependencies : Invalid condition id : LAN8742 Phy interface Condition cause : null
2024-12-25 14:59:07,813 [WARN] ConditionMgr:1039 - genDependencies : Invalid condition id : LAN8742 Phy interface Condition cause : null
2024-12-25 14:59:07,848 [WARN] PackLoader:240 - Cannot read IP mode file for STMicroelectronics.X-CUBE-SFXS2LP1.4.0.0
2024-12-25 14:59:07,903 [WARN] PackLoader:240 - Cannot read IP mode file for STMicroelectronics.X-CUBE-AZRTOS-H7.3.3.0
2024-12-25 14:59:07,949 [WARN] PackLoader:240 - Cannot read IP mode file for STMicroelectronics.X-CUBE-IPS.3.0.0
2024-12-25 14:59:07,992 [WARN] ConditionMgr:438 - getConditionDescription Invalid condition id : UX DEVICE CLASS RTOS Condition cause : null
2024-12-25 14:59:07,993 [WARN] ConditionMgr:438 - getConditionDescription Invalid condition id : UX DEVICE CLASS RTOS Condition cause : null
2024-12-25 14:59:07,996 [WARN] PackLoader:240 - Cannot read IP mode file for STMicroelectronics.X-CUBE-AZRTOS-WB.2.0.0
2024-12-25 14:59:07,998 [WARN] ConditionMgr:1039 - genDependencies : Invalid condition id : UX DEVICE CLASS RTOS Condition cause : null
2024-12-25 14:59:07,998 [WARN] ConditionMgr:1039 - genDependencies : Invalid condition id : UX DEVICE CLASS RTOS Condition cause : null
2024-12-25 14:59:07,999 [WARN] ConditionMgr:1039 - genDependencies : Invalid condition id : UX DEVICE CLASS RTOS Condition cause : null
2024-12-25 14:59:08,000 [WARN] ConditionMgr:1039 - genDependencies : Invalid condition id : UX DEVICE CLASS RTOS Condition cause : null
2024-12-25 14:59:08,000 [WARN] ConditionMgr:1039 - genDependencies : Invalid condition id : UX DEVICE CLASS RTOS Condition cause : null
2024-12-25 14:59:08,024 [WARN] PackLoader:240 - Cannot read IP mode file for STMicroelectronics.X-CUBE-GNSS1.7.0.0
2024-12-25 14:59:08,046 [WARN] PackLoader:240 - Cannot read IP mode file for STMicroelectronics.X-CUBE-GNSS1.7.0.1
2024-12-25 14:59:08,075 [WARN] PackLoader:240 - Cannot read IP mode file for STMicroelectronics.FP-SNS-STBOX1.2.0.0
2024-12-25 14:59:08,111 [WARN] PackLoader:240 - Cannot read IP mode file for STMicroelectronics.X-CUBE-SUBG2.5.0.0
2024-12-25 14:59:08,138 [WARN] PackLoader:240 - Cannot read IP mode file for Cesanta.I-CUBE-Mongoose.7.13.0
2024-12-25 14:59:08,181 [WARN] PackLoader:240 - Cannot read IP mode file for STMicroelectronics.X-CUBE-AZRTOS-G4.2.0.0
2024-12-25 14:59:08,201 [WARN] PackLoader:240 - Cannot read IP mode file for STMicroelectronics.X-CUBE-ALS.1.0.2
2024-12-25 14:59:08,227 [WARN] PackLoader:240 - Cannot read IP mode file for STMicroelectronics.X-CUBE-TOUCHGFX.4.24.1
2024-12-25 14:59:08,247 [WARN] PackLoader:240 - Cannot read IP mode file for wolfSSL.I-CUBE-wolfTPM.3.4.0
2024-12-25 14:59:08,271 [WARN] PackLoader:240 - Cannot read IP mode file for portGmbH.I-Cube-SoM-uGOAL.1.1.0
2024-12-25 14:59:08,326 [WARN] PackLoader:240 - Cannot read IP mode file for STMicroelectronics.X-CUBE-AZRTOS-H7RS.1.0.0
2024-12-25 14:59:08,356 [WARN] PackLoader:240 - Cannot read IP mode file for STMicroelectronics.FP-ATR-ASTRA1.2.0.0
2024-12-25 14:59:08,390 [WARN] PackLoader:240 - Cannot read IP mode file for STMicroelectronics.X-CUBE-TOF1.3.4.2
2024-12-25 14:59:08,464 [WARN] PackLoader:240 - Cannot read IP mode file for Infineon.AIROC-Wi-Fi-Bluetooth-STM32.1.6.1
2024-12-25 14:59:08,491 [WARN] PackLoader:240 - Cannot read IP mode file for wolfSSL.I-CUBE-wolfSSH.1.4.17
2024-12-25 14:59:08,492 [INFO] ThirdParty:978 - Integrity check success = true
2024-12-25 14:59:08,493 [INFO] IntegrityCheckThread:100 - exiting critical section [integrity check]
2024-12-25 14:59:08,493 [INFO] IntegrityCheckThread:103 - End integrity checks thread
2024-12-25 14:59:12,225 [INFO] WebApp:167 - Instantiating new browser for Auth
2024-12-25 14:59:13,262 [INFO] WebApp:448 - Apply proxy settings
2024-12-25 14:59:13,263 [INFO] WebApp:533 - Chromium requires no authentication
2024-12-25 14:59:13,276 [INFO] WebApp:476 - Direct internet connection detected
2024-12-25 14:59:13,323 [INFO] WebApp:869 - Register for checkConnection events
2024-12-25 14:59:13,323 [INFO] WebApp:448 - Apply proxy settings
2024-12-25 14:59:13,323 [INFO] WebApp:533 - Chromium requires no authentication
2024-12-25 14:59:13,324 [INFO] WebApp:476 - Direct internet connection detected
2024-12-25 14:59:13,571 [INFO] WebApp:220 - Starting web application
2024-12-25 14:59:13,571 [INFO] WebApp:578 - Web application path used C:\Users\Admin\STM32CubeIDE_1.16.1\STM32CubeIDE\plugins\com.st.stm32cube.common.mx_6.12.1.202409122256\db\plugins\mcufinder\reactClient1\index.html
2024-12-25 14:59:14,008 [INFO] WebApp:186 - Connection restablished
2024-12-25 14:59:14,220 [INFO] UserAuth:417 - Internet connection configuration mode: 1
2024-12-25 17:52:26,738 [ERROR] LogOutputStream:75 - [STDERR_REDIRECT] 
