2024-09-22 14:01:56,902 [INFO] Activator:176 - 


2024-09-22 14:01:56,905 [INFO] Activator:177 - !SESSION log4j initialized
2024-09-22 14:02:00,105 [INFO] LogOutputStream:77 - [STDOUT_REDIRECT] 
2024-09-22 14:02:03,342 [INFO] ApplicationProperties:184 - Using Application install path: C:\Users\Admin\STM32CubeIDE_1.16.1\STM32CubeIDE\plugins\com.st.stm32cube.common.mx_6.12.1.202409122256
2024-09-22 14:02:03,378 [INFO] DbMcusXml:78 - Set database path to: C:\Users\Admin\STM32CubeIDE_1.16.1\STM32CubeIDE\plugins\com.st.stm32cube.common.mx_6.12.1.202409122256\\db\/mcu/
2024-09-22 14:02:03,379 [INFO] ApiDb:274 - Set plugin database path to: C:\Users\Admin\STM32CubeIDE_1.16.1\STM32CubeIDE\plugins\com.st.stm32cube.common.mx_6.12.1.202409122256\\db\/plugins/boardmanager/
2024-09-22 14:02:03,380 [WARN] ApiDb:259 - Overriding images path with different value:  => C:\Users\Admin\STM32CubeIDE_1.16.1\STM32CubeIDE\plugins\com.st.stm32cube.common.mx_6.12.1.202409122256\\db\/plugins/mcufinder/images/
2024-09-22 14:02:03,393 [INFO] ApiDb:250 - Set database path to: C:\Users\Admin\.stmcufinder\plugins\mcufinder//mcu/
2024-09-22 14:02:03,398 [INFO] DbMcusAds:125 - Set database path to: C:\Users\Admin\.stmcufinder\plugins\mcufinder//mcu/
2024-09-22 14:02:03,405 [INFO] CrossReferenceDbSqlite:203 - Set database path to: C:\Users\Admin\.stmcufinder\plugins\mcufinder//mcu/cs/
2024-09-22 14:02:03,719 [INFO] RulesReader:64 - Compatibility file has been processed (297 Rules)
2024-09-22 14:02:03,863 [INFO] DbMcusXml:78 - Set database path to: C:\Users\Admin\STM32CubeIDE_1.16.1\STM32CubeIDE\plugins\com.st.stm32cube.common.mx_6.12.1.202409122256\\db\/mcu/
2024-09-22 14:02:03,863 [INFO] ApiDb:274 - Set plugin database path to: C:\Users\Admin\STM32CubeIDE_1.16.1\STM32CubeIDE\plugins\com.st.stm32cube.common.mx_6.12.1.202409122256\\db\/plugins/boardmanager/
2024-09-22 14:02:03,864 [INFO] ApiDb:261 - Set plugin images path to: C:\Users\Admin\STM32CubeIDE_1.16.1\STM32CubeIDE\plugins\com.st.stm32cube.common.mx_6.12.1.202409122256\\db\/plugins/mcufinder/images/
2024-09-22 14:02:03,864 [WARN] DbFile:41 - Overriding database path with different value: C:\Users\Admin\.stmcufinder\plugins\mcufinder/ => C:\Users\Admin\.stmcufinder\plugins\mcufinder
2024-09-22 14:02:03,864 [INFO] ApiDb:250 - Set database path to: C:\Users\Admin\.stmcufinder\plugins\mcufinder//mcu/
2024-09-22 14:02:03,864 [WARN] DbFile:41 - Overriding database path with different value: C:\Users\Admin\.stmcufinder\plugins\mcufinder/ => C:\Users\Admin\.stmcufinder\plugins\mcufinder
2024-09-22 14:02:03,864 [INFO] DbMcusAds:125 - Set database path to: C:\Users\Admin\.stmcufinder\plugins\mcufinder//mcu/
2024-09-22 14:02:03,864 [WARN] DbFile:41 - Overriding database path with different value: C:\Users\Admin\.stmcufinder\plugins\mcufinder/ => C:\Users\Admin\.stmcufinder\plugins\mcufinder
2024-09-22 14:02:03,864 [WARN] DbFile:41 - Overriding database path with different value: C:\Users\Admin\.stmcufinder\plugins\mcufinder/ => C:\Users\Admin\.stmcufinder\plugins\mcufinder
2024-09-22 14:02:03,865 [INFO] CrossReferenceDbSqlite:203 - Set database path to: C:\Users\Admin\.stmcufinder\plugins\mcufinder//mcu/cs/
2024-09-22 14:02:04,005 [INFO] MainPanel:268 - HeapMemory: 268435456
2024-09-22 14:02:04,149 [INFO] DbMcusXml:78 - Set database path to: C:\Users\Admin\STM32CubeIDE_1.16.1\STM32CubeIDE\plugins\com.st.stm32cube.common.mx_6.12.1.202409122256\\db\/mcu/
2024-09-22 14:02:04,150 [INFO] ApiDb:274 - Set plugin database path to: C:\Users\Admin\STM32CubeIDE_1.16.1\STM32CubeIDE\plugins\com.st.stm32cube.common.mx_6.12.1.202409122256\\db\/plugins/boardmanager/
2024-09-22 14:02:04,150 [INFO] ApiDb:261 - Set plugin images path to: C:\Users\Admin\STM32CubeIDE_1.16.1\STM32CubeIDE\plugins\com.st.stm32cube.common.mx_6.12.1.202409122256\\db\/plugins/mcufinder/images/
2024-09-22 14:02:04,151 [WARN] DbFile:41 - Overriding database path with different value: C:\Users\Admin\.stmcufinder\plugins\mcufinder/ => C:\Users\Admin\.stmcufinder\plugins\mcufinder
2024-09-22 14:02:04,151 [INFO] ApiDb:250 - Set database path to: C:\Users\Admin\.stmcufinder\plugins\mcufinder//mcu/
2024-09-22 14:02:04,151 [WARN] DbFile:41 - Overriding database path with different value: C:\Users\Admin\.stmcufinder\plugins\mcufinder/ => C:\Users\Admin\.stmcufinder\plugins\mcufinder
2024-09-22 14:02:04,151 [INFO] DbMcusAds:125 - Set database path to: C:\Users\Admin\.stmcufinder\plugins\mcufinder//mcu/
2024-09-22 14:02:04,152 [WARN] DbFile:41 - Overriding database path with different value: C:\Users\Admin\.stmcufinder\plugins\mcufinder/ => C:\Users\Admin\.stmcufinder\plugins\mcufinder
2024-09-22 14:02:04,152 [WARN] DbFile:41 - Overriding database path with different value: C:\Users\Admin\.stmcufinder\plugins\mcufinder/ => C:\Users\Admin\.stmcufinder\plugins\mcufinder
2024-09-22 14:02:04,152 [INFO] CrossReferenceDbSqlite:203 - Set database path to: C:\Users\Admin\.stmcufinder\plugins\mcufinder//mcu/cs/
2024-09-22 14:02:04,182 [INFO] ApplicationProperties:184 - Using Application install path: C:\Users\Admin\STM32CubeIDE_1.16.1\STM32CubeIDE\plugins\com.st.stm32cube.common.mx_6.12.1.202409122256
2024-09-22 14:02:04,184 [INFO] PluginManage:196 - Search for loadable plugins [exclusion list=, ]
2024-09-22 14:02:04,188 [INFO] PluginManage:310 - Check plugin analytics
2024-09-22 14:02:04,481 [INFO] AnalyticsPlugin:253 - Accepted Software Licenses: 
2024-09-22 14:02:04,481 [INFO] AnalyticsPlugin:255 - Accepted CMSIS Pack Licenses: 
2024-09-22 14:02:04,482 [INFO] AnalyticsPlugin:257 - Accepted Firmware Licenses: 
2024-09-22 14:02:04,489 [INFO] PluginManage:359 - Loaded plugin analytics (category:tool,tabindex:-1)
2024-09-22 14:02:04,490 [INFO] PluginManage:310 - Check plugin cadmodel
2024-09-22 14:02:04,499 [INFO] CADModel:105 - Init CAD model plugin
2024-09-22 14:02:04,500 [INFO] PluginManage:359 - Loaded plugin cadmodel (category:power,tabindex:5)
2024-09-22 14:02:04,501 [INFO] PluginManage:310 - Check plugin clock
2024-09-22 14:02:04,516 [INFO] PluginManage:359 - Loaded plugin clock (category:base,tabindex:2)
2024-09-22 14:02:04,516 [INFO] PluginManage:310 - Check plugin ddr
2024-09-22 14:02:04,522 [INFO] PluginManage:359 - Loaded plugin ddr (category:tool,tabindex:6)
2024-09-22 14:02:04,522 [INFO] PluginManage:310 - Check plugin filemanager
2024-09-22 14:02:04,918 [INFO] PluginManage:359 - Loaded plugin filemanager (category:base,tabindex:10)
2024-09-22 14:02:04,919 [INFO] PluginManage:310 - Check plugin ipmanager
2024-09-22 14:02:04,967 [INFO] PluginManage:359 - Loaded plugin ipmanager (category:base,tabindex:5)
2024-09-22 14:02:04,967 [INFO] PluginManage:310 - Check plugin lpbam
2024-09-22 14:02:05,002 [INFO] PluginManage:359 - Loaded plugin lpbam (category:base,tabindex:0)
2024-09-22 14:02:05,003 [INFO] PluginManage:310 - Check plugin memorymap
2024-09-22 14:02:05,062 [INFO] PluginManage:359 - Loaded plugin memorymap (category:base,tabindex:4)
2024-09-22 14:02:05,062 [INFO] PluginManage:310 - Check plugin pinoutandconfiguration
2024-09-22 14:02:05,089 [INFO] PluginManage:359 - Loaded plugin pinoutandconfiguration (category:base,tabindex:1)
2024-09-22 14:02:05,090 [INFO] PluginManage:310 - Check plugin pinoutconfig
2024-09-22 14:02:05,287 [WARN] SupportedApi:132 - Cannot load RTOS API schema: s4s-elt-must-match.1: The content of 'definitions' must match (annotation?, (simpleType | complexType)?, (unique | key | keyref)*)). A problem was found starting at: attribute.
2024-09-22 14:02:05,588 [INFO] PluginManage:359 - Loaded plugin pinoutconfig (category:base,tabindex:0)
2024-09-22 14:02:05,589 [INFO] PluginManage:310 - Check plugin power
2024-09-22 14:02:05,606 [INFO] PluginManage:359 - Loaded plugin power (category:power,tabindex:4)
2024-09-22 14:02:05,607 [INFO] PluginManage:310 - Check plugin projectmanager
2024-09-22 14:02:05,641 [INFO] PluginManage:359 - Loaded plugin projectmanager (category:projectmanager,tabindex:4)
2024-09-22 14:02:05,642 [INFO] PluginManage:310 - Check plugin rif
2024-09-22 14:02:05,652 [INFO] PluginManage:359 - Loaded plugin rif (category:base,tabindex:3)
2024-09-22 14:02:05,652 [INFO] PluginManage:310 - Check plugin thirdparty
2024-09-22 14:02:05,863 [INFO] PluginManage:359 - Loaded plugin thirdparty (category:base,tabindex:-1)
2024-09-22 14:02:05,863 [WARN] IntegrityCheckThread:84 - waiting for thirdparty lock release [integrity check]
2024-09-22 14:02:05,864 [INFO] PluginManage:310 - Check plugin tools
2024-09-22 14:02:05,864 [INFO] IntegrityCheckThread:86 - entering critical section [integrity check]
2024-09-22 14:02:05,865 [INFO] ThirdPartyUpdaterWithRetryManager:70 - Updater plugin not ready yet. [1/15]
2024-09-22 14:02:05,868 [INFO] PluginManage:359 - Loaded plugin tools (category:base,tabindex:7)
2024-09-22 14:02:05,869 [INFO] PluginManage:310 - Check plugin tutovideos
2024-09-22 14:02:06,219 [INFO] PluginManage:359 - Loaded plugin tutovideos (category:base,tabindex:-1)
2024-09-22 14:02:06,219 [INFO] PluginManage:310 - Check plugin updater
2024-09-22 14:02:06,257 [INFO] PluginManage:359 - Loaded plugin updater (category:base,tabindex:12)
2024-09-22 14:02:06,259 [INFO] PluginManage:310 - Check plugin userauth
2024-09-22 14:02:06,270 [INFO] UserAuth:113 - Init User Auth plugin
2024-09-22 14:02:06,271 [INFO] PluginManage:359 - Loaded plugin userauth (category:base,tabindex:14)
2024-09-22 14:02:06,273 [INFO] PluginManage:283 - PluginManage : Loaded plugins [18]
2024-09-22 14:02:06,678 [INFO] PinOutPanel:1561 - setPackage(No Configuration,No Configuration)
2024-09-22 14:02:06,862 [INFO] CADModel:165 - CPN selected for project level
2024-09-22 14:02:06,863 [INFO] CADModel:114 - Register for checkConnection events
2024-09-22 14:02:06,899 [INFO] IPUIPlugin:80 - create IPUIPlugin
2024-09-22 14:02:06,899 [INFO] PluginManager:220 - loadIPPluginJar : add adc
2024-09-22 14:02:06,903 [INFO] IPUIPlugin:80 - create IPUIPlugin
2024-09-22 14:02:06,903 [INFO] PluginManager:220 - loadIPPluginJar : add aes
2024-09-22 14:02:06,910 [INFO] IPUIPlugin:80 - create IPUIPlugin
2024-09-22 14:02:06,910 [INFO] PluginManager:220 - loadIPPluginJar : add can
2024-09-22 14:02:06,913 [INFO] IPUIPlugin:80 - create IPUIPlugin
2024-09-22 14:02:06,913 [INFO] PluginManager:220 - loadIPPluginJar : add comp
2024-09-22 14:02:06,917 [INFO] IPUIPlugin:80 - create IPUIPlugin
2024-09-22 14:02:06,917 [INFO] PluginManager:220 - loadIPPluginJar : add cryp
2024-09-22 14:02:06,921 [INFO] IPUIPlugin:80 - create IPUIPlugin
2024-09-22 14:02:06,921 [INFO] PluginManager:220 - loadIPPluginJar : add ddr_ctrl_phy
2024-09-22 14:02:06,928 [INFO] IPUIPlugin:80 - create IPUIPlugin
2024-09-22 14:02:06,928 [INFO] PluginManager:220 - loadIPPluginJar : add dfsdm
2024-09-22 14:02:06,936 [INFO] IPUIPlugin:80 - create IPUIPlugin
2024-09-22 14:02:06,936 [INFO] PluginManager:220 - loadIPPluginJar : add dma
2024-09-22 14:02:06,944 [INFO] IPUIPlugin:80 - create IPUIPlugin
2024-09-22 14:02:06,944 [INFO] PluginManager:220 - loadIPPluginJar : add dma3
2024-09-22 14:02:06,948 [INFO] IPUIPlugin:80 - create IPUIPlugin
2024-09-22 14:02:06,949 [INFO] PluginManager:220 - loadIPPluginJar : add extmemmanager
2024-09-22 14:02:06,952 [INFO] IPUIPlugin:80 - create IPUIPlugin
2024-09-22 14:02:06,952 [INFO] PluginManager:220 - loadIPPluginJar : add fatfs
2024-09-22 14:02:06,961 [INFO] IPUIPlugin:80 - create IPUIPlugin
2024-09-22 14:02:06,961 [INFO] PluginManager:220 - loadIPPluginJar : add fmc
2024-09-22 14:02:06,968 [INFO] IPUIPlugin:80 - create IPUIPlugin
2024-09-22 14:02:06,968 [INFO] PluginManager:220 - loadIPPluginJar : add freertos
2024-09-22 14:02:06,971 [INFO] IPUIPlugin:80 - create IPUIPlugin
2024-09-22 14:02:06,972 [INFO] PluginManager:220 - loadIPPluginJar : add genericplugin
2024-09-22 14:02:06,981 [INFO] IPUIPlugin:80 - create IPUIPlugin
2024-09-22 14:02:06,982 [INFO] PluginManager:220 - loadIPPluginJar : add gfxmmu
2024-09-22 14:02:06,994 [INFO] IPUIPlugin:80 - create IPUIPlugin
2024-09-22 14:02:06,995 [INFO] PluginManager:220 - loadIPPluginJar : add gic
2024-09-22 14:02:07,003 [INFO] IPUIPlugin:80 - create IPUIPlugin
2024-09-22 14:02:07,003 [INFO] PluginManager:220 - loadIPPluginJar : add gpio
2024-09-22 14:02:07,012 [INFO] IPUIPlugin:80 - create IPUIPlugin
2024-09-22 14:02:07,013 [INFO] PluginManager:220 - loadIPPluginJar : add gtzc
2024-09-22 14:02:07,018 [INFO] IPUIPlugin:80 - create IPUIPlugin
2024-09-22 14:02:07,018 [INFO] PluginManager:220 - loadIPPluginJar : add hash
2024-09-22 14:02:07,025 [INFO] IPUIPlugin:80 - create IPUIPlugin
2024-09-22 14:02:07,027 [INFO] PluginManager:220 - loadIPPluginJar : add i2c
2024-09-22 14:02:07,031 [INFO] IPUIPlugin:80 - create IPUIPlugin
2024-09-22 14:02:07,032 [INFO] PluginManager:220 - loadIPPluginJar : add i2s
2024-09-22 14:02:07,036 [INFO] IPUIPlugin:80 - create IPUIPlugin
2024-09-22 14:02:07,036 [INFO] PluginManager:220 - loadIPPluginJar : add i3c
2024-09-22 14:02:07,045 [INFO] IPUIPlugin:80 - create IPUIPlugin
2024-09-22 14:02:07,045 [INFO] PluginManager:220 - loadIPPluginJar : add ipddr
2024-09-22 14:02:07,058 [INFO] IPUIPlugin:80 - create IPUIPlugin
2024-09-22 14:02:07,058 [INFO] PluginManager:220 - loadIPPluginJar : add linkedlist
2024-09-22 14:02:07,063 [INFO] IPUIPlugin:80 - create IPUIPlugin
2024-09-22 14:02:07,063 [INFO] PluginManager:220 - loadIPPluginJar : add lorawan
2024-09-22 14:02:07,065 [INFO] IPUIPlugin:80 - create IPUIPlugin
2024-09-22 14:02:07,065 [INFO] PluginManager:220 - loadIPPluginJar : add ltdc
2024-09-22 14:02:07,077 [INFO] IPUIPlugin:80 - create IPUIPlugin
2024-09-22 14:02:07,077 [INFO] PluginManager:220 - loadIPPluginJar : add mdma
2024-09-22 14:02:07,086 [INFO] IPUIPlugin:80 - create IPUIPlugin
2024-09-22 14:02:07,087 [INFO] PluginManager:220 - loadIPPluginJar : add nvic
2024-09-22 14:02:07,095 [INFO] IPUIPlugin:80 - create IPUIPlugin
2024-09-22 14:02:07,096 [INFO] PluginManager:220 - loadIPPluginJar : add opamp
2024-09-22 14:02:07,101 [INFO] IPUIPlugin:80 - create IPUIPlugin
2024-09-22 14:02:07,101 [INFO] PluginManager:220 - loadIPPluginJar : add openamp
2024-09-22 14:02:07,108 [INFO] IPUIPlugin:80 - create IPUIPlugin
2024-09-22 14:02:07,109 [INFO] PluginManager:220 - loadIPPluginJar : add pdm2pcm
2024-09-22 14:02:07,120 [INFO] IPUIPlugin:80 - create IPUIPlugin
2024-09-22 14:02:07,125 [INFO] PluginManager:220 - loadIPPluginJar : add plateformsettings
2024-09-22 14:02:07,127 [INFO] IPUIPlugin:80 - create IPUIPlugin
2024-09-22 14:02:07,127 [INFO] PluginManager:220 - loadIPPluginJar : add quadspi
2024-09-22 14:02:07,130 [INFO] IPUIPlugin:80 - create IPUIPlugin
2024-09-22 14:02:07,131 [INFO] PluginManager:220 - loadIPPluginJar : add radio
2024-09-22 14:02:07,137 [INFO] IPUIPlugin:80 - create IPUIPlugin
2024-09-22 14:02:07,137 [INFO] PluginManager:220 - loadIPPluginJar : add resmgrutility
2024-09-22 14:02:07,146 [INFO] IPUIPlugin:80 - create IPUIPlugin
2024-09-22 14:02:07,146 [INFO] PluginManager:220 - loadIPPluginJar : add sai
2024-09-22 14:02:07,153 [INFO] IPUIPlugin:80 - create IPUIPlugin
2024-09-22 14:02:07,153 [INFO] PluginManager:220 - loadIPPluginJar : add spi
2024-09-22 14:02:07,166 [INFO] IPUIPlugin:80 - create IPUIPlugin
2024-09-22 14:02:07,166 [INFO] PluginManager:220 - loadIPPluginJar : add stm32_wpan
2024-09-22 14:02:07,169 [INFO] IPUIPlugin:80 - create IPUIPlugin
2024-09-22 14:02:07,169 [INFO] PluginManager:220 - loadIPPluginJar : add tim
2024-09-22 14:02:07,178 [INFO] IPUIPlugin:80 - create IPUIPlugin
2024-09-22 14:02:07,179 [INFO] PluginManager:220 - loadIPPluginJar : add touchsensing
2024-09-22 14:02:07,183 [INFO] IPUIPlugin:80 - create IPUIPlugin
2024-09-22 14:02:07,183 [INFO] PluginManager:220 - loadIPPluginJar : add tracer_emb
2024-09-22 14:02:07,186 [INFO] IPUIPlugin:80 - create IPUIPlugin
2024-09-22 14:02:07,186 [INFO] PluginManager:220 - loadIPPluginJar : add ts
2024-09-22 14:02:07,189 [INFO] IPUIPlugin:80 - create IPUIPlugin
2024-09-22 14:02:07,190 [INFO] PluginManager:220 - loadIPPluginJar : add tsc
2024-09-22 14:02:07,196 [INFO] IPUIPlugin:80 - create IPUIPlugin
2024-09-22 14:02:07,197 [INFO] PluginManager:220 - loadIPPluginJar : add ucpd
2024-09-22 14:02:07,201 [INFO] IPUIPlugin:80 - create IPUIPlugin
2024-09-22 14:02:07,202 [INFO] PluginManager:220 - loadIPPluginJar : add usart
2024-09-22 14:02:07,208 [INFO] IPUIPlugin:80 - create IPUIPlugin
2024-09-22 14:02:07,209 [INFO] PluginManager:220 - loadIPPluginJar : add usbx
2024-09-22 14:02:07,385 [INFO] CADModel:165 - CPN selected for project level
2024-09-22 14:02:07,385 [INFO] CADModel:114 - Register for checkConnection events
2024-09-22 14:02:07,385 [FATAL] Updater:334 - Updater called before beeing initialized
2024-09-22 14:02:07,385 [ERROR] CADModel:125 - Updater not yet initialized, retry later 
2024-09-22 14:02:07,618 [INFO] CADModel:165 - CPN selected for project level
2024-09-22 14:02:07,618 [INFO] CADModel:114 - Register for checkConnection events
2024-09-22 14:02:07,618 [FATAL] Updater:334 - Updater called before beeing initialized
2024-09-22 14:02:07,618 [ERROR] CADModel:125 - Updater not yet initialized, retry later 
2024-09-22 14:02:07,623 [FATAL] Updater:334 - Updater called before beeing initialized
2024-09-22 14:02:07,802 [FATAL] Updater:334 - Updater called before beeing initialized
2024-09-22 14:02:07,809 [INFO] DbMcusAds:53 - JSON generation date=Thu Sep 30 12:25:09 IST 2021 (1632984909247)
2024-09-22 14:02:07,811 [FATAL] Updater:334 - Updater called before beeing initialized
2024-09-22 14:02:07,870 [WARN] DetailPanel:346 - Failed to get advertising image, set to default
2024-09-22 14:02:08,022 [FATAL] Updater:334 - Updater called before beeing initialized
2024-09-22 14:02:08,030 [FATAL] Updater:334 - Updater called before beeing initialized
2024-09-22 14:02:08,031 [FATAL] Updater:334 - Updater called before beeing initialized
2024-09-22 14:02:08,031 [WARN] DetailPanel:346 - Failed to get advertising image, set to default
2024-09-22 14:02:08,032 [FATAL] Updater:334 - Updater called before beeing initialized
2024-09-22 14:02:08,160 [ERROR] Updater:1164 - MainUpdater not yet initialized. External WinMGr cannot be set.
2024-09-22 14:02:08,167 [INFO] Updater:1100 - Updater Version found : 6.12.1
2024-09-22 14:02:08,205 [INFO] ApplicationProperties:184 - Using Application install path: C:\Users\Admin\STM32CubeIDE_1.16.1\STM32CubeIDE\plugins\com.st.stm32cube.common.mx_6.12.1.202409122256
2024-09-22 14:02:08,866 [INFO] ThirdPartyUpdaterWithRetryManager:70 - Updater plugin not ready yet. [2/15]
2024-09-22 14:02:09,802 [ERROR] LogOutputStream:75 - [STDERR_REDIRECT] Sep 22, 2024 2:02:09 PM java.util.prefs.WindowsPreferences <init>
2024-09-22 14:02:09,805 [ERROR] LogOutputStream:75 - [STDERR_REDIRECT] WARNING: Could not open/create prefs root node Software\JavaSoft\Prefs at root 0xffffffff80000002. Windows RegCreateKeyEx(...) returned error code 5.
2024-09-22 14:02:09,805 [ERROR] LogOutputStream:75 - [STDERR_REDIRECT] 
2024-09-22 14:02:10,337 [INFO] MainUpdater:2873 - connection check result : 10
2024-09-22 14:02:10,339 [INFO] MainUpdater:290 - Updater Check For Update Now.
2024-09-22 14:02:10,340 [INFO] MicroXplorer:498 - Change Database Version : DB.6.0.121
2024-09-22 14:02:10,358 [INFO] McuFinderGlobals:63 - Set McuFinder mode to 2 (CubeIDE integrated)
2024-09-22 14:02:10,359 [INFO] UserAuth:179 - activating auth plugin
2024-09-22 14:02:10,371 [INFO] UserAuth:417 - Internet connection configuration mode: 1
2024-09-22 14:02:10,429 [INFO] JxBrowserEngine:152 - Initiate JxBrowser Engine with user profile folder
2024-09-22 14:02:10,674 [INFO] CheckServerUpdateThread:120 - End of CheckServer Thread
2024-09-22 14:02:12,022 [INFO] WebApp:167 - Instantiating new browser for Auth
2024-09-22 14:02:12,736 [WARN] PackLoader:240 - Cannot read IP mode file for STMicroelectronics.FP-SNS-MOTENVWB1.1.4.0
2024-09-22 14:02:12,776 [WARN] PackLoader:240 - Cannot read IP mode file for STMicroelectronics.X-CUBE-SMBUS.2.1.0
2024-09-22 14:02:12,892 [WARN] PackLoader:240 - Cannot read IP mode file for STMicroelectronics.X-CUBE-AZRTOS-F7.1.1.0
2024-09-22 14:02:13,140 [WARN] PackLoader:240 - Cannot read IP mode file for STMicroelectronics.X-CUBE-MEMS1.11.0.0
2024-09-22 14:02:13,651 [WARN] PackLoader:240 - Cannot read IP mode file for STMicroelectronics.FP-SNS-FLIGHT1.5.0.2
2024-09-22 14:02:13,685 [WARN] PackLoader:240 - Cannot read IP mode file for STMicroelectronics.X-CUBE-DISPLAY.3.0.0
2024-09-22 14:02:13,727 [WARN] PackLoader:240 - Cannot read IP mode file for STMicroelectronics.X-CUBE-BLE1.7.0.0
2024-09-22 14:02:13,793 [WARN] PackLoader:240 - Cannot read IP mode file for emotas.I-CUBE-CANOPEN.1.3.0
2024-09-22 14:02:13,843 [WARN] PackLoader:240 - Cannot read IP mode file for STMicroelectronics.X-CUBE-BLEMGR.3.1.0
2024-09-22 14:02:13,866 [WARN] PackLoader:240 - Cannot read IP mode file for STMicroelectronics.FP-SNS-SMARTAG2.1.2.0
2024-09-22 14:02:13,911 [INFO] LogOutputStream:77 - [STDOUT_REDIRECT] 1 : Invalid condition id : UX_CORESTACK_Condition cause : null
2024-09-22 14:02:13,914 [INFO] LogOutputStream:77 - [STDOUT_REDIRECT] 1 : Invalid condition id : UX_CORESTACK_Condition cause : null
2024-09-22 14:02:13,924 [INFO] LogOutputStream:77 - [STDOUT_REDIRECT] 1 : Invalid condition id : UX_CORESTACK_Condition cause : null
2024-09-22 14:02:13,926 [INFO] LogOutputStream:77 - [STDOUT_REDIRECT] 1 : Invalid condition id : UX_CORESTACK_Condition cause : null
2024-09-22 14:02:13,928 [INFO] LogOutputStream:77 - [STDOUT_REDIRECT] 1 : Invalid condition id : UX_CORESTACK_Condition cause : null
2024-09-22 14:02:13,938 [WARN] PackLoader:240 - Cannot read IP mode file for STMicroelectronics.X-CUBE-AZRTOS-WL.2.0.0
2024-09-22 14:02:14,013 [WARN] PackLoader:240 - Cannot read IP mode file for STMicroelectronics.FP-SNS-MOTENV1.5.0.0
2024-09-22 14:02:14,054 [WARN] PackLoader:240 - Cannot read IP mode file for WES.I-CUBE-Cesium.1.3.0
2024-09-22 14:02:14,076 [WARN] PackLoader:240 - Cannot read IP mode file for STMicroelectronics.X-CUBE-BLE2.3.3.0
2024-09-22 14:02:14,112 [WARN] PackLoader:240 - Cannot read IP mode file for STMicroelectronics.X-CUBE-TCPP.4.1.0
2024-09-22 14:02:14,199 [WARN] PackLoader:240 - Cannot read IP mode file for STMicroelectronics.X-CUBE-AZRTOS-G0.1.1.0
2024-09-22 14:02:14,258 [WARN] PackLoader:240 - Cannot read IP mode file for STMicroelectronics.X-CUBE-SAFEA1.1.2.2
2024-09-22 14:02:14,279 [WARN] PackLoader:240 - Cannot read IP mode file for STMicroelectronics.X-CUBE-NFC4.3.0.0
2024-09-22 14:02:14,340 [WARN] PackLoader:240 - Cannot read IP mode file for EmbeddedOffice.I-CUBE-FS-RTOS.1.0.1
2024-09-22 14:02:14,341 [ERROR] ConditionMgr:805 - Attr not supported : Dmpu
2024-09-22 14:02:14,342 [ERROR] ConditionMgr:805 - Attr not supported : Dmpu
2024-09-22 14:02:14,342 [ERROR] ConditionMgr:805 - Attr not supported : Dmpu
2024-09-22 14:02:14,343 [ERROR] ConditionMgr:805 - Attr not supported : Dmpu
2024-09-22 14:02:14,343 [ERROR] ConditionMgr:805 - Attr not supported : Dmpu
2024-09-22 14:02:14,344 [ERROR] ConditionMgr:805 - Attr not supported : Dmpu
2024-09-22 14:02:14,344 [ERROR] ConditionMgr:805 - Attr not supported : Dmpu
2024-09-22 14:02:14,344 [ERROR] ConditionMgr:805 - Attr not supported : Dmpu
2024-09-22 14:02:14,344 [ERROR] ConditionMgr:805 - Attr not supported : Dmpu
2024-09-22 14:02:14,344 [ERROR] ConditionMgr:805 - Attr not supported : Dmpu
2024-09-22 14:02:14,344 [ERROR] ConditionMgr:805 - Attr not supported : Dmpu
2024-09-22 14:02:14,345 [ERROR] ConditionMgr:805 - Attr not supported : Dmpu
2024-09-22 14:02:14,345 [ERROR] ConditionMgr:805 - Attr not supported : Dmpu
2024-09-22 14:02:14,345 [ERROR] ConditionMgr:805 - Attr not supported : Dmpu
2024-09-22 14:02:14,345 [ERROR] ConditionMgr:805 - Attr not supported : Dmpu
2024-09-22 14:02:14,345 [ERROR] ConditionMgr:805 - Attr not supported : Dmpu
2024-09-22 14:02:14,346 [ERROR] ConditionMgr:805 - Attr not supported : Dmpu
2024-09-22 14:02:14,346 [ERROR] ConditionMgr:805 - Attr not supported : Dmpu
2024-09-22 14:02:14,346 [ERROR] ConditionMgr:805 - Attr not supported : Dmpu
2024-09-22 14:02:14,346 [ERROR] ConditionMgr:805 - Attr not supported : Dmpu
2024-09-22 14:02:14,346 [ERROR] ConditionMgr:805 - Attr not supported : Dmpu
2024-09-22 14:02:14,346 [ERROR] ConditionMgr:805 - Attr not supported : Dmpu
2024-09-22 14:02:14,346 [ERROR] ConditionMgr:805 - Attr not supported : Dmpu
2024-09-22 14:02:14,346 [ERROR] ConditionMgr:805 - Attr not supported : Dmpu
2024-09-22 14:02:14,347 [ERROR] ConditionMgr:805 - Attr not supported : Dmpu
2024-09-22 14:02:14,347 [ERROR] ConditionMgr:805 - Attr not supported : Dmpu
2024-09-22 14:02:14,348 [ERROR] ConditionMgr:805 - Attr not supported : Dmpu
2024-09-22 14:02:14,349 [ERROR] ConditionMgr:805 - Attr not supported : Dmpu
2024-09-22 14:02:14,350 [ERROR] ConditionMgr:805 - Attr not supported : Dmpu
2024-09-22 14:02:14,352 [ERROR] ConditionMgr:805 - Attr not supported : Dmpu
2024-09-22 14:02:14,353 [ERROR] ConditionMgr:805 - Attr not supported : Dmpu
2024-09-22 14:02:14,354 [ERROR] ConditionMgr:805 - Attr not supported : Dmpu
2024-09-22 14:02:14,355 [ERROR] ConditionMgr:805 - Attr not supported : Dmpu
2024-09-22 14:02:14,360 [ERROR] ConditionMgr:805 - Attr not supported : Dmpu
2024-09-22 14:02:14,363 [ERROR] ConditionMgr:805 - Attr not supported : Dmpu
2024-09-22 14:02:14,366 [ERROR] ConditionMgr:805 - Attr not supported : Dmpu
2024-09-22 14:02:14,368 [ERROR] ConditionMgr:805 - Attr not supported : Dmpu
2024-09-22 14:02:14,369 [ERROR] ConditionMgr:805 - Attr not supported : Dmpu
2024-09-22 14:02:14,369 [ERROR] ConditionMgr:805 - Attr not supported : Dmpu
2024-09-22 14:02:14,370 [ERROR] ConditionMgr:805 - Attr not supported : Dmpu
2024-09-22 14:02:14,371 [ERROR] ConditionMgr:805 - Attr not supported : Dmpu
2024-09-22 14:02:14,371 [ERROR] ConditionMgr:805 - Attr not supported : Dmpu
2024-09-22 14:02:14,373 [ERROR] ConditionMgr:805 - Attr not supported : Dmpu
2024-09-22 14:02:14,373 [ERROR] ConditionMgr:805 - Attr not supported : Dmpu
2024-09-22 14:02:14,373 [ERROR] ConditionMgr:805 - Attr not supported : Dmpu
2024-09-22 14:02:14,374 [ERROR] ConditionMgr:805 - Attr not supported : Dmpu
2024-09-22 14:02:14,374 [ERROR] ConditionMgr:805 - Attr not supported : Dmpu
2024-09-22 14:02:14,375 [ERROR] ConditionMgr:805 - Attr not supported : Dmpu
2024-09-22 14:02:14,375 [ERROR] ConditionMgr:805 - Attr not supported : Dmpu
2024-09-22 14:02:14,375 [ERROR] ConditionMgr:805 - Attr not supported : Dmpu
2024-09-22 14:02:14,376 [ERROR] ConditionMgr:805 - Attr not supported : Dmpu
2024-09-22 14:02:14,376 [ERROR] ConditionMgr:805 - Attr not supported : Dmpu
2024-09-22 14:02:14,376 [ERROR] ConditionMgr:805 - Attr not supported : Dmpu
2024-09-22 14:02:14,376 [ERROR] ConditionMgr:805 - Attr not supported : Dmpu
2024-09-22 14:02:14,376 [ERROR] ConditionMgr:805 - Attr not supported : Dmpu
2024-09-22 14:02:14,376 [ERROR] ConditionMgr:805 - Attr not supported : Dmpu
2024-09-22 14:02:14,377 [ERROR] ConditionMgr:805 - Attr not supported : Dmpu
2024-09-22 14:02:14,377 [ERROR] ConditionMgr:805 - Attr not supported : Dmpu
2024-09-22 14:02:14,377 [ERROR] ConditionMgr:805 - Attr not supported : Dmpu
2024-09-22 14:02:14,377 [ERROR] ConditionMgr:805 - Attr not supported : Dmpu
2024-09-22 14:02:14,377 [ERROR] ConditionMgr:805 - Attr not supported : Dmpu
2024-09-22 14:02:14,377 [ERROR] ConditionMgr:805 - Attr not supported : Dmpu
2024-09-22 14:02:14,378 [ERROR] ConditionMgr:805 - Attr not supported : Dmpu
2024-09-22 14:02:14,378 [ERROR] ConditionMgr:805 - Attr not supported : Dmpu
2024-09-22 14:02:14,409 [WARN] PackLoader:240 - Cannot read IP mode file for RealThread.X-CUBE-RT-Thread_Nano.4.1.1
2024-09-22 14:02:14,426 [WARN] PackLoader:240 - Cannot read IP mode file for STMicroelectronics.FP-ATR-SIGFOX1.3.2.0
2024-09-22 14:02:14,442 [WARN] PackLoader:240 - Cannot read IP mode file for STMicroelectronics.X-CUBE-EEPRMA1.5.1.0
2024-09-22 14:02:14,478 [WARN] PackLoader:240 - Cannot read IP mode file for ITTIA_DB.I-CUBE-ITTIADB.8.9.0
2024-09-22 14:02:14,579 [WARN] PackLoader:240 - Cannot read IP mode file for SEGGER.I-CUBE-embOS.1.3.1
2024-09-22 14:02:14,759 [WARN] PackLoader:240 - Cannot read IP mode file for STMicroelectronics.X-CUBE-ALGOBUILD.1.4.0
2024-09-22 14:02:14,839 [WARN] PackLoader:240 - Cannot read IP mode file for STMicroelectronics.X-CUBE-AZRTOS-F4.1.1.0
2024-09-22 14:02:14,873 [WARN] PackLoader:240 - Cannot read IP mode file for STMicroelectronics.X-CUBE-ISPU.2.1.0
2024-09-22 14:02:14,896 [WARN] PackLoader:240 - Cannot read IP mode file for STMicroelectronics.X-CUBE-FREERTOS.1.2.0
2024-09-22 14:02:15,373 [WARN] PackLoader:240 - Cannot read IP mode file for STMicroelectronics.X-CUBE-AZRTOS-L5.2.0.0
2024-09-22 14:02:15,446 [WARN] PackLoader:240 - Cannot read IP mode file for STMicroelectronics.X-CUBE-NFC6.3.1.0
2024-09-22 14:02:15,492 [WARN] PackLoader:240 - Cannot read IP mode file for STMicroelectronics.X-CUBE-DPower.1.2.0
2024-09-22 14:02:15,554 [WARN] PackLoader:240 - Cannot read IP mode file for STMicroelectronics.X-CUBE-AI.9.0.0
2024-09-22 14:02:15,568 [WARN] PackLoader:240 - Cannot read IP mode file for STMicroelectronics.X-CUBE-NFC7.1.0.1
2024-09-22 14:02:15,619 [WARN] ConditionMgr:438 - getConditionDescription Invalid condition id : LAN8742 Phy interface Condition cause : null
2024-09-22 14:02:15,621 [WARN] PackLoader:240 - Cannot read IP mode file for STMicroelectronics.X-CUBE-AZRTOS-L4.2.0.0
2024-09-22 14:02:15,624 [WARN] ConditionMgr:1039 - genDependencies : Invalid condition id : LAN8742 Phy interface Condition cause : null
2024-09-22 14:02:15,626 [WARN] ConditionMgr:1039 - genDependencies : Invalid condition id : LAN8742 Phy interface Condition cause : null
2024-09-22 14:02:15,627 [WARN] ConditionMgr:1039 - genDependencies : Invalid condition id : LAN8742 Phy interface Condition cause : null
2024-09-22 14:02:15,646 [INFO] WebApp:448 - Apply proxy settings
2024-09-22 14:02:15,647 [INFO] WebApp:533 - Chromium requires no authentication
2024-09-22 14:02:15,655 [WARN] PackLoader:240 - Cannot read IP mode file for STMicroelectronics.X-CUBE-SFXS2LP1.4.0.0
2024-09-22 14:02:15,677 [INFO] WebApp:476 - Direct internet connection detected
2024-09-22 14:02:15,764 [WARN] PackLoader:240 - Cannot read IP mode file for STMicroelectronics.X-CUBE-AZRTOS-H7.3.3.0
2024-09-22 14:02:15,813 [INFO] WebApp:869 - Register for checkConnection events
2024-09-22 14:02:15,814 [INFO] WebApp:448 - Apply proxy settings
2024-09-22 14:02:15,814 [INFO] WebApp:533 - Chromium requires no authentication
2024-09-22 14:02:15,825 [INFO] WebApp:476 - Direct internet connection detected
2024-09-22 14:02:15,869 [WARN] ConditionMgr:438 - getConditionDescription Invalid condition id : UX DEVICE CLASS RTOS Condition cause : null
2024-09-22 14:02:15,871 [WARN] ConditionMgr:438 - getConditionDescription Invalid condition id : UX DEVICE CLASS RTOS Condition cause : null
2024-09-22 14:02:15,875 [WARN] PackLoader:240 - Cannot read IP mode file for STMicroelectronics.X-CUBE-AZRTOS-WB.2.0.0
2024-09-22 14:02:15,877 [WARN] ConditionMgr:1039 - genDependencies : Invalid condition id : UX DEVICE CLASS RTOS Condition cause : null
2024-09-22 14:02:15,878 [WARN] ConditionMgr:1039 - genDependencies : Invalid condition id : UX DEVICE CLASS RTOS Condition cause : null
2024-09-22 14:02:15,879 [WARN] ConditionMgr:1039 - genDependencies : Invalid condition id : UX DEVICE CLASS RTOS Condition cause : null
2024-09-22 14:02:15,881 [WARN] ConditionMgr:1039 - genDependencies : Invalid condition id : UX DEVICE CLASS RTOS Condition cause : null
2024-09-22 14:02:15,881 [WARN] ConditionMgr:1039 - genDependencies : Invalid condition id : UX DEVICE CLASS RTOS Condition cause : null
2024-09-22 14:02:15,904 [WARN] PackLoader:240 - Cannot read IP mode file for STMicroelectronics.X-CUBE-GNSS1.7.0.0
2024-09-22 14:02:15,939 [WARN] PackLoader:240 - Cannot read IP mode file for STMicroelectronics.FP-SNS-STBOX1.2.0.0
2024-09-22 14:02:15,979 [WARN] PackLoader:240 - Cannot read IP mode file for STMicroelectronics.X-CUBE-SUBG2.5.0.0
2024-09-22 14:02:16,041 [WARN] PackLoader:240 - Cannot read IP mode file for Cesanta.I-CUBE-Mongoose.7.13.0
2024-09-22 14:02:16,110 [WARN] PackLoader:240 - Cannot read IP mode file for STMicroelectronics.X-CUBE-AZRTOS-G4.2.0.0
2024-09-22 14:02:16,145 [WARN] PackLoader:240 - Cannot read IP mode file for STMicroelectronics.X-CUBE-ALS.1.0.2
2024-09-22 14:02:16,163 [WARN] PackLoader:240 - Cannot read IP mode file for STMicroelectronics.X-CUBE-TOUCHGFX.4.24.1
2024-09-22 14:02:16,210 [WARN] PackLoader:240 - Cannot read IP mode file for portGmbH.I-Cube-SoM-uGOAL.1.1.0
2024-09-22 14:02:16,259 [WARN] PackLoader:240 - Cannot read IP mode file for STMicroelectronics.X-CUBE-AZRTOS-H7RS.1.0.0
2024-09-22 14:02:16,292 [WARN] PackLoader:240 - Cannot read IP mode file for STMicroelectronics.FP-ATR-ASTRA1.2.0.0
2024-09-22 14:02:16,321 [WARN] PackLoader:240 - Cannot read IP mode file for STMicroelectronics.X-CUBE-TOF1.3.4.2
2024-09-22 14:02:16,413 [WARN] PackLoader:240 - Cannot read IP mode file for Infineon.AIROC-Wi-Fi-Bluetooth-STM32.1.6.1
2024-09-22 14:02:16,431 [INFO] ThirdParty:978 - Integrity check success = true
2024-09-22 14:02:16,431 [INFO] IntegrityCheckThread:100 - exiting critical section [integrity check]
2024-09-22 14:02:16,431 [INFO] IntegrityCheckThread:103 - End integrity checks thread
2024-09-22 14:02:16,675 [INFO] WebApp:220 - Starting web application
2024-09-22 14:02:16,675 [INFO] WebApp:578 - Web application path used C:\Users\Admin\STM32CubeIDE_1.16.1\STM32CubeIDE\plugins\com.st.stm32cube.common.mx_6.12.1.202409122256\db\plugins\mcufinder\reactClient1\index.html
2024-09-22 14:02:17,278 [INFO] WebApp:186 - Connection restablished
2024-09-22 14:02:32,994 [INFO] McuFinderGlobals:63 - Set McuFinder mode to 2 (CubeIDE integrated)
2024-09-22 14:02:33,043 [INFO] MainUpdater:2873 - connection check result : 10
2024-09-22 14:02:33,091 [INFO] McuFinderGlobals:76 - Set McuFinderConnectedMode to true
2024-09-22 14:02:33,396 [INFO] ServerAccessManage:473 - Download File mcusAds.json._tmp_
2024-09-22 14:02:33,512 [INFO] LoadUrlFilesThread:156 - End of LoadUrlFiles Thread
2024-09-22 14:02:34,911 [INFO] ServerAccessManage:473 - Download File cube-finder-db.zip
2024-09-22 14:02:38,456 [INFO] FileExtend:240 - Unzip File : cube-finder-db.zip
2024-09-22 14:02:38,458 [INFO] FileExtend:255 - Standard Zip Deflate
2024-09-22 14:02:40,944 [INFO] LoadUrlFilesThread:156 - End of LoadUrlFiles Thread
2024-09-22 14:02:41,898 [INFO] ServerAccessManage:473 - Download File crdb.zip
2024-09-22 14:02:43,024 [INFO] FileExtend:240 - Unzip File : crdb.zip
2024-09-22 14:02:43,025 [INFO] FileExtend:255 - Standard Zip Deflate
2024-09-22 14:02:43,189 [INFO] LoadUrlFilesThread:156 - End of LoadUrlFiles Thread
2024-09-22 14:02:44,574 [INFO] ServerAccessManage:473 - Download File tutoVideoDB.zip
2024-09-22 14:02:44,594 [INFO] FileExtend:240 - Unzip File : tutoVideoDB.zip
2024-09-22 14:02:44,595 [INFO] FileExtend:255 - Standard Zip Deflate
2024-09-22 14:02:44,742 [INFO] LoadUrlFilesThread:156 - End of LoadUrlFiles Thread
2024-09-22 14:02:44,746 [WARN] DbFile:41 - Overriding database path with different value: C:\Users\Admin\.stmcufinder\plugins\mcufinder/ => C:\Users\Admin\.stmcufinder\plugins\mcufinder
2024-09-22 14:02:45,464 [INFO] ServerAccessManage:473 - Download File api_config.json
2024-09-22 14:02:45,984 [INFO] LoadUrlFilesThread:156 - End of LoadUrlFiles Thread
2024-09-22 14:02:45,989 [INFO] DbMcusAds:53 - JSON generation date=Fri Sep 20 18:34:23 IST 2024 (1726837463113)
2024-09-22 14:02:46,143 [INFO] ServerAccessManage:473 - Download File 
2024-09-22 14:02:46,161 [INFO] LoadUrlFilesThread:185 - End of LoadServerUrlFiles without Thread
2024-09-22 14:02:46,162 [INFO] TargetSelectorAdapter:259 - Refresh data is successful
2024-09-22 14:02:46,401 [INFO] ApiDb:581 - Connected to CubeFinder SQLite database (C:\Users\Admin\.stmcufinder\plugins\mcufinder\mcu\cube-finder-db.db)
2024-09-22 14:02:46,548 [INFO] ApiDb:668 - CubeFinder database Data Model version=2.1
2024-09-22 14:02:46,548 [INFO] ApiDb:669 - CubeFinder database Configuration version=3.0.39
2024-09-22 14:02:46,548 [INFO] ApiDb:670 - CubeFinder database generation date=2024-09-16 (1726485674)
2024-09-22 14:02:46,549 [INFO] ApiDb:671 - CubeFinder database FW Pack versions=[FP-ATR-ASTRA1_V2.0.0, FP-SNS-FLIGHT1_V5.0.2, FP-SNS-MOTENV1_V5.0.0, FP-SNS-MOTENVWB1_V1.4.0, FP-SNS-SMARTAG2_V1.2.0, FP-SNS-STBOX1_V2.0.0, STM32Cube_FW_C0_V1.2.0, STM32Cube_FW_F4_V1.28.1, STM32Cube_FW_F7_V1.17.2, STM32Cube_FW_G0_V1.6.2, STM32Cube_FW_G4_V1.6.0, STM32Cube_FW_H5_V1.3.0, STM32Cube_FW_H7RS_V1.1.0, STM32Cube_FW_H7_V1.11.2, STM32Cube_FW_L0_V1.12.2, STM32Cube_FW_L5_V1.5.1, STM32Cube_FW_U0_V1.1.0, STM32Cube_FW_U5_V1.6.0, STM32Cube_FW_WB0_V1.0.0, STM32Cube_FW_WBA_V1.4.1, STM32Cube_FW_WB_V1.20.0, STM32Cube_FW_WL_V1.3.0, X-CUBE-ALGOBUILD_V1.4.0, X-CUBE-ALS_V1.0.2, X-CUBE-AZRTOS-F4_V1.1.0, X-CUBE-AZRTOS-F7_V1.1.0, X-CUBE-AZRTOS-G0_V1.1.0, X-CUBE-AZRTOS-G4_V2.0.0, X-CUBE-AZRTOS-H7RS_V1.0.0, X-CUBE-AZRTOS-H7_V3.2.0, X-CUBE-AZRTOS-L4_V2.0.0, X-CUBE-AZRTOS-L5_V2.0.0, X-CUBE-AZRTOS-WB_V2.0.0, X-CUBE-AZRTOS-WL_V2.0.0, X-CUBE-BLE1_V7.0.0, X-CUBE-BLE2_V3.3.0, X-CUBE-BLEMGR_V3.1.0, X-CUBE-EEPRMA1_V5.1.0, X-CUBE-FREERTOS_V1.2.0, X-CUBE-GNSS1_V6.0.0, X-CUBE-MEMS1_V11.0.0, X-CUBE-NFC4_V3.0.0, X-CUBE-NFC7_V1.0.1, X-CUBE-SFXS2LP1_V4.0.0, X-CUBE-SUBG2_V5.0.0, X-CUBE-TOF1_V3.4.2]
2024-09-22 14:02:51,781 [INFO] ApiDb:240 - Found 646 in-development CPN: [B-G473E-ZEST1S, B-WB1M-WPAN1, B-WL5M-SUBG1, NUCLEO-C031C6, NUCLEO-C071RB, NUCLEO-H503RB, NUCLEO-H533RE, NUCLEO-H563ZI, NUCLEO-H7S3L8, NUCLEO-U031R8, NUCLEO-U083RC, NUCLEO-U545RE-Q, NUCLEO-U5A5ZJ-Q, NUCLEO-WB05KZ, NUCLEO-WB07CC, NUCLEO-WB09KE, NUCLEO-WBA52CG, NUCLEO-WBA55CG, STEVAL-PROTEUS1, STEVAL-SMARTAG2, STEVAL-STWINBX1, STM320518-EVAL, STM32C0116-DK, STM32C011D6Y3TR, STM32C011D6Y6TR, STM32C011F4P3, STM32C011F4P6, STM32C011F4U3, STM32C011F4U6TR, STM32C011F6P3, STM32C011F6P6, STM32C011F6U3, STM32C011F6U6TR, STM32C011J4M3, STM32C011J4M6, STM32C011J6M3, STM32C011J6M6, STM32C0316-DK, STM32C031C4T3, STM32C031C4T6, STM32C031C4U3, STM32C031C4U6, STM32C031C6T3, STM32C031C6T6, STM32C031C6U3, STM32C031C6U6, STM32C031F4P3, STM32C031F4P6, STM32C031F6P3, STM32C031F6P6, STM32C031G4U3, STM32C031G4U6, STM32C031G6U3, STM32C031G6U6, STM32C031K4T3, STM32C031K4T6, STM32C031K4U3, STM32C031K4U6, STM32C031K6T3, STM32C031K6T6, STM32C031K6U3, STM32C031K6U6, STM32C071C8T6, STM32C071C8T6N, STM32C071C8U6, STM32C071C8U6N, STM32C071CBT6, STM32C071CBT6N, STM32C071CBU6, STM32C071CBU6N, STM32C071F8P6, STM32C071F8P6N, STM32C071FBP6, STM32C071FBP6N, STM32C071FBY6TR, STM32C071G8U6, STM32C071G8U6N, STM32C071GBU6, STM32C071GBU6N, STM32C071K8T6, STM32C071K8T6N, STM32C071K8U6, STM32C071K8U6N, STM32C071KBT6, STM32C071KBT6N, STM32C071KBU6, STM32C071KBU6N, STM32C071R8T6, STM32C071R8T6N, STM32C071RBI6N, STM32C071RBT6, STM32C071RBT6N, STM32G071K8TXN, STM32G071K8UXN, STM32G081GBU6N, STM32G081KBT6N, STM32G081KBUXN, STM32G0B1CCT6N, STM32G0B1KCT6, STM32G0B1NEY6TR, STM32G0B1RCT6N, STM32G0C1CCT6, STM32G0C1CCT6N, STM32G0C1CCU6N, STM32G0C1CET6N, STM32G0C1CEU6N, STM32G0C1KCT6, STM32G0C1NEY6TR, STM32G0C1RCI6N, STM32G0C1RCT6N, STM32G0C1REI6N, STM32G0C1RET6N, STM32G0C1VCI6, STM32G0C1VEI6, STM32G411C6T3, STM32G411C6T6, STM32G411C6U3, STM32G411C6U6, STM32G411C8T3, STM32G411C8T6, STM32G411C8U3, STM32G411C8U6, STM32G411CBT3, STM32G411CBT6, STM32G411CBU3, STM32G411CBU6, STM32G411K6T3, STM32G411K6T6, STM32G411K6U3, STM32G411K6U6, STM32G411K8T3, STM32G411K8T6, STM32G411K8U3, STM32G411K8U6, STM32G411KBT3, STM32G411KBT6, STM32G411KBU3, STM32G411KBU6, STM32G411M6T3, STM32G411M6T6, STM32G411M8T3, STM32G411M8T6, STM32G411MBT3, STM32G411MBT6, STM32G411R6T3, STM32G411R6T6, STM32G411R8T3, STM32G411R8T6, STM32G411RBT3, STM32G411RBT6, STM32G414CBT3, STM32G414CBT6, STM32G414CBU3, STM32G414CBU6, STM32G414CCT3, STM32G414CCT6, STM32G414CCU3, STM32G414CCU6, STM32G414MBT3, STM32G414MBT6, STM32G414MCT3, STM32G414MCT6, STM32G414RBT3, STM32G414RBT6, STM32G414RCT3, STM32G414RCT6, STM32G414VBT3, STM32G414VBT6, STM32G414VCT3, STM32G414VCT6, STM32G431CBT3Z, STM32G431RBT3Z, STM32G471CCT6, STM32G471CCU6, STM32G471CET3, STM32G471CET6, STM32G471CEU3, STM32G471CEU6, STM32G471MCT6, STM32G471MET3, STM32G471MET6, STM32G471MEY6TR, STM32G471QCT6, STM32G471QET3, STM32G471RCT6, STM32G471RET3, STM32G471RET6, STM32G471VCH6, STM32G471VCI6, STM32G471VCT6, STM32G471VEH3, STM32G471VEH6, STM32G471VEI3, STM32G471VEI6, STM32G471VET3, STM32G471VET6, STM32G473QET3Z, STM32G473RET3Z, STM32G474CCT6, STM32G491RET3Z, STM32H503CBT6, STM32H503CBU6, STM32H503EBY6TR, STM32H503KBU6, STM32H503RBT6, STM32H523CCT6, STM32H523CCU6, STM32H523CET6, STM32H523CEU6, STM32H523HEY6TR, STM32H523RCT6, STM32H523RET6, STM32H523VCI6, STM32H523VCT6, STM32H523VEI6, STM32H523VET6, STM32H523ZCJ6, STM32H523ZCT6, STM32H523ZEJ6, STM32H523ZET6, STM32H533CET6, STM32H533CEU6, STM32H533HEY6TR, STM32H533RET6, STM32H533VEI6, STM32H533VET6, STM32H533ZEJ6, STM32H533ZET6, STM32H562AGI6, STM32H562AII6, STM32H562IGK6, STM32H562IGT6, STM32H562IIK6, STM32H562IIT6, STM32H562RGT6, STM32H562RGV6, STM32H562RIT6, STM32H562RIV6, STM32H562VGT6, STM32H562VIT6, STM32H562ZGT6, STM32H562ZIT6, STM32H563AGI6, STM32H563AII3Q, STM32H563AII6, STM32H563IGK6, STM32H563IGT6, STM32H563IIK3Q, STM32H563IIK6, STM32H563IIT3Q, STM32H563IIT6, STM32H563MIY3QTR, STM32H563RGT6, STM32H563RGV6, STM32H563RIT6, STM32H563RIV6, STM32H563VGT6, STM32H563VIT3Q, STM32H563VIT6, STM32H563ZGT6, STM32H563ZIT3Q, STM32H563ZIT6, STM32H573AII3Q, STM32H573AII6, STM32H573I-DK, STM32H573IIK3Q, STM32H573IIK6, STM32H573IIT3Q, STM32H573IIT6, STM32H573MIY3QTR, STM32H573RIT6, STM32H573RIV6, STM32H573VIT3Q, STM32H573VIT6, STM32H573ZIT3Q, STM32H573ZIT6, STM32H7R3A8I6, STM32H7R3I8K6, STM32H7R3I8T6, STM32H7R3L8H6, STM32H7R3L8H6H, STM32H7R3R8V6, STM32H7R3V8H6, STM32H7R3V8T6, STM32H7R3V8Y6TR, STM32H7R3Z8J6, STM32H7R3Z8T6, STM32H7R7A8I6, STM32H7R7I8K6, STM32H7R7I8T6, STM32H7R7L8H6, STM32H7R7L8H6H, STM32H7R7Z8J6, STM32H7S3A8I6, STM32H7S3I8K6, STM32H7S3I8T6, STM32H7S3L8H6, STM32H7S3L8H6H, STM32H7S3R8V6, STM32H7S3V8H6, STM32H7S3V8T6, STM32H7S3V8Y6TR, STM32H7S3Z8J6, STM32H7S3Z8T6, STM32H7S78-DK, STM32H7S7A8I6, STM32H7S7I8K6, STM32H7S7I8T6, STM32H7S7L8H6, STM32H7S7L8H6H, STM32H7S7Z8J6, STM32L4R5QGI6STR, STM32MP131AAE3, STM32MP131AAF3, STM32MP131AAG3, STM32MP131CAE3, STM32MP131CAF3, STM32MP131CAG3, STM32MP131DAE7, STM32MP131DAF7, STM32MP131DAG7, STM32MP131FAE7, STM32MP131FAF7, STM32MP131FAG7, STM32MP133AAE3, STM32MP133AAF3, STM32MP133AAG3, STM32MP133CAE3, STM32MP133CAF3, STM32MP133CAG3, STM32MP133DAE7, STM32MP133DAF7, STM32MP133DAG7, STM32MP133FAE7, STM32MP133FAF7, STM32MP133FAG7, STM32MP135AAE3, STM32MP135AAF3, STM32MP135AAG3, STM32MP135CAE3, STM32MP135CAF3, STM32MP135CAG3, STM32MP135DAE7, STM32MP135DAF7, STM32MP135DAG7, STM32MP135F-DK, STM32MP135FAE7, STM32MP135FAF7, STM32MP135FAF7T, STM32MP135FAF7U, STM32MP135FAG7, STM32MP251AAI3, STM32MP251AAK3, STM32MP251AAL3, STM32MP251CAI3, STM32MP251CAK3, STM32MP251CAL3, STM32MP251DAI3, STM32MP251DAK3, STM32MP251DAL3, STM32MP251FAI3, STM32MP251FAK3, STM32MP251FAL3, STM32MP253AAI3, STM32MP253AAK3, STM32MP253AAL3, STM32MP253CAI3, STM32MP253CAK3, STM32MP253CAL3, STM32MP253DAI3, STM32MP253DAK3, STM32MP253DAL3, STM32MP253FAI3, STM32MP253FAK3, STM32MP253FAL3, STM32MP255AAI3, STM32MP255AAK3, STM32MP255AAL3, STM32MP255CAI3, STM32MP255CAK3, STM32MP255CAL3, STM32MP255DAI3, STM32MP255DAK3, STM32MP255DAL3, STM32MP255FAI3, STM32MP255FAK3, STM32MP255FAL3, STM32MP257AAI3, STM32MP257AAK3, STM32MP257AAL3, STM32MP257CAI3, STM32MP257CAK3, STM32MP257CAL3, STM32MP257DAI3, STM32MP257DAK3, STM32MP257DAL3, STM32MP257F-DK, STM32MP257F-EV1, STM32MP257FAI3, STM32MP257FAK3, STM32MP257FAL3, STM32U031C6T6, STM32U031C6U6, STM32U031C8T6, STM32U031C8U6, STM32U031F4P6, STM32U031F6P6, STM32U031F8P6, STM32U031G6Y6TR, STM32U031G8Y6TR, STM32U031K4U6, STM32U031K6U6, STM32U031K8U6, STM32U031R6I6, STM32U031R6T6, STM32U031R8I6, STM32U031R8T6, STM32U073C8T6, STM32U073C8U6, STM32U073CBT6, STM32U073CBU6, STM32U073CCT6, STM32U073CCU6, STM32U073H8Y6TR, STM32U073HBY6TR, STM32U073HCY6TR, STM32U073K8U6, STM32U073KBU6, STM32U073KCU6, STM32U073M8I6, STM32U073M8T6, STM32U073MBI6, STM32U073MBT6, STM32U073MCI6, STM32U073MCT6, STM32U073R8I6, STM32U073R8T6, STM32U073RBI6, STM32U073RBT6, STM32U073RCI6, STM32U073RCT6, STM32U083C-DK, STM32U083CCT6, STM32U083CCU6, STM32U083HCY6TR, STM32U083KCU6, STM32U083MCI6, STM32U083MCT6, STM32U083RCI6, STM32U083RCT6, STM32U535CBT6, STM32U535CBT6Q, STM32U535CBU6, STM32U535CBU6Q, STM32U535CCT6, STM32U535CCT6Q, STM32U535CCU6, STM32U535CCU6Q, STM32U535CET6, STM32U535CET6Q, STM32U535CEU6, STM32U535CEU6Q, STM32U535JEY6QTR, STM32U535NCY6QTR, STM32U535NEY6QTR, STM32U535RBI6, STM32U535RBI6Q, STM32U535RBT6, STM32U535RBT6Q, STM32U535RCI6, STM32U535RCI6Q, STM32U535RCT6, STM32U535RCT6Q, STM32U535REI6, STM32U535REI6Q, STM32U535RET6, STM32U535RET6Q, STM32U535VCI6, STM32U535VCI6Q, STM32U535VCT6, STM32U535VCT6Q, STM32U535VEI6, STM32U535VEI6Q, STM32U535VET6, STM32U535VET6Q, STM32U545CET6, STM32U545CET6Q, STM32U545CEU6, STM32U545CEU6Q, STM32U545JEY6QTR, STM32U545NEY6QTR, STM32U545REI6, STM32U545REI6Q, STM32U545RET6, STM32U545RET6Q, STM32U545VEI6, STM32U545VEI6Q, STM32U545VET6, STM32U545VET6Q, STM32U595AIH6, STM32U595AIH6Q, STM32U595AJH6, STM32U595AJH6Q, STM32U595QII6, STM32U595QII6Q, STM32U595QJI6, STM32U595QJI6Q, STM32U595RIT6, STM32U595RIT6Q, STM32U595RJT6, STM32U595RJT6Q, STM32U595VIT6, STM32U595VIT6Q, STM32U595VJT6, STM32U595VJT6Q, STM32U595ZIT6, STM32U595ZIT6Q, STM32U595ZIY6QTR, STM32U595ZJT6, STM32U595ZJT6Q, STM32U595ZJY6QTR, STM32U599BJY6QTR, STM32U599NIH6Q, STM32U599NJH6Q, STM32U599VIT6Q, STM32U599VJT6, STM32U599VJT6Q, STM32U599ZIT6Q, STM32U599ZIY6QTR, STM32U599ZJT6Q, STM32U599ZJY6QTR, STM32U5A5AJH6, STM32U5A5AJH6Q, STM32U5A5QII3Q , STM32U5A5QJI6, STM32U5A5QJI6Q, STM32U5A5RJT6, STM32U5A5RJT6Q, STM32U5A5VJT6, STM32U5A5VJT6Q, STM32U5A5ZJT6, STM32U5A5ZJT6Q, STM32U5A5ZJY6QTR, STM32U5A9BJY6QTR, STM32U5A9J-DK, STM32U5A9NJH6Q, STM32U5A9VJT6Q, STM32U5A9ZJT6Q, STM32U5A9ZJY6QTR, STM32U5F7VIT6, STM32U5F7VIT6Q, STM32U5F7VJT6, STM32U5F7VJT6Q, STM32U5F9BJY6QTR, STM32U5F9NJH6Q, STM32U5F9VIT6Q, STM32U5F9VJT6Q, STM32U5F9ZIJ6QTR, STM32U5F9ZIT6Q, STM32U5F9ZJJ6QTR, STM32U5F9ZJT6Q, STM32U5G7VJT6, STM32U5G7VJT6Q, STM32U5G9BJY6QTR, STM32U5G9J-DK1, STM32U5G9J-DK2, STM32U5G9NJH6Q, STM32U5G9VJT6Q, STM32U5G9ZJJ6QTR, STM32U5G9ZJT6Q, STM32WB05KZV6TR, STM32WB05KZV7TR, STM32WB05TZF6TR, STM32WB05TZF7TR, STM32WB06CCF6TR, STM32WB06CCF7TR, STM32WB06CCV6TR, STM32WB06CCV7TR, STM32WB06KCV6TR, STM32WB06KCV7TR, STM32WB07CCF6TR, STM32WB07CCF7TR, STM32WB07CCV6TR, STM32WB07CCV7TR, STM32WB07KCV6TR, STM32WB07KCV7TR, STM32WB09KEV6TR, STM32WB09KEV7TR, STM32WB09TEF6TR, STM32WB09TEF7TR, STM32WB1MMCH6, STM32WBA50KGU6, STM32WBA50KGU6TR, STM32WBA52CEU6, STM32WBA52CEU6TR, STM32WBA52CEU7, STM32WBA52CEU7TR, STM32WBA52CGU6, STM32WBA52CGU6TR, STM32WBA52CGU6U, STM32WBA52CGU7, STM32WBA52CGU7TR, STM32WBA52KEU6, STM32WBA52KEU6TR, STM32WBA52KGU6, STM32WBA52KGU6TR, STM32WBA54CEU6, STM32WBA54CEU6TR, STM32WBA54CEU7, STM32WBA54CEU7TR, STM32WBA54CGU6, STM32WBA54CGU6TR, STM32WBA54CGU7, STM32WBA54CGU7TR, STM32WBA54KEU6, STM32WBA54KEU6TR, STM32WBA54KEU7, STM32WBA54KEU7TR, STM32WBA54KGU6, STM32WBA54KGU6TR, STM32WBA54KGU7, STM32WBA54KGU7TR, STM32WBA55CEU6, STM32WBA55CEU6TR, STM32WBA55CEU7, STM32WBA55CEU7TR, STM32WBA55CGU6, STM32WBA55CGU6TR, STM32WBA55CGU6U, STM32WBA55CGU7, STM32WBA55CGU7TR, STM32WBA55G-DK1, STM32WBA55HEF6, STM32WBA55HEF7, STM32WBA55HGF6, STM32WBA55HGF7, STM32WBA55UEI6, STM32WBA55UEI6TR, STM32WBA55UEI7, STM32WBA55UEI7TR, STM32WBA55UGI6, STM32WBA55UGI6TR, STM32WBA55UGI7, STM32WBA55UGI7TR, STM32WL5MOCH6, STM32WL5MOCH6TR]
2024-09-22 14:02:51,788 [INFO] DbMcus:218 - Found 4252 MCUs, 4252 are supported
2024-09-22 14:02:51,789 [INFO] ApiDb:414 - User favorites file not found: C:\Users\Admin/.stm32cubeide/favorites.mcus.txt
2024-09-22 14:02:51,790 [INFO] DbMcus:224 - Set 0 / 0 favorites MCUs
2024-09-22 14:02:53,370 [INFO] ApiDb:668 - CubeFinder database Data Model version=2.1
2024-09-22 14:02:53,371 [INFO] ApiDb:669 - CubeFinder database Configuration version=3.0.39
2024-09-22 14:02:53,371 [INFO] ApiDb:670 - CubeFinder database generation date=2024-09-16 (1726485674)
2024-09-22 14:02:53,371 [INFO] ApiDb:671 - CubeFinder database FW Pack versions=[FP-ATR-ASTRA1_V2.0.0, FP-SNS-FLIGHT1_V5.0.2, FP-SNS-MOTENV1_V5.0.0, FP-SNS-MOTENVWB1_V1.4.0, FP-SNS-SMARTAG2_V1.2.0, FP-SNS-STBOX1_V2.0.0, STM32Cube_FW_C0_V1.2.0, STM32Cube_FW_F4_V1.28.1, STM32Cube_FW_F7_V1.17.2, STM32Cube_FW_G0_V1.6.2, STM32Cube_FW_G4_V1.6.0, STM32Cube_FW_H5_V1.3.0, STM32Cube_FW_H7RS_V1.1.0, STM32Cube_FW_H7_V1.11.2, STM32Cube_FW_L0_V1.12.2, STM32Cube_FW_L5_V1.5.1, STM32Cube_FW_U0_V1.1.0, STM32Cube_FW_U5_V1.6.0, STM32Cube_FW_WB0_V1.0.0, STM32Cube_FW_WBA_V1.4.1, STM32Cube_FW_WB_V1.20.0, STM32Cube_FW_WL_V1.3.0, X-CUBE-ALGOBUILD_V1.4.0, X-CUBE-ALS_V1.0.2, X-CUBE-AZRTOS-F4_V1.1.0, X-CUBE-AZRTOS-F7_V1.1.0, X-CUBE-AZRTOS-G0_V1.1.0, X-CUBE-AZRTOS-G4_V2.0.0, X-CUBE-AZRTOS-H7RS_V1.0.0, X-CUBE-AZRTOS-H7_V3.2.0, X-CUBE-AZRTOS-L4_V2.0.0, X-CUBE-AZRTOS-L5_V2.0.0, X-CUBE-AZRTOS-WB_V2.0.0, X-CUBE-AZRTOS-WL_V2.0.0, X-CUBE-BLE1_V7.0.0, X-CUBE-BLE2_V3.3.0, X-CUBE-BLEMGR_V3.1.0, X-CUBE-EEPRMA1_V5.1.0, X-CUBE-FREERTOS_V1.2.0, X-CUBE-GNSS1_V6.0.0, X-CUBE-MEMS1_V11.0.0, X-CUBE-NFC4_V3.0.0, X-CUBE-NFC7_V1.0.1, X-CUBE-SFXS2LP1_V4.0.0, X-CUBE-SUBG2_V5.0.0, X-CUBE-TOF1_V3.4.2]
2024-09-22 14:02:53,520 [INFO] DbBoardsSqlite:226 - include board P-NUCLEO-WB55-NUCLEO as a kit item of type 'Nucleo-64'
2024-09-22 14:02:53,520 [INFO] DbBoardsSqlite:226 - include board P-NUCLEO-WB55-USBDONGLE as a kit item of type 'Nucleo USB Dongle'
2024-09-22 14:02:53,521 [INFO] DbBoardsSqlite:226 - include board STEVAL-IDP005V1 as a kit item of type 'Evaluation Board'
2024-09-22 14:02:53,522 [INFO] DbBoardsSqlite:226 - include board STEVAL-IDP005V2 as a kit item of type 'Evaluation Board'
2024-09-22 14:02:53,653 [INFO] ApiDb:240 - Found 646 in-development CPN: [B-G473E-ZEST1S, B-WB1M-WPAN1, B-WL5M-SUBG1, NUCLEO-C031C6, NUCLEO-C071RB, NUCLEO-H503RB, NUCLEO-H533RE, NUCLEO-H563ZI, NUCLEO-H7S3L8, NUCLEO-U031R8, NUCLEO-U083RC, NUCLEO-U545RE-Q, NUCLEO-U5A5ZJ-Q, NUCLEO-WB05KZ, NUCLEO-WB07CC, NUCLEO-WB09KE, NUCLEO-WBA52CG, NUCLEO-WBA55CG, STEVAL-PROTEUS1, STEVAL-SMARTAG2, STEVAL-STWINBX1, STM320518-EVAL, STM32C0116-DK, STM32C011D6Y3TR, STM32C011D6Y6TR, STM32C011F4P3, STM32C011F4P6, STM32C011F4U3, STM32C011F4U6TR, STM32C011F6P3, STM32C011F6P6, STM32C011F6U3, STM32C011F6U6TR, STM32C011J4M3, STM32C011J4M6, STM32C011J6M3, STM32C011J6M6, STM32C0316-DK, STM32C031C4T3, STM32C031C4T6, STM32C031C4U3, STM32C031C4U6, STM32C031C6T3, STM32C031C6T6, STM32C031C6U3, STM32C031C6U6, STM32C031F4P3, STM32C031F4P6, STM32C031F6P3, STM32C031F6P6, STM32C031G4U3, STM32C031G4U6, STM32C031G6U3, STM32C031G6U6, STM32C031K4T3, STM32C031K4T6, STM32C031K4U3, STM32C031K4U6, STM32C031K6T3, STM32C031K6T6, STM32C031K6U3, STM32C031K6U6, STM32C071C8T6, STM32C071C8T6N, STM32C071C8U6, STM32C071C8U6N, STM32C071CBT6, STM32C071CBT6N, STM32C071CBU6, STM32C071CBU6N, STM32C071F8P6, STM32C071F8P6N, STM32C071FBP6, STM32C071FBP6N, STM32C071FBY6TR, STM32C071G8U6, STM32C071G8U6N, STM32C071GBU6, STM32C071GBU6N, STM32C071K8T6, STM32C071K8T6N, STM32C071K8U6, STM32C071K8U6N, STM32C071KBT6, STM32C071KBT6N, STM32C071KBU6, STM32C071KBU6N, STM32C071R8T6, STM32C071R8T6N, STM32C071RBI6N, STM32C071RBT6, STM32C071RBT6N, STM32G071K8TXN, STM32G071K8UXN, STM32G081GBU6N, STM32G081KBT6N, STM32G081KBUXN, STM32G0B1CCT6N, STM32G0B1KCT6, STM32G0B1NEY6TR, STM32G0B1RCT6N, STM32G0C1CCT6, STM32G0C1CCT6N, STM32G0C1CCU6N, STM32G0C1CET6N, STM32G0C1CEU6N, STM32G0C1KCT6, STM32G0C1NEY6TR, STM32G0C1RCI6N, STM32G0C1RCT6N, STM32G0C1REI6N, STM32G0C1RET6N, STM32G0C1VCI6, STM32G0C1VEI6, STM32G411C6T3, STM32G411C6T6, STM32G411C6U3, STM32G411C6U6, STM32G411C8T3, STM32G411C8T6, STM32G411C8U3, STM32G411C8U6, STM32G411CBT3, STM32G411CBT6, STM32G411CBU3, STM32G411CBU6, STM32G411K6T3, STM32G411K6T6, STM32G411K6U3, STM32G411K6U6, STM32G411K8T3, STM32G411K8T6, STM32G411K8U3, STM32G411K8U6, STM32G411KBT3, STM32G411KBT6, STM32G411KBU3, STM32G411KBU6, STM32G411M6T3, STM32G411M6T6, STM32G411M8T3, STM32G411M8T6, STM32G411MBT3, STM32G411MBT6, STM32G411R6T3, STM32G411R6T6, STM32G411R8T3, STM32G411R8T6, STM32G411RBT3, STM32G411RBT6, STM32G414CBT3, STM32G414CBT6, STM32G414CBU3, STM32G414CBU6, STM32G414CCT3, STM32G414CCT6, STM32G414CCU3, STM32G414CCU6, STM32G414MBT3, STM32G414MBT6, STM32G414MCT3, STM32G414MCT6, STM32G414RBT3, STM32G414RBT6, STM32G414RCT3, STM32G414RCT6, STM32G414VBT3, STM32G414VBT6, STM32G414VCT3, STM32G414VCT6, STM32G431CBT3Z, STM32G431RBT3Z, STM32G471CCT6, STM32G471CCU6, STM32G471CET3, STM32G471CET6, STM32G471CEU3, STM32G471CEU6, STM32G471MCT6, STM32G471MET3, STM32G471MET6, STM32G471MEY6TR, STM32G471QCT6, STM32G471QET3, STM32G471RCT6, STM32G471RET3, STM32G471RET6, STM32G471VCH6, STM32G471VCI6, STM32G471VCT6, STM32G471VEH3, STM32G471VEH6, STM32G471VEI3, STM32G471VEI6, STM32G471VET3, STM32G471VET6, STM32G473QET3Z, STM32G473RET3Z, STM32G474CCT6, STM32G491RET3Z, STM32H503CBT6, STM32H503CBU6, STM32H503EBY6TR, STM32H503KBU6, STM32H503RBT6, STM32H523CCT6, STM32H523CCU6, STM32H523CET6, STM32H523CEU6, STM32H523HEY6TR, STM32H523RCT6, STM32H523RET6, STM32H523VCI6, STM32H523VCT6, STM32H523VEI6, STM32H523VET6, STM32H523ZCJ6, STM32H523ZCT6, STM32H523ZEJ6, STM32H523ZET6, STM32H533CET6, STM32H533CEU6, STM32H533HEY6TR, STM32H533RET6, STM32H533VEI6, STM32H533VET6, STM32H533ZEJ6, STM32H533ZET6, STM32H562AGI6, STM32H562AII6, STM32H562IGK6, STM32H562IGT6, STM32H562IIK6, STM32H562IIT6, STM32H562RGT6, STM32H562RGV6, STM32H562RIT6, STM32H562RIV6, STM32H562VGT6, STM32H562VIT6, STM32H562ZGT6, STM32H562ZIT6, STM32H563AGI6, STM32H563AII3Q, STM32H563AII6, STM32H563IGK6, STM32H563IGT6, STM32H563IIK3Q, STM32H563IIK6, STM32H563IIT3Q, STM32H563IIT6, STM32H563MIY3QTR, STM32H563RGT6, STM32H563RGV6, STM32H563RIT6, STM32H563RIV6, STM32H563VGT6, STM32H563VIT3Q, STM32H563VIT6, STM32H563ZGT6, STM32H563ZIT3Q, STM32H563ZIT6, STM32H573AII3Q, STM32H573AII6, STM32H573I-DK, STM32H573IIK3Q, STM32H573IIK6, STM32H573IIT3Q, STM32H573IIT6, STM32H573MIY3QTR, STM32H573RIT6, STM32H573RIV6, STM32H573VIT3Q, STM32H573VIT6, STM32H573ZIT3Q, STM32H573ZIT6, STM32H7R3A8I6, STM32H7R3I8K6, STM32H7R3I8T6, STM32H7R3L8H6, STM32H7R3L8H6H, STM32H7R3R8V6, STM32H7R3V8H6, STM32H7R3V8T6, STM32H7R3V8Y6TR, STM32H7R3Z8J6, STM32H7R3Z8T6, STM32H7R7A8I6, STM32H7R7I8K6, STM32H7R7I8T6, STM32H7R7L8H6, STM32H7R7L8H6H, STM32H7R7Z8J6, STM32H7S3A8I6, STM32H7S3I8K6, STM32H7S3I8T6, STM32H7S3L8H6, STM32H7S3L8H6H, STM32H7S3R8V6, STM32H7S3V8H6, STM32H7S3V8T6, STM32H7S3V8Y6TR, STM32H7S3Z8J6, STM32H7S3Z8T6, STM32H7S78-DK, STM32H7S7A8I6, STM32H7S7I8K6, STM32H7S7I8T6, STM32H7S7L8H6, STM32H7S7L8H6H, STM32H7S7Z8J6, STM32L4R5QGI6STR, STM32MP131AAE3, STM32MP131AAF3, STM32MP131AAG3, STM32MP131CAE3, STM32MP131CAF3, STM32MP131CAG3, STM32MP131DAE7, STM32MP131DAF7, STM32MP131DAG7, STM32MP131FAE7, STM32MP131FAF7, STM32MP131FAG7, STM32MP133AAE3, STM32MP133AAF3, STM32MP133AAG3, STM32MP133CAE3, STM32MP133CAF3, STM32MP133CAG3, STM32MP133DAE7, STM32MP133DAF7, STM32MP133DAG7, STM32MP133FAE7, STM32MP133FAF7, STM32MP133FAG7, STM32MP135AAE3, STM32MP135AAF3, STM32MP135AAG3, STM32MP135CAE3, STM32MP135CAF3, STM32MP135CAG3, STM32MP135DAE7, STM32MP135DAF7, STM32MP135DAG7, STM32MP135F-DK, STM32MP135FAE7, STM32MP135FAF7, STM32MP135FAF7T, STM32MP135FAF7U, STM32MP135FAG7, STM32MP251AAI3, STM32MP251AAK3, STM32MP251AAL3, STM32MP251CAI3, STM32MP251CAK3, STM32MP251CAL3, STM32MP251DAI3, STM32MP251DAK3, STM32MP251DAL3, STM32MP251FAI3, STM32MP251FAK3, STM32MP251FAL3, STM32MP253AAI3, STM32MP253AAK3, STM32MP253AAL3, STM32MP253CAI3, STM32MP253CAK3, STM32MP253CAL3, STM32MP253DAI3, STM32MP253DAK3, STM32MP253DAL3, STM32MP253FAI3, STM32MP253FAK3, STM32MP253FAL3, STM32MP255AAI3, STM32MP255AAK3, STM32MP255AAL3, STM32MP255CAI3, STM32MP255CAK3, STM32MP255CAL3, STM32MP255DAI3, STM32MP255DAK3, STM32MP255DAL3, STM32MP255FAI3, STM32MP255FAK3, STM32MP255FAL3, STM32MP257AAI3, STM32MP257AAK3, STM32MP257AAL3, STM32MP257CAI3, STM32MP257CAK3, STM32MP257CAL3, STM32MP257DAI3, STM32MP257DAK3, STM32MP257DAL3, STM32MP257F-DK, STM32MP257F-EV1, STM32MP257FAI3, STM32MP257FAK3, STM32MP257FAL3, STM32U031C6T6, STM32U031C6U6, STM32U031C8T6, STM32U031C8U6, STM32U031F4P6, STM32U031F6P6, STM32U031F8P6, STM32U031G6Y6TR, STM32U031G8Y6TR, STM32U031K4U6, STM32U031K6U6, STM32U031K8U6, STM32U031R6I6, STM32U031R6T6, STM32U031R8I6, STM32U031R8T6, STM32U073C8T6, STM32U073C8U6, STM32U073CBT6, STM32U073CBU6, STM32U073CCT6, STM32U073CCU6, STM32U073H8Y6TR, STM32U073HBY6TR, STM32U073HCY6TR, STM32U073K8U6, STM32U073KBU6, STM32U073KCU6, STM32U073M8I6, STM32U073M8T6, STM32U073MBI6, STM32U073MBT6, STM32U073MCI6, STM32U073MCT6, STM32U073R8I6, STM32U073R8T6, STM32U073RBI6, STM32U073RBT6, STM32U073RCI6, STM32U073RCT6, STM32U083C-DK, STM32U083CCT6, STM32U083CCU6, STM32U083HCY6TR, STM32U083KCU6, STM32U083MCI6, STM32U083MCT6, STM32U083RCI6, STM32U083RCT6, STM32U535CBT6, STM32U535CBT6Q, STM32U535CBU6, STM32U535CBU6Q, STM32U535CCT6, STM32U535CCT6Q, STM32U535CCU6, STM32U535CCU6Q, STM32U535CET6, STM32U535CET6Q, STM32U535CEU6, STM32U535CEU6Q, STM32U535JEY6QTR, STM32U535NCY6QTR, STM32U535NEY6QTR, STM32U535RBI6, STM32U535RBI6Q, STM32U535RBT6, STM32U535RBT6Q, STM32U535RCI6, STM32U535RCI6Q, STM32U535RCT6, STM32U535RCT6Q, STM32U535REI6, STM32U535REI6Q, STM32U535RET6, STM32U535RET6Q, STM32U535VCI6, STM32U535VCI6Q, STM32U535VCT6, STM32U535VCT6Q, STM32U535VEI6, STM32U535VEI6Q, STM32U535VET6, STM32U535VET6Q, STM32U545CET6, STM32U545CET6Q, STM32U545CEU6, STM32U545CEU6Q, STM32U545JEY6QTR, STM32U545NEY6QTR, STM32U545REI6, STM32U545REI6Q, STM32U545RET6, STM32U545RET6Q, STM32U545VEI6, STM32U545VEI6Q, STM32U545VET6, STM32U545VET6Q, STM32U595AIH6, STM32U595AIH6Q, STM32U595AJH6, STM32U595AJH6Q, STM32U595QII6, STM32U595QII6Q, STM32U595QJI6, STM32U595QJI6Q, STM32U595RIT6, STM32U595RIT6Q, STM32U595RJT6, STM32U595RJT6Q, STM32U595VIT6, STM32U595VIT6Q, STM32U595VJT6, STM32U595VJT6Q, STM32U595ZIT6, STM32U595ZIT6Q, STM32U595ZIY6QTR, STM32U595ZJT6, STM32U595ZJT6Q, STM32U595ZJY6QTR, STM32U599BJY6QTR, STM32U599NIH6Q, STM32U599NJH6Q, STM32U599VIT6Q, STM32U599VJT6, STM32U599VJT6Q, STM32U599ZIT6Q, STM32U599ZIY6QTR, STM32U599ZJT6Q, STM32U599ZJY6QTR, STM32U5A5AJH6, STM32U5A5AJH6Q, STM32U5A5QII3Q , STM32U5A5QJI6, STM32U5A5QJI6Q, STM32U5A5RJT6, STM32U5A5RJT6Q, STM32U5A5VJT6, STM32U5A5VJT6Q, STM32U5A5ZJT6, STM32U5A5ZJT6Q, STM32U5A5ZJY6QTR, STM32U5A9BJY6QTR, STM32U5A9J-DK, STM32U5A9NJH6Q, STM32U5A9VJT6Q, STM32U5A9ZJT6Q, STM32U5A9ZJY6QTR, STM32U5F7VIT6, STM32U5F7VIT6Q, STM32U5F7VJT6, STM32U5F7VJT6Q, STM32U5F9BJY6QTR, STM32U5F9NJH6Q, STM32U5F9VIT6Q, STM32U5F9VJT6Q, STM32U5F9ZIJ6QTR, STM32U5F9ZIT6Q, STM32U5F9ZJJ6QTR, STM32U5F9ZJT6Q, STM32U5G7VJT6, STM32U5G7VJT6Q, STM32U5G9BJY6QTR, STM32U5G9J-DK1, STM32U5G9J-DK2, STM32U5G9NJH6Q, STM32U5G9VJT6Q, STM32U5G9ZJJ6QTR, STM32U5G9ZJT6Q, STM32WB05KZV6TR, STM32WB05KZV7TR, STM32WB05TZF6TR, STM32WB05TZF7TR, STM32WB06CCF6TR, STM32WB06CCF7TR, STM32WB06CCV6TR, STM32WB06CCV7TR, STM32WB06KCV6TR, STM32WB06KCV7TR, STM32WB07CCF6TR, STM32WB07CCF7TR, STM32WB07CCV6TR, STM32WB07CCV7TR, STM32WB07KCV6TR, STM32WB07KCV7TR, STM32WB09KEV6TR, STM32WB09KEV7TR, STM32WB09TEF6TR, STM32WB09TEF7TR, STM32WB1MMCH6, STM32WBA50KGU6, STM32WBA50KGU6TR, STM32WBA52CEU6, STM32WBA52CEU6TR, STM32WBA52CEU7, STM32WBA52CEU7TR, STM32WBA52CGU6, STM32WBA52CGU6TR, STM32WBA52CGU6U, STM32WBA52CGU7, STM32WBA52CGU7TR, STM32WBA52KEU6, STM32WBA52KEU6TR, STM32WBA52KGU6, STM32WBA52KGU6TR, STM32WBA54CEU6, STM32WBA54CEU6TR, STM32WBA54CEU7, STM32WBA54CEU7TR, STM32WBA54CGU6, STM32WBA54CGU6TR, STM32WBA54CGU7, STM32WBA54CGU7TR, STM32WBA54KEU6, STM32WBA54KEU6TR, STM32WBA54KEU7, STM32WBA54KEU7TR, STM32WBA54KGU6, STM32WBA54KGU6TR, STM32WBA54KGU7, STM32WBA54KGU7TR, STM32WBA55CEU6, STM32WBA55CEU6TR, STM32WBA55CEU7, STM32WBA55CEU7TR, STM32WBA55CGU6, STM32WBA55CGU6TR, STM32WBA55CGU6U, STM32WBA55CGU7, STM32WBA55CGU7TR, STM32WBA55G-DK1, STM32WBA55HEF6, STM32WBA55HEF7, STM32WBA55HGF6, STM32WBA55HGF7, STM32WBA55UEI6, STM32WBA55UEI6TR, STM32WBA55UEI7, STM32WBA55UEI7TR, STM32WBA55UGI6, STM32WBA55UGI6TR, STM32WBA55UGI7, STM32WBA55UGI7TR, STM32WL5MOCH6, STM32WL5MOCH6TR]
2024-09-22 14:02:54,051 [INFO] BoardInfo:889 - No configuration file found for board P-NUCLEO-WB55
2024-09-22 14:02:54,054 [INFO] DbBoards:161 - Kit is not supported: P-NUCLEO-WB55
2024-09-22 14:02:54,102 [INFO] BoardInfo:889 - No configuration file found for board STEVAL-BFA001V1B
2024-09-22 14:02:54,104 [INFO] DbBoards:161 - Kit is not supported: STEVAL-BFA001V1B
2024-09-22 14:02:54,106 [INFO] BoardInfo:889 - No configuration file found for board STEVAL-BFA001V2B
2024-09-22 14:02:54,107 [INFO] DbBoards:161 - Kit is not supported: STEVAL-BFA001V2B
2024-09-22 14:02:54,541 [INFO] DbBoards:168 - Found 201 boards, 198 are supported
2024-09-22 14:02:54,542 [INFO] DbBoards:169 - Found 201 boards, 25 of them is supported for  Bsp
2024-09-22 14:02:54,550 [INFO] ApiDb:414 - User favorites file not found: C:\Users\Admin/.stm32cubeide/favorites.boards.txt
2024-09-22 14:02:54,551 [INFO] DbBoards:198 - Set 0 / 0 favorites Boards
2024-09-22 14:02:54,555 [INFO] ApiDb:668 - CubeFinder database Data Model version=2.1
2024-09-22 14:02:54,555 [INFO] ApiDb:669 - CubeFinder database Configuration version=3.0.39
2024-09-22 14:02:54,555 [INFO] ApiDb:670 - CubeFinder database generation date=2024-09-16 (1726485674)
2024-09-22 14:02:54,555 [INFO] ApiDb:671 - CubeFinder database FW Pack versions=[FP-ATR-ASTRA1_V2.0.0, FP-SNS-FLIGHT1_V5.0.2, FP-SNS-MOTENV1_V5.0.0, FP-SNS-MOTENVWB1_V1.4.0, FP-SNS-SMARTAG2_V1.2.0, FP-SNS-STBOX1_V2.0.0, STM32Cube_FW_C0_V1.2.0, STM32Cube_FW_F4_V1.28.1, STM32Cube_FW_F7_V1.17.2, STM32Cube_FW_G0_V1.6.2, STM32Cube_FW_G4_V1.6.0, STM32Cube_FW_H5_V1.3.0, STM32Cube_FW_H7RS_V1.1.0, STM32Cube_FW_H7_V1.11.2, STM32Cube_FW_L0_V1.12.2, STM32Cube_FW_L5_V1.5.1, STM32Cube_FW_U0_V1.1.0, STM32Cube_FW_U5_V1.6.0, STM32Cube_FW_WB0_V1.0.0, STM32Cube_FW_WBA_V1.4.1, STM32Cube_FW_WB_V1.20.0, STM32Cube_FW_WL_V1.3.0, X-CUBE-ALGOBUILD_V1.4.0, X-CUBE-ALS_V1.0.2, X-CUBE-AZRTOS-F4_V1.1.0, X-CUBE-AZRTOS-F7_V1.1.0, X-CUBE-AZRTOS-G0_V1.1.0, X-CUBE-AZRTOS-G4_V2.0.0, X-CUBE-AZRTOS-H7RS_V1.0.0, X-CUBE-AZRTOS-H7_V3.2.0, X-CUBE-AZRTOS-L4_V2.0.0, X-CUBE-AZRTOS-L5_V2.0.0, X-CUBE-AZRTOS-WB_V2.0.0, X-CUBE-AZRTOS-WL_V2.0.0, X-CUBE-BLE1_V7.0.0, X-CUBE-BLE2_V3.3.0, X-CUBE-BLEMGR_V3.1.0, X-CUBE-EEPRMA1_V5.1.0, X-CUBE-FREERTOS_V1.2.0, X-CUBE-GNSS1_V6.0.0, X-CUBE-MEMS1_V11.0.0, X-CUBE-NFC4_V3.0.0, X-CUBE-NFC7_V1.0.1, X-CUBE-SFXS2LP1_V4.0.0, X-CUBE-SUBG2_V5.0.0, X-CUBE-TOF1_V3.4.2]
2024-09-22 14:02:55,741 [INFO] MainUpdater:2873 - connection check result : 10
2024-09-22 14:02:56,102 [ERROR] DbExamplesSqlite:437 - Missing JSON key: board_cpn
2024-09-22 14:02:56,103 [ERROR] DbExamplesSqlite:437 - Missing JSON key: board_cpn
2024-09-22 14:02:56,103 [ERROR] DbExamplesSqlite:437 - Missing JSON key: board_cpn
2024-09-22 14:02:56,104 [ERROR] DbExamplesSqlite:437 - Missing JSON key: board_cpn
2024-09-22 14:02:56,456 [ERROR] DbExamplesSqlite:437 - Missing JSON key: board_cpn
2024-09-22 14:02:56,457 [ERROR] DbExamplesSqlite:437 - Missing JSON key: board_cpn
2024-09-22 14:02:56,457 [ERROR] DbExamplesSqlite:437 - Missing JSON key: board_cpn
2024-09-22 14:02:56,458 [ERROR] DbExamplesSqlite:437 - Missing JSON key: board_cpn
2024-09-22 14:02:56,458 [ERROR] DbExamplesSqlite:437 - Missing JSON key: board_cpn
2024-09-22 14:02:56,459 [ERROR] DbExamplesSqlite:437 - Missing JSON key: board_cpn
2024-09-22 14:02:56,459 [ERROR] DbExamplesSqlite:437 - Missing JSON key: board_cpn
2024-09-22 14:02:56,460 [ERROR] DbExamplesSqlite:437 - Missing JSON key: board_cpn
2024-09-22 14:02:56,460 [ERROR] DbExamplesSqlite:437 - Missing JSON key: board_cpn
2024-09-22 14:02:56,464 [INFO] DbExamplesSqlite:395 - Ignored 28 examples not supported by CubeIDE
2024-09-22 14:02:56,465 [INFO] DbExamplesSqlite:396 - Found 8614 examples active
2024-09-22 14:02:56,466 [INFO] DbExamplesSqlite:397 - Found 0 examples obsolete
2024-09-22 14:02:56,467 [INFO] DbExamplesSqlite:398 - Found 0 examples under development
2024-09-22 14:02:56,468 [INFO] DbExamplesSqlite:399 - Found 10 examples not building
2024-09-22 14:02:56,472 [INFO] DbExamples:125 - Found 8596 examples
2024-09-22 14:02:56,530 [INFO] DbExamples:222 - Found 108 boards with related examples
2024-09-22 14:02:56,533 [INFO] DbExamples:235 - Found 90 MCUs with related examples
2024-09-22 14:02:56,577 [INFO] ApiDb:414 - User favorites file not found: C:\Users\Admin/.stm32cubeide/favorites.examples.txt
2024-09-22 14:02:56,577 [INFO] DbExamples:250 - Set 0 / 0 favorites Examples
2024-09-22 14:02:56,965 [INFO] McuFinderGlobals:76 - Set McuFinderConnectedMode to true
2024-09-22 14:02:56,985 [INFO] MultiScanPanel:200 - Auto-refresh data requested => check proxy status ongoing
2024-09-22 14:02:56,992 [INFO] FinderPluginLoader:95 - Searching for filters in installed packs
2024-09-22 14:02:57,061 [ERROR] LogOutputStream:75 - [STDERR_REDIRECT] java.lang.NullPointerException: Cannot invoke "com.st.stm32cube.common.mx.targetselector.IdeMcuFinder.getBoard()" because "this.mcuFinder" is null
2024-09-22 14:02:57,067 [ERROR] LogOutputStream:75 - [STDERR_REDIRECT] 	at com.st.stm32cube.common.mx.targetselector.TargetSelectorAdapter.getBoard(TargetSelectorAdapter.java:372)
2024-09-22 14:02:57,074 [ERROR] LogOutputStream:75 - [STDERR_REDIRECT] 	at com.st.stm32cube.common.projectcreation.ui.wizard.TargetSetupPageAbstract.getSelectedTargetName(TargetSetupPageAbstract.java:462)
2024-09-22 14:02:57,078 [ERROR] LogOutputStream:75 - [STDERR_REDIRECT] 	at com.st.stm32cube.common.projectcreation.ui.wizard.ProjectSetupPageAbstract.getTargetObject(ProjectSetupPageAbstract.java:1100)
2024-09-22 14:02:57,086 [ERROR] LogOutputStream:75 - [STDERR_REDIRECT] 	at com.st.stm32cube.common.projectcreation.ui.projectStructure.ProjectStructureCompositeFactory.createProjectStructureComposite(ProjectStructureCompositeFactory.java:22)
2024-09-22 14:02:57,092 [ERROR] LogOutputStream:75 - [STDERR_REDIRECT] 	at com.st.stm32cube.common.projectcreation.ui.wizard.ProjectSetupPageAbstract.createControl(ProjectSetupPageAbstract.java:388)
2024-09-22 14:02:57,095 [ERROR] LogOutputStream:75 - [STDERR_REDIRECT] 	at org.eclipse.jface.wizard.Wizard.createPageControls(Wizard.java:180)
2024-09-22 14:02:57,099 [ERROR] LogOutputStream:75 - [STDERR_REDIRECT] 	at org.eclipse.jface.wizard.WizardDialog.createPageControls(WizardDialog.java:744)
2024-09-22 14:02:57,104 [ERROR] LogOutputStream:75 - [STDERR_REDIRECT] 	at org.eclipse.jface.wizard.WizardDialog.createContents(WizardDialog.java:636)
2024-09-22 14:02:57,117 [ERROR] LogOutputStream:75 - [STDERR_REDIRECT] 	at org.eclipse.jface.window.Window.create(Window.java:431)
2024-09-22 14:02:57,130 [ERROR] LogOutputStream:75 - [STDERR_REDIRECT] 	at org.eclipse.jface.dialogs.Dialog.create(Dialog.java:1094)
2024-09-22 14:02:57,135 [ERROR] LogOutputStream:75 - [STDERR_REDIRECT] 	at org.eclipse.jface.window.Window.open(Window.java:788)
2024-09-22 14:02:57,141 [ERROR] LogOutputStream:75 - [STDERR_REDIRECT] 	at com.st.stm32cube.ide.mcu.informationcenter.WelcomePageAction.run(WelcomePageAction.java:54)
2024-09-22 14:02:57,146 [ERROR] LogOutputStream:75 - [STDERR_REDIRECT] 	at org.eclipse.ui.internal.intro.impl.model.url.IntroURL.runAction(IntroURL.java:279)
2024-09-22 14:02:57,154 [ERROR] LogOutputStream:75 - [STDERR_REDIRECT] 	at org.eclipse.ui.internal.intro.impl.model.url.IntroURL.doExecute(IntroURL.java:190)
2024-09-22 14:02:57,158 [ERROR] LogOutputStream:75 - [STDERR_REDIRECT] 	at org.eclipse.ui.internal.intro.impl.model.url.IntroURL.lambda$0(IntroURL.java:145)
2024-09-22 14:02:57,164 [ERROR] LogOutputStream:75 - [STDERR_REDIRECT] 	at org.eclipse.swt.custom.BusyIndicator.showWhile(BusyIndicator.java:67)
2024-09-22 14:02:57,168 [ERROR] LogOutputStream:75 - [STDERR_REDIRECT] 	at org.eclipse.ui.internal.intro.impl.model.url.IntroURL.execute(IntroURL.java:145)
2024-09-22 14:02:57,176 [ERROR] LogOutputStream:75 - [STDERR_REDIRECT] 	at org.eclipse.ui.internal.intro.impl.presentations.BrowserIntroPartLocationListener.changing(BrowserIntroPartLocationListener.java:130)
2024-09-22 14:02:57,179 [ERROR] LogOutputStream:75 - [STDERR_REDIRECT] 	at org.eclipse.swt.browser.IE.lambda$6(IE.java:525)
2024-09-22 14:02:57,183 [ERROR] LogOutputStream:75 - [STDERR_REDIRECT] 	at org.eclipse.swt.ole.win32.OleEventTable.sendEvent(OleEventTable.java:57)
2024-09-22 14:02:57,187 [ERROR] LogOutputStream:75 - [STDERR_REDIRECT] 	at org.eclipse.swt.ole.win32.OleEventSink.notifyListener(OleEventSink.java:160)
2024-09-22 14:02:57,191 [ERROR] LogOutputStream:75 - [STDERR_REDIRECT] 	at org.eclipse.swt.ole.win32.OleEventSink.Invoke(OleEventSink.java:128)
2024-09-22 14:02:57,195 [ERROR] LogOutputStream:75 - [STDERR_REDIRECT] 	at org.eclipse.swt.ole.win32.OleEventSink$1.method6(OleEventSink.java:79)
2024-09-22 14:02:57,201 [ERROR] LogOutputStream:75 - [STDERR_REDIRECT] 	at org.eclipse.swt.internal.ole.win32.COMObject.callback6(COMObject.java:120)
2024-09-22 14:02:57,205 [ERROR] LogOutputStream:75 - [STDERR_REDIRECT] 	at org.eclipse.swt.internal.win32.OS.DispatchMessage(Native Method)
2024-09-22 14:02:57,208 [ERROR] LogOutputStream:75 - [STDERR_REDIRECT] 	at org.eclipse.swt.widgets.Display.readAndDispatch(Display.java:3657)
2024-09-22 14:02:57,213 [ERROR] LogOutputStream:75 - [STDERR_REDIRECT] 	at com.st.stm32cube.common.mx.oss.core.awtswtbridge.SwtInputBlocker.open(SwtInputBlocker.java:55)
2024-09-22 14:02:57,241 [ERROR] LogOutputStream:75 - [STDERR_REDIRECT] 	at com.st.stm32cube.common.mx.oss.core.awtswtbridge.SwtInputBlocker.block(SwtInputBlocker.java:111)
2024-09-22 14:02:57,255 [ERROR] LogOutputStream:75 - [STDERR_REDIRECT] 	at com.st.stm32cube.common.mx.oss.core.awtswtbridge.AwtEnvironment.invokeAwt(AwtEnvironment.java:179)
2024-09-22 14:02:57,260 [ERROR] LogOutputStream:75 - [STDERR_REDIRECT] 	at com.st.stm32cube.common.mx.oss.core.awtswtbridge.AwtEnvironment.invokeAwtAndBlockSwt(AwtEnvironment.java:206)
2024-09-22 14:02:57,265 [ERROR] LogOutputStream:75 - [STDERR_REDIRECT] 	at com.st.stm32cube.common.mx.targetselector.TargetSelectorAdapter.launchMCUFinder(TargetSelectorAdapter.java:233)
2024-09-22 14:02:57,270 [ERROR] LogOutputStream:75 - [STDERR_REDIRECT] 	at com.st.stm32cube.common.mx.targetselector.TargetSelectorAdapter.addTargetSelector(TargetSelectorAdapter.java:181)
2024-09-22 14:02:57,275 [ERROR] LogOutputStream:75 - [STDERR_REDIRECT] 	at com.st.stm32cube.common.projectcreation.ui.wizard.TargetSetupPageAbstract.createControl(TargetSetupPageAbstract.java:131)
2024-09-22 14:02:57,279 [ERROR] LogOutputStream:75 - [STDERR_REDIRECT] 	at org.eclipse.jface.wizard.Wizard.createPageControls(Wizard.java:180)
2024-09-22 14:02:57,283 [ERROR] LogOutputStream:75 - [STDERR_REDIRECT] 	at org.eclipse.jface.wizard.WizardDialog.createPageControls(WizardDialog.java:744)
2024-09-22 14:02:57,287 [ERROR] LogOutputStream:75 - [STDERR_REDIRECT] 	at org.eclipse.jface.wizard.WizardDialog.createContents(WizardDialog.java:636)
2024-09-22 14:02:57,291 [ERROR] LogOutputStream:75 - [STDERR_REDIRECT] 	at org.eclipse.jface.window.Window.create(Window.java:431)
2024-09-22 14:02:57,294 [ERROR] LogOutputStream:75 - [STDERR_REDIRECT] 	at org.eclipse.jface.dialogs.Dialog.create(Dialog.java:1094)
2024-09-22 14:02:57,297 [ERROR] LogOutputStream:75 - [STDERR_REDIRECT] 	at org.eclipse.jface.window.Window.open(Window.java:788)
2024-09-22 14:02:57,302 [ERROR] LogOutputStream:75 - [STDERR_REDIRECT] 	at com.st.stm32cube.ide.mcu.informationcenter.WelcomePageAction.run(WelcomePageAction.java:54)
2024-09-22 14:02:57,307 [ERROR] LogOutputStream:75 - [STDERR_REDIRECT] 	at org.eclipse.ui.internal.intro.impl.model.url.IntroURL.runAction(IntroURL.java:279)
2024-09-22 14:02:57,311 [ERROR] LogOutputStream:75 - [STDERR_REDIRECT] 	at org.eclipse.ui.internal.intro.impl.model.url.IntroURL.doExecute(IntroURL.java:190)
2024-09-22 14:02:57,315 [ERROR] LogOutputStream:75 - [STDERR_REDIRECT] 	at org.eclipse.ui.internal.intro.impl.model.url.IntroURL.lambda$0(IntroURL.java:145)
2024-09-22 14:02:57,318 [ERROR] LogOutputStream:75 - [STDERR_REDIRECT] 	at org.eclipse.swt.custom.BusyIndicator.showWhile(BusyIndicator.java:67)
2024-09-22 14:02:57,321 [ERROR] LogOutputStream:75 - [STDERR_REDIRECT] 	at org.eclipse.ui.internal.intro.impl.model.url.IntroURL.execute(IntroURL.java:145)
2024-09-22 14:02:57,326 [ERROR] LogOutputStream:75 - [STDERR_REDIRECT] 	at org.eclipse.ui.internal.intro.impl.presentations.BrowserIntroPartLocationListener.changing(BrowserIntroPartLocationListener.java:130)
2024-09-22 14:02:57,329 [ERROR] LogOutputStream:75 - [STDERR_REDIRECT] 	at org.eclipse.swt.browser.IE.lambda$6(IE.java:525)
2024-09-22 14:02:57,333 [ERROR] LogOutputStream:75 - [STDERR_REDIRECT] 	at org.eclipse.swt.ole.win32.OleEventTable.sendEvent(OleEventTable.java:57)
2024-09-22 14:02:57,337 [ERROR] LogOutputStream:75 - [STDERR_REDIRECT] 	at org.eclipse.swt.ole.win32.OleEventSink.notifyListener(OleEventSink.java:160)
2024-09-22 14:02:57,340 [ERROR] LogOutputStream:75 - [STDERR_REDIRECT] 	at org.eclipse.swt.ole.win32.OleEventSink.Invoke(OleEventSink.java:128)
2024-09-22 14:02:57,343 [ERROR] LogOutputStream:75 - [STDERR_REDIRECT] 	at org.eclipse.swt.ole.win32.OleEventSink$1.method6(OleEventSink.java:79)
2024-09-22 14:02:57,372 [ERROR] LogOutputStream:75 - [STDERR_REDIRECT] 	at org.eclipse.swt.internal.ole.win32.COMObject.callback6(COMObject.java:120)
2024-09-22 14:02:57,376 [ERROR] LogOutputStream:75 - [STDERR_REDIRECT] 	at org.eclipse.swt.internal.win32.OS.DispatchMessage(Native Method)
2024-09-22 14:02:57,383 [ERROR] LogOutputStream:75 - [STDERR_REDIRECT] 	at org.eclipse.swt.widgets.Display.readAndDispatch(Display.java:3657)
2024-09-22 14:02:57,387 [ERROR] LogOutputStream:75 - [STDERR_REDIRECT] 	at org.eclipse.e4.ui.internal.workbench.swt.PartRenderingEngine$5.run(PartRenderingEngine.java:1155)
2024-09-22 14:02:57,391 [ERROR] LogOutputStream:75 - [STDERR_REDIRECT] 	at org.eclipse.core.databinding.observable.Realm.runWithDefault(Realm.java:342)
2024-09-22 14:02:57,395 [ERROR] LogOutputStream:75 - [STDERR_REDIRECT] 	at org.eclipse.e4.ui.internal.workbench.swt.PartRenderingEngine.run(PartRenderingEngine.java:1046)
2024-09-22 14:02:57,399 [ERROR] LogOutputStream:75 - [STDERR_REDIRECT] 	at org.eclipse.e4.ui.internal.workbench.E4Workbench.createAndRunUI(E4Workbench.java:155)
2024-09-22 14:02:57,402 [ERROR] LogOutputStream:75 - [STDERR_REDIRECT] 	at org.eclipse.ui.internal.Workbench.lambda$3(Workbench.java:648)
2024-09-22 14:02:57,405 [ERROR] LogOutputStream:75 - [STDERR_REDIRECT] 	at org.eclipse.core.databinding.observable.Realm.runWithDefault(Realm.java:342)
2024-09-22 14:02:57,408 [ERROR] LogOutputStream:75 - [STDERR_REDIRECT] 	at org.eclipse.ui.internal.Workbench.createAndRunWorkbench(Workbench.java:555)
2024-09-22 14:02:57,412 [ERROR] LogOutputStream:75 - [STDERR_REDIRECT] 	at org.eclipse.ui.PlatformUI.createAndRunWorkbench(PlatformUI.java:173)
2024-09-22 14:02:57,417 [ERROR] LogOutputStream:75 - [STDERR_REDIRECT] 	at org.eclipse.ui.internal.ide.application.IDEApplication.start(IDEApplication.java:152)
2024-09-22 14:02:57,421 [ERROR] LogOutputStream:75 - [STDERR_REDIRECT] 	at org.eclipse.equinox.internal.app.EclipseAppHandle.run(EclipseAppHandle.java:208)
2024-09-22 14:02:57,426 [ERROR] LogOutputStream:75 - [STDERR_REDIRECT] 	at org.eclipse.core.runtime.internal.adaptor.EclipseAppLauncher.runApplication(EclipseAppLauncher.java:136)
2024-09-22 14:02:57,430 [ERROR] LogOutputStream:75 - [STDERR_REDIRECT] 	at org.eclipse.core.runtime.internal.adaptor.EclipseAppLauncher.start(EclipseAppLauncher.java:104)
2024-09-22 14:02:57,434 [ERROR] LogOutputStream:75 - [STDERR_REDIRECT] 	at org.eclipse.core.runtime.adaptor.EclipseStarter.run(EclipseStarter.java:402)
2024-09-22 14:02:57,440 [ERROR] LogOutputStream:75 - [STDERR_REDIRECT] 	at org.eclipse.core.runtime.adaptor.EclipseStarter.run(EclipseStarter.java:255)
2024-09-22 14:02:57,444 [ERROR] LogOutputStream:75 - [STDERR_REDIRECT] 	at java.base/jdk.internal.reflect.NativeMethodAccessorImpl.invoke0(Native Method)
2024-09-22 14:02:57,450 [ERROR] LogOutputStream:75 - [STDERR_REDIRECT] 	at java.base/jdk.internal.reflect.NativeMethodAccessorImpl.invoke(NativeMethodAccessorImpl.java:77)
2024-09-22 14:02:57,454 [ERROR] LogOutputStream:75 - [STDERR_REDIRECT] 	at java.base/jdk.internal.reflect.DelegatingMethodAccessorImpl.invoke(DelegatingMethodAccessorImpl.java:43)
2024-09-22 14:02:57,458 [ERROR] LogOutputStream:75 - [STDERR_REDIRECT] 	at java.base/java.lang.reflect.Method.invoke(Method.java:568)
2024-09-22 14:02:57,460 [ERROR] LogOutputStream:75 - [STDERR_REDIRECT] 	at org.eclipse.equinox.launcher.Main.invokeFramework(Main.java:651)
2024-09-22 14:02:57,464 [ERROR] LogOutputStream:75 - [STDERR_REDIRECT] 	at org.eclipse.equinox.launcher.Main.basicRun(Main.java:588)
2024-09-22 14:02:57,467 [ERROR] LogOutputStream:75 - [STDERR_REDIRECT] 	at org.eclipse.equinox.launcher.Main.run(Main.java:1459)
2024-09-22 14:03:00,842 [INFO] LoadUrlFilesThread:185 - End of LoadServerUrlFiles without Thread
2024-09-22 14:03:00,980 [INFO] DetailPanel:341 - Set advertising image to C:/Users/Admin/STM32Cube/Repository/\en.prom-stm32c071-usb-memories-mcu-finder.png
2024-09-22 14:03:01,075 [INFO] MainUpdater:2873 - connection check result : 10
2024-09-22 14:03:03,599 [INFO] McuFinderGlobals:76 - Set McuFinderConnectedMode to true
2024-09-22 14:03:03,601 [INFO] MultiScanPanel:200 - Auto-refresh data requested => check proxy status ongoing
2024-09-22 14:03:03,601 [INFO] FinderPluginLoader:95 - Searching for filters in installed packs
2024-09-22 14:03:05,963 [INFO] LoadUrlFilesThread:185 - End of LoadServerUrlFiles without Thread
2024-09-22 14:03:05,964 [INFO] DetailPanel:341 - Set advertising image to C:/Users/Admin/STM32Cube/Repository/\en.prom-stm32c071-usb-memories-mcu-finder.png
2024-09-22 14:03:24,597 [INFO] MultiScanPanel:200 - Auto-refresh data requested => check proxy status ongoing
2024-09-22 14:03:24,843 [INFO] LoadUrlFilesThread:185 - End of LoadServerUrlFiles without Thread
2024-09-22 14:03:24,844 [INFO] DetailPanel:341 - Set advertising image to C:/Users/Admin/STM32Cube/Repository/\en.prom-stm32c071-usb-memories-mcu-finder.png
2024-09-22 14:03:24,869 [INFO] DbBoards:642 - Loading board mini-images...
2024-09-22 14:03:25,567 [ERROR] DbBoards:659 - Image file not found for board NUCLEO-C071RB: C:\Users\Admin\.stmcufinder\plugins\mcufinder//mcu//boards_images/NUCLEO-C071RB.jpg
2024-09-22 14:03:26,795 [ERROR] DbBoards:659 - Image file not found for board NUCLEO-WB05KZ: C:\Users\Admin\.stmcufinder\plugins\mcufinder//mcu//boards_images/NUCLEO-WB05KZ.jpg
2024-09-22 14:03:28,415 [INFO] DbBoards:665 - Loaded 199 board mini-images
2024-09-22 14:04:19,434 [INFO] McuFinderGlobals:76 - Set McuFinderConnectedMode to true
2024-09-22 14:04:19,442 [INFO] ApiDb:448 - Save user favorites file C:\Users\Admin/.stm32cubeide/favorites.mcus.txt: 0 item(s)
2024-09-22 14:04:19,443 [INFO] ApiDb:452 - User favorites MCUs=[]
2024-09-22 14:04:19,448 [INFO] ApiDb:448 - Save user favorites file C:\Users\Admin/.stm32cubeide/favorites.boards.txt: 0 item(s)
2024-09-22 14:04:19,449 [INFO] ApiDb:452 - User favorites Boards=[]
2024-09-22 14:04:20,802 [INFO] McuFinderGlobals:76 - Set McuFinderConnectedMode to true
2024-09-22 14:04:20,804 [INFO] MultiScanPanel:200 - Auto-refresh data requested => check proxy status ongoing
2024-09-22 14:04:20,805 [INFO] FinderPluginLoader:95 - Searching for filters in installed packs
2024-09-22 14:04:22,624 [INFO] LoadUrlFilesThread:185 - End of LoadServerUrlFiles without Thread
2024-09-22 14:04:22,625 [INFO] DetailPanel:341 - Set advertising image to C:/Users/Admin/STM32Cube/Repository/\en.prom-stm32c071-usb-memories-mcu-finder.png
2024-09-22 14:04:35,396 [INFO] McuFinderGlobals:76 - Set McuFinderConnectedMode to true
2024-09-22 14:04:35,582 [INFO] ApiDb:448 - Save user favorites file C:\Users\Admin/.stm32cubeide/favorites.mcus.txt: 0 item(s)
2024-09-22 14:04:35,582 [INFO] ApiDb:452 - User favorites MCUs=[]
2024-09-22 15:10:06,353 [INFO] WebApp:189 - Connection lost
2024-09-22 15:10:06,502 [INFO] WebApp:186 - Connection restablished
2024-09-22 15:26:36,362 [INFO] WebApp:189 - Connection lost
2024-09-22 15:26:37,919 [INFO] WebApp:186 - Connection restablished
2024-09-22 17:25:29,470 [INFO] WebApp:189 - Connection lost
2024-09-22 17:25:34,674 [INFO] WebApp:186 - Connection restablished
2024-09-22 21:08:46,345 [INFO] WebApp:189 - Connection lost
2024-09-22 21:08:46,538 [INFO] WebApp:186 - Connection restablished
2024-09-22 23:27:38,858 [INFO] WebApp:189 - Connection lost
2024-09-22 23:27:44,129 [INFO] WebApp:186 - Connection restablished
2024-09-22 23:27:46,134 [INFO] WebApp:388 - JxBrowser engine has been closed 
2024-09-22 23:27:49,520 [ERROR] LogOutputStream:75 - [STDERR_REDIRECT] 
