2024-12-21 18:13:47,324 [INFO] Activator:176 - 


2024-12-21 18:13:47,332 [INFO] Activator:177 - !SESSION log4j initialized
2024-12-21 18:13:57,465 [INFO] LogOutputStream:77 - [STDOUT_REDIRECT] 
2024-12-21 18:14:01,814 [INFO] ApplicationProperties:184 - Using Application install path: C:\Users\Admin\STM32CubeIDE_1.16.1\STM32CubeIDE\plugins\com.st.stm32cube.common.mx_6.12.1.202409122256
2024-12-21 18:14:01,851 [INFO] DbMcusXml:78 - Set database path to: C:\Users\Admin\STM32CubeIDE_1.16.1\STM32CubeIDE\plugins\com.st.stm32cube.common.mx_6.12.1.202409122256\\db\/mcu/
2024-12-21 18:14:01,851 [INFO] ApiDb:274 - Set plugin database path to: C:\Users\Admin\STM32CubeIDE_1.16.1\STM32CubeIDE\plugins\com.st.stm32cube.common.mx_6.12.1.202409122256\\db\/plugins/boardmanager/
2024-12-21 18:14:01,852 [WARN] ApiDb:259 - Overriding images path with different value:  => C:\Users\Admin\STM32CubeIDE_1.16.1\STM32CubeIDE\plugins\com.st.stm32cube.common.mx_6.12.1.202409122256\\db\/plugins/mcufinder/images/
2024-12-21 18:14:01,876 [INFO] ApiDb:250 - Set database path to: C:\Users\Admin\.stmcufinder\plugins\mcufinder//mcu/
2024-12-21 18:14:01,879 [INFO] DbMcusAds:125 - Set database path to: C:\Users\Admin\.stmcufinder\plugins\mcufinder//mcu/
2024-12-21 18:14:01,885 [INFO] CrossReferenceDbSqlite:203 - Set database path to: C:\Users\Admin\.stmcufinder\plugins\mcufinder//mcu/cs/
2024-12-21 18:14:02,139 [INFO] RulesReader:64 - Compatibility file has been processed (297 Rules)
2024-12-21 18:14:02,291 [INFO] DbMcusXml:78 - Set database path to: C:\Users\Admin\STM32CubeIDE_1.16.1\STM32CubeIDE\plugins\com.st.stm32cube.common.mx_6.12.1.202409122256\\db\/mcu/
2024-12-21 18:14:02,291 [INFO] ApiDb:274 - Set plugin database path to: C:\Users\Admin\STM32CubeIDE_1.16.1\STM32CubeIDE\plugins\com.st.stm32cube.common.mx_6.12.1.202409122256\\db\/plugins/boardmanager/
2024-12-21 18:14:02,292 [INFO] ApiDb:261 - Set plugin images path to: C:\Users\Admin\STM32CubeIDE_1.16.1\STM32CubeIDE\plugins\com.st.stm32cube.common.mx_6.12.1.202409122256\\db\/plugins/mcufinder/images/
2024-12-21 18:14:02,293 [WARN] DbFile:41 - Overriding database path with different value: C:\Users\Admin\.stmcufinder\plugins\mcufinder/ => C:\Users\Admin\.stmcufinder\plugins\mcufinder
2024-12-21 18:14:02,293 [INFO] ApiDb:250 - Set database path to: C:\Users\Admin\.stmcufinder\plugins\mcufinder//mcu/
2024-12-21 18:14:02,293 [WARN] DbFile:41 - Overriding database path with different value: C:\Users\Admin\.stmcufinder\plugins\mcufinder/ => C:\Users\Admin\.stmcufinder\plugins\mcufinder
2024-12-21 18:14:02,293 [INFO] DbMcusAds:125 - Set database path to: C:\Users\Admin\.stmcufinder\plugins\mcufinder//mcu/
2024-12-21 18:14:02,293 [WARN] DbFile:41 - Overriding database path with different value: C:\Users\Admin\.stmcufinder\plugins\mcufinder/ => C:\Users\Admin\.stmcufinder\plugins\mcufinder
2024-12-21 18:14:02,293 [WARN] DbFile:41 - Overriding database path with different value: C:\Users\Admin\.stmcufinder\plugins\mcufinder/ => C:\Users\Admin\.stmcufinder\plugins\mcufinder
2024-12-21 18:14:02,293 [INFO] CrossReferenceDbSqlite:203 - Set database path to: C:\Users\Admin\.stmcufinder\plugins\mcufinder//mcu/cs/
2024-12-21 18:14:02,424 [INFO] MainPanel:268 - HeapMemory: 268435456
2024-12-21 18:14:02,665 [INFO] DbMcusXml:78 - Set database path to: C:\Users\Admin\STM32CubeIDE_1.16.1\STM32CubeIDE\plugins\com.st.stm32cube.common.mx_6.12.1.202409122256\\db\/mcu/
2024-12-21 18:14:02,665 [INFO] ApiDb:274 - Set plugin database path to: C:\Users\Admin\STM32CubeIDE_1.16.1\STM32CubeIDE\plugins\com.st.stm32cube.common.mx_6.12.1.202409122256\\db\/plugins/boardmanager/
2024-12-21 18:14:02,665 [INFO] ApiDb:261 - Set plugin images path to: C:\Users\Admin\STM32CubeIDE_1.16.1\STM32CubeIDE\plugins\com.st.stm32cube.common.mx_6.12.1.202409122256\\db\/plugins/mcufinder/images/
2024-12-21 18:14:02,666 [WARN] DbFile:41 - Overriding database path with different value: C:\Users\Admin\.stmcufinder\plugins\mcufinder/ => C:\Users\Admin\.stmcufinder\plugins\mcufinder
2024-12-21 18:14:02,666 [INFO] ApiDb:250 - Set database path to: C:\Users\Admin\.stmcufinder\plugins\mcufinder//mcu/
2024-12-21 18:14:02,666 [WARN] DbFile:41 - Overriding database path with different value: C:\Users\Admin\.stmcufinder\plugins\mcufinder/ => C:\Users\Admin\.stmcufinder\plugins\mcufinder
2024-12-21 18:14:02,667 [INFO] DbMcusAds:125 - Set database path to: C:\Users\Admin\.stmcufinder\plugins\mcufinder//mcu/
2024-12-21 18:14:02,667 [WARN] DbFile:41 - Overriding database path with different value: C:\Users\Admin\.stmcufinder\plugins\mcufinder/ => C:\Users\Admin\.stmcufinder\plugins\mcufinder
2024-12-21 18:14:02,667 [WARN] DbFile:41 - Overriding database path with different value: C:\Users\Admin\.stmcufinder\plugins\mcufinder/ => C:\Users\Admin\.stmcufinder\plugins\mcufinder
2024-12-21 18:14:02,667 [INFO] CrossReferenceDbSqlite:203 - Set database path to: C:\Users\Admin\.stmcufinder\plugins\mcufinder//mcu/cs/
2024-12-21 18:14:02,703 [INFO] ApplicationProperties:184 - Using Application install path: C:\Users\Admin\STM32CubeIDE_1.16.1\STM32CubeIDE\plugins\com.st.stm32cube.common.mx_6.12.1.202409122256
2024-12-21 18:14:02,706 [INFO] PluginManage:196 - Search for loadable plugins [exclusion list=, ]
2024-12-21 18:14:02,710 [INFO] PluginManage:310 - Check plugin analytics
2024-12-21 18:14:03,000 [INFO] AnalyticsPlugin:253 - Accepted Software Licenses: 
2024-12-21 18:14:03,000 [INFO] AnalyticsPlugin:255 - Accepted CMSIS Pack Licenses: 
2024-12-21 18:14:03,001 [INFO] AnalyticsPlugin:257 - Accepted Firmware Licenses: FW.F4.1.28.0
2024-12-21 18:14:03,005 [INFO] PluginManage:359 - Loaded plugin analytics (category:tool,tabindex:-1)
2024-12-21 18:14:03,006 [INFO] PluginManage:310 - Check plugin cadmodel
2024-12-21 18:14:03,035 [INFO] CADModel:105 - Init CAD model plugin
2024-12-21 18:14:03,036 [INFO] PluginManage:359 - Loaded plugin cadmodel (category:power,tabindex:5)
2024-12-21 18:14:03,036 [INFO] PluginManage:310 - Check plugin clock
2024-12-21 18:14:03,071 [INFO] PluginManage:359 - Loaded plugin clock (category:base,tabindex:2)
2024-12-21 18:14:03,072 [INFO] PluginManage:310 - Check plugin ddr
2024-12-21 18:14:03,076 [INFO] PluginManage:359 - Loaded plugin ddr (category:tool,tabindex:6)
2024-12-21 18:14:03,076 [INFO] PluginManage:310 - Check plugin filemanager
2024-12-21 18:14:03,303 [INFO] PluginManage:359 - Loaded plugin filemanager (category:base,tabindex:10)
2024-12-21 18:14:03,303 [INFO] PluginManage:310 - Check plugin ipmanager
2024-12-21 18:14:03,317 [INFO] PluginManage:359 - Loaded plugin ipmanager (category:base,tabindex:5)
2024-12-21 18:14:03,317 [INFO] PluginManage:310 - Check plugin lpbam
2024-12-21 18:14:03,349 [INFO] PluginManage:359 - Loaded plugin lpbam (category:base,tabindex:0)
2024-12-21 18:14:03,350 [INFO] PluginManage:310 - Check plugin memorymap
2024-12-21 18:14:03,401 [INFO] PluginManage:359 - Loaded plugin memorymap (category:base,tabindex:4)
2024-12-21 18:14:03,402 [INFO] PluginManage:310 - Check plugin pinoutandconfiguration
2024-12-21 18:14:03,439 [INFO] PluginManage:359 - Loaded plugin pinoutandconfiguration (category:base,tabindex:1)
2024-12-21 18:14:03,439 [INFO] PluginManage:310 - Check plugin pinoutconfig
2024-12-21 18:14:03,646 [WARN] SupportedApi:132 - Cannot load RTOS API schema: s4s-elt-must-match.1: The content of 'definitions' must match (annotation?, (simpleType | complexType)?, (unique | key | keyref)*)). A problem was found starting at: attribute.
2024-12-21 18:14:03,889 [INFO] PluginManage:359 - Loaded plugin pinoutconfig (category:base,tabindex:0)
2024-12-21 18:14:03,889 [INFO] PluginManage:310 - Check plugin power
2024-12-21 18:14:03,920 [INFO] PluginManage:359 - Loaded plugin power (category:power,tabindex:4)
2024-12-21 18:14:03,921 [INFO] PluginManage:310 - Check plugin projectmanager
2024-12-21 18:14:03,945 [INFO] PluginManage:359 - Loaded plugin projectmanager (category:projectmanager,tabindex:4)
2024-12-21 18:14:03,945 [INFO] PluginManage:310 - Check plugin rif
2024-12-21 18:14:03,970 [INFO] PluginManage:359 - Loaded plugin rif (category:base,tabindex:3)
2024-12-21 18:14:03,971 [INFO] PluginManage:310 - Check plugin thirdparty
2024-12-21 18:14:04,401 [INFO] PluginManage:359 - Loaded plugin thirdparty (category:base,tabindex:-1)
2024-12-21 18:14:04,401 [WARN] IntegrityCheckThread:84 - waiting for thirdparty lock release [integrity check]
2024-12-21 18:14:04,401 [INFO] PluginManage:310 - Check plugin tools
2024-12-21 18:14:04,401 [INFO] IntegrityCheckThread:86 - entering critical section [integrity check]
2024-12-21 18:14:04,402 [INFO] ThirdPartyUpdaterWithRetryManager:70 - Updater plugin not ready yet. [1/15]
2024-12-21 18:14:04,457 [INFO] PluginManage:359 - Loaded plugin tools (category:base,tabindex:7)
2024-12-21 18:14:04,457 [INFO] PluginManage:310 - Check plugin tutovideos
2024-12-21 18:14:04,724 [INFO] PluginManage:359 - Loaded plugin tutovideos (category:base,tabindex:-1)
2024-12-21 18:14:04,725 [INFO] PluginManage:310 - Check plugin updater
2024-12-21 18:14:04,747 [INFO] PluginManage:359 - Loaded plugin updater (category:base,tabindex:12)
2024-12-21 18:14:04,748 [INFO] PluginManage:310 - Check plugin userauth
2024-12-21 18:14:04,755 [INFO] UserAuth:113 - Init User Auth plugin
2024-12-21 18:14:04,755 [INFO] PluginManage:359 - Loaded plugin userauth (category:base,tabindex:14)
2024-12-21 18:14:04,756 [INFO] PluginManage:283 - PluginManage : Loaded plugins [18]
2024-12-21 18:14:05,046 [INFO] PinOutPanel:1561 - setPackage(No Configuration,No Configuration)
2024-12-21 18:14:05,184 [INFO] CADModel:165 - CPN selected for project level
2024-12-21 18:14:05,185 [INFO] CADModel:114 - Register for checkConnection events
2024-12-21 18:14:05,225 [INFO] IPUIPlugin:80 - create IPUIPlugin
2024-12-21 18:14:05,225 [INFO] PluginManager:220 - loadIPPluginJar : add adc
2024-12-21 18:14:05,287 [INFO] IPUIPlugin:80 - create IPUIPlugin
2024-12-21 18:14:05,287 [INFO] PluginManager:220 - loadIPPluginJar : add aes
2024-12-21 18:14:05,381 [INFO] IPUIPlugin:80 - create IPUIPlugin
2024-12-21 18:14:05,381 [INFO] PluginManager:220 - loadIPPluginJar : add can
2024-12-21 18:14:05,437 [INFO] IPUIPlugin:80 - create IPUIPlugin
2024-12-21 18:14:05,437 [INFO] PluginManager:220 - loadIPPluginJar : add comp
2024-12-21 18:14:05,499 [INFO] IPUIPlugin:80 - create IPUIPlugin
2024-12-21 18:14:05,500 [INFO] PluginManager:220 - loadIPPluginJar : add cryp
2024-12-21 18:14:05,518 [INFO] IPUIPlugin:80 - create IPUIPlugin
2024-12-21 18:14:05,518 [INFO] PluginManager:220 - loadIPPluginJar : add ddr_ctrl_phy
2024-12-21 18:14:05,577 [INFO] IPUIPlugin:80 - create IPUIPlugin
2024-12-21 18:14:05,577 [INFO] PluginManager:220 - loadIPPluginJar : add dfsdm
2024-12-21 18:14:05,600 [INFO] IPUIPlugin:80 - create IPUIPlugin
2024-12-21 18:14:05,601 [INFO] PluginManager:220 - loadIPPluginJar : add dma
2024-12-21 18:14:05,694 [INFO] IPUIPlugin:80 - create IPUIPlugin
2024-12-21 18:14:05,694 [INFO] PluginManager:220 - loadIPPluginJar : add dma3
2024-12-21 18:14:05,790 [INFO] IPUIPlugin:80 - create IPUIPlugin
2024-12-21 18:14:05,790 [INFO] PluginManager:220 - loadIPPluginJar : add extmemmanager
2024-12-21 18:14:05,835 [INFO] IPUIPlugin:80 - create IPUIPlugin
2024-12-21 18:14:05,835 [INFO] PluginManager:220 - loadIPPluginJar : add fatfs
2024-12-21 18:14:05,921 [INFO] IPUIPlugin:80 - create IPUIPlugin
2024-12-21 18:14:05,922 [INFO] PluginManager:220 - loadIPPluginJar : add fmc
2024-12-21 18:14:05,948 [INFO] IPUIPlugin:80 - create IPUIPlugin
2024-12-21 18:14:05,948 [INFO] PluginManager:220 - loadIPPluginJar : add freertos
2024-12-21 18:14:05,990 [INFO] IPUIPlugin:80 - create IPUIPlugin
2024-12-21 18:14:05,990 [INFO] PluginManager:220 - loadIPPluginJar : add genericplugin
2024-12-21 18:14:06,193 [INFO] IPUIPlugin:80 - create IPUIPlugin
2024-12-21 18:14:06,193 [INFO] PluginManager:220 - loadIPPluginJar : add gfxmmu
2024-12-21 18:14:06,456 [INFO] IPUIPlugin:80 - create IPUIPlugin
2024-12-21 18:14:06,456 [INFO] PluginManager:220 - loadIPPluginJar : add gic
2024-12-21 18:14:06,478 [INFO] IPUIPlugin:80 - create IPUIPlugin
2024-12-21 18:14:06,478 [INFO] PluginManager:220 - loadIPPluginJar : add gpio
2024-12-21 18:14:06,631 [INFO] IPUIPlugin:80 - create IPUIPlugin
2024-12-21 18:14:06,631 [INFO] PluginManager:220 - loadIPPluginJar : add gtzc
2024-12-21 18:14:06,705 [INFO] IPUIPlugin:80 - create IPUIPlugin
2024-12-21 18:14:06,705 [INFO] PluginManager:220 - loadIPPluginJar : add hash
2024-12-21 18:14:06,815 [INFO] IPUIPlugin:80 - create IPUIPlugin
2024-12-21 18:14:06,815 [INFO] PluginManager:220 - loadIPPluginJar : add i2c
2024-12-21 18:14:06,887 [INFO] IPUIPlugin:80 - create IPUIPlugin
2024-12-21 18:14:06,887 [INFO] PluginManager:220 - loadIPPluginJar : add i2s
2024-12-21 18:14:06,975 [INFO] IPUIPlugin:80 - create IPUIPlugin
2024-12-21 18:14:06,975 [INFO] PluginManager:220 - loadIPPluginJar : add i3c
2024-12-21 18:14:07,207 [INFO] IPUIPlugin:80 - create IPUIPlugin
2024-12-21 18:14:07,207 [INFO] PluginManager:220 - loadIPPluginJar : add ipddr
2024-12-21 18:14:07,403 [INFO] ThirdPartyUpdaterWithRetryManager:70 - Updater plugin not ready yet. [2/15]
2024-12-21 18:14:07,483 [INFO] IPUIPlugin:80 - create IPUIPlugin
2024-12-21 18:14:07,484 [INFO] PluginManager:220 - loadIPPluginJar : add linkedlist
2024-12-21 18:14:07,584 [INFO] IPUIPlugin:80 - create IPUIPlugin
2024-12-21 18:14:07,584 [INFO] PluginManager:220 - loadIPPluginJar : add lorawan
2024-12-21 18:14:07,671 [INFO] IPUIPlugin:80 - create IPUIPlugin
2024-12-21 18:14:07,671 [INFO] PluginManager:220 - loadIPPluginJar : add ltdc
2024-12-21 18:14:07,701 [INFO] IPUIPlugin:80 - create IPUIPlugin
2024-12-21 18:14:07,702 [INFO] PluginManager:220 - loadIPPluginJar : add mdma
2024-12-21 18:14:07,727 [INFO] IPUIPlugin:80 - create IPUIPlugin
2024-12-21 18:14:07,727 [INFO] PluginManager:220 - loadIPPluginJar : add nvic
2024-12-21 18:14:07,811 [INFO] IPUIPlugin:80 - create IPUIPlugin
2024-12-21 18:14:07,811 [INFO] PluginManager:220 - loadIPPluginJar : add opamp
2024-12-21 18:14:07,948 [INFO] IPUIPlugin:80 - create IPUIPlugin
2024-12-21 18:14:07,949 [INFO] PluginManager:220 - loadIPPluginJar : add openamp
2024-12-21 18:14:08,018 [INFO] IPUIPlugin:80 - create IPUIPlugin
2024-12-21 18:14:08,018 [INFO] PluginManager:220 - loadIPPluginJar : add pdm2pcm
2024-12-21 18:14:08,040 [INFO] IPUIPlugin:80 - create IPUIPlugin
2024-12-21 18:14:08,043 [INFO] PluginManager:220 - loadIPPluginJar : add plateformsettings
2024-12-21 18:14:08,081 [INFO] IPUIPlugin:80 - create IPUIPlugin
2024-12-21 18:14:08,081 [INFO] PluginManager:220 - loadIPPluginJar : add quadspi
2024-12-21 18:14:08,124 [INFO] IPUIPlugin:80 - create IPUIPlugin
2024-12-21 18:14:08,126 [INFO] PluginManager:220 - loadIPPluginJar : add radio
2024-12-21 18:14:08,144 [INFO] IPUIPlugin:80 - create IPUIPlugin
2024-12-21 18:14:08,145 [INFO] PluginManager:220 - loadIPPluginJar : add resmgrutility
2024-12-21 18:14:08,218 [INFO] IPUIPlugin:80 - create IPUIPlugin
2024-12-21 18:14:08,218 [INFO] PluginManager:220 - loadIPPluginJar : add sai
2024-12-21 18:14:08,279 [INFO] IPUIPlugin:80 - create IPUIPlugin
2024-12-21 18:14:08,279 [INFO] PluginManager:220 - loadIPPluginJar : add spi
2024-12-21 18:14:08,387 [INFO] IPUIPlugin:80 - create IPUIPlugin
2024-12-21 18:14:08,387 [INFO] PluginManager:220 - loadIPPluginJar : add stm32_wpan
2024-12-21 18:14:08,423 [INFO] IPUIPlugin:80 - create IPUIPlugin
2024-12-21 18:14:08,424 [INFO] PluginManager:220 - loadIPPluginJar : add tim
2024-12-21 18:14:08,514 [INFO] IPUIPlugin:80 - create IPUIPlugin
2024-12-21 18:14:08,515 [INFO] PluginManager:220 - loadIPPluginJar : add touchsensing
2024-12-21 18:14:08,550 [INFO] IPUIPlugin:80 - create IPUIPlugin
2024-12-21 18:14:08,550 [INFO] PluginManager:220 - loadIPPluginJar : add tracer_emb
2024-12-21 18:14:08,587 [INFO] IPUIPlugin:80 - create IPUIPlugin
2024-12-21 18:14:08,588 [INFO] PluginManager:220 - loadIPPluginJar : add ts
2024-12-21 18:14:08,621 [INFO] IPUIPlugin:80 - create IPUIPlugin
2024-12-21 18:14:08,621 [INFO] PluginManager:220 - loadIPPluginJar : add tsc
2024-12-21 18:14:08,654 [INFO] IPUIPlugin:80 - create IPUIPlugin
2024-12-21 18:14:08,655 [INFO] PluginManager:220 - loadIPPluginJar : add ucpd
2024-12-21 18:14:08,719 [INFO] IPUIPlugin:80 - create IPUIPlugin
2024-12-21 18:14:08,719 [INFO] PluginManager:220 - loadIPPluginJar : add usart
2024-12-21 18:14:08,785 [INFO] IPUIPlugin:80 - create IPUIPlugin
2024-12-21 18:14:08,785 [INFO] PluginManager:220 - loadIPPluginJar : add usbx
2024-12-21 18:14:08,938 [INFO] CADModel:165 - CPN selected for project level
2024-12-21 18:14:08,938 [INFO] CADModel:114 - Register for checkConnection events
2024-12-21 18:14:08,939 [FATAL] Updater:334 - Updater called before beeing initialized
2024-12-21 18:14:08,939 [ERROR] CADModel:125 - Updater not yet initialized, retry later 
2024-12-21 18:14:09,117 [INFO] CADModel:165 - CPN selected for project level
2024-12-21 18:14:09,117 [INFO] CADModel:114 - Register for checkConnection events
2024-12-21 18:14:09,118 [FATAL] Updater:334 - Updater called before beeing initialized
2024-12-21 18:14:09,118 [ERROR] CADModel:125 - Updater not yet initialized, retry later 
2024-12-21 18:14:09,121 [FATAL] Updater:334 - Updater called before beeing initialized
2024-12-21 18:14:09,248 [FATAL] Updater:334 - Updater called before beeing initialized
2024-12-21 18:14:09,263 [INFO] DbMcusAds:53 - JSON generation date=Fri Sep 20 18:34:23 IST 2024 (1726837463113)
2024-12-21 18:14:09,263 [FATAL] Updater:334 - Updater called before beeing initialized
2024-12-21 18:14:09,312 [WARN] DetailPanel:346 - Failed to get advertising image, set to default
2024-12-21 18:14:09,412 [FATAL] Updater:334 - Updater called before beeing initialized
2024-12-21 18:14:09,414 [FATAL] Updater:334 - Updater called before beeing initialized
2024-12-21 18:14:09,414 [FATAL] Updater:334 - Updater called before beeing initialized
2024-12-21 18:14:09,415 [WARN] DetailPanel:346 - Failed to get advertising image, set to default
2024-12-21 18:14:09,415 [FATAL] Updater:334 - Updater called before beeing initialized
2024-12-21 18:14:09,489 [ERROR] Updater:1164 - MainUpdater not yet initialized. External WinMGr cannot be set.
2024-12-21 18:14:09,504 [INFO] Updater:1100 - Updater Version found : 6.12.1
2024-12-21 18:14:09,531 [INFO] ApplicationProperties:184 - Using Application install path: C:\Users\Admin\STM32CubeIDE_1.16.1\STM32CubeIDE\plugins\com.st.stm32cube.common.mx_6.12.1.202409122256
2024-12-21 18:14:10,405 [INFO] ThirdPartyUpdaterWithRetryManager:70 - Updater plugin not ready yet. [3/15]
2024-12-21 18:14:11,123 [ERROR] LogOutputStream:75 - [STDERR_REDIRECT] Dec 21, 2024 6:14:11 PM java.util.prefs.WindowsPreferences <init>
2024-12-21 18:14:11,126 [ERROR] LogOutputStream:75 - [STDERR_REDIRECT] WARNING: Could not open/create prefs root node Software\JavaSoft\Prefs at root 0xffffffff80000002. Windows RegCreateKeyEx(...) returned error code 5.
2024-12-21 18:14:11,127 [ERROR] LogOutputStream:75 - [STDERR_REDIRECT] 
2024-12-21 18:14:11,477 [INFO] MainUpdater:2873 - connection check result : 10
2024-12-21 18:14:11,478 [INFO] MainUpdater:3567 - Updater definition file requires update
2024-12-21 18:14:11,479 [INFO] MainUpdater:290 - Updater Check For Update Now.
2024-12-21 18:14:11,480 [INFO] MicroXplorer:498 - Change Database Version : DB.6.0.121
2024-12-21 18:14:11,506 [INFO] McuFinderGlobals:63 - Set McuFinder mode to 2 (CubeIDE integrated)
2024-12-21 18:14:11,515 [INFO] UserAuth:417 - Internet connection configuration mode: 1
2024-12-21 18:14:11,525 [INFO] ServerAccessManage:473 - Download File updaters.zip
2024-12-21 18:14:11,554 [INFO] JxBrowserEngine:152 - Initiate JxBrowser Engine with user profile folder
2024-12-21 18:14:11,647 [INFO] FileExtend:240 - Unzip File : updaters.zip
2024-12-21 18:14:11,647 [INFO] FileExtend:255 - Standard Zip Deflate
2024-12-21 18:14:12,897 [INFO] ServerAccessManage:473 - Download File PacksControlFlags.xml
2024-12-21 18:14:13,150 [INFO] ServerAccessManage:473 - Download File cubemx.pidx
2024-12-21 18:14:13,406 [WARN] MainUpdater:1194 - Updater busy. Cannot search thirdparties
2024-12-21 18:14:13,407 [INFO] ThirdPartyUpdaterWithRetryManager:96 - Updater plugin is busy. [1/15]
2024-12-21 18:14:13,797 [INFO] ServerAccessManage:473 - Download File STMicroelectronics.FP-ATR-ASTRA1.pdsc
2024-12-21 18:14:14,599 [INFO] ServerAccessManage:473 - Download File STMicroelectronics.X-CUBE-BLEMGR.pdsc
2024-12-21 18:14:15,138 [ERROR] ServerAccessManage:1089 - Problem, file not found on Server
2024-12-21 18:14:15,475 [INFO] ServerAccessManage:473 - Download File STMicroelectronics.X-CUBE-FREERTOS.pdsc
2024-12-21 18:14:15,960 [INFO] ServerAccessManage:473 - Download File STMicroelectronics.X-CUBE-GNSS1.pdsc
2024-12-21 18:14:16,410 [WARN] MainUpdater:1194 - Updater busy. Cannot search thirdparties
2024-12-21 18:14:16,410 [INFO] ThirdPartyUpdaterWithRetryManager:96 - Updater plugin is busy. [2/15]
2024-12-21 18:14:16,776 [ERROR] ServerAccessManage:1089 - Problem, file not found on Server
2024-12-21 18:14:17,292 [ERROR] ServerAccessManage:1089 - Problem, file not found on Server
2024-12-21 18:14:17,779 [ERROR] ServerAccessManage:1089 - Problem, file not found on Server
2024-12-21 18:14:18,264 [ERROR] ServerAccessManage:1089 - Problem, file not found on Server
2024-12-21 18:14:18,740 [ERROR] ServerAccessManage:1089 - Problem, file not found on Server
2024-12-21 18:14:19,222 [ERROR] ServerAccessManage:1089 - Problem, file not found on Server
2024-12-21 18:14:19,412 [WARN] MainUpdater:1194 - Updater busy. Cannot search thirdparties
2024-12-21 18:14:19,413 [INFO] ThirdPartyUpdaterWithRetryManager:96 - Updater plugin is busy. [3/15]
2024-12-21 18:14:19,443 [INFO] ServerAccessManage:473 - Download File STMicroelectronics.X-CUBE-MEMS1.pdsc
2024-12-21 18:14:20,438 [INFO] ServerAccessManage:473 - Download File STMicroelectronics.X-CUBE-TCPP.pdsc
2024-12-21 18:14:22,293 [INFO] ServerAccessManage:473 - Download File wolfSSL.I-CUBE-wolfSSL.pdsc
2024-12-21 18:14:22,417 [WARN] MainUpdater:1194 - Updater busy. Cannot search thirdparties
2024-12-21 18:14:22,417 [INFO] ThirdPartyUpdaterWithRetryManager:96 - Updater plugin is busy. [4/15]
2024-12-21 18:14:24,146 [INFO] WebApp:167 - Instantiating new browser for Auth
2024-12-21 18:14:25,417 [WARN] MainUpdater:1194 - Updater busy. Cannot search thirdparties
2024-12-21 18:14:25,417 [INFO] ThirdPartyUpdaterWithRetryManager:96 - Updater plugin is busy. [5/15]
2024-12-21 18:14:25,825 [INFO] WebApp:448 - Apply proxy settings
2024-12-21 18:14:25,826 [INFO] WebApp:533 - Chromium requires no authentication
2024-12-21 18:14:25,845 [INFO] WebApp:476 - Direct internet connection detected
2024-12-21 18:14:25,897 [INFO] WebApp:869 - Register for checkConnection events
2024-12-21 18:14:25,897 [INFO] WebApp:448 - Apply proxy settings
2024-12-21 18:14:25,898 [INFO] WebApp:533 - Chromium requires no authentication
2024-12-21 18:14:25,899 [INFO] WebApp:476 - Direct internet connection detected
2024-12-21 18:14:26,260 [INFO] WebApp:220 - Starting web application
2024-12-21 18:14:26,261 [INFO] WebApp:578 - Web application path used C:\Users\Admin\STM32CubeIDE_1.16.1\STM32CubeIDE\plugins\com.st.stm32cube.common.mx_6.12.1.202409122256\db\plugins\mcufinder\reactClient1\index.html
2024-12-21 18:14:26,326 [INFO] WebApp:186 - Connection restablished
2024-12-21 18:14:26,868 [INFO] UserAuth:417 - Internet connection configuration mode: 1
2024-12-21 18:14:28,420 [WARN] MainUpdater:1194 - Updater busy. Cannot search thirdparties
2024-12-21 18:14:28,420 [INFO] ThirdPartyUpdaterWithRetryManager:96 - Updater plugin is busy. [6/15]
2024-12-21 18:14:29,111 [ERROR] ServerAccessManage:1089 - Problem, file not found on Server
2024-12-21 18:14:29,607 [ERROR] ServerAccessManage:1089 - Problem, file not found on Server
2024-12-21 18:14:30,078 [ERROR] ServerAccessManage:1089 - Problem, file not found on Server
2024-12-21 18:14:30,357 [INFO] ServerAccessManage:473 - Download File wolfSSL.I-CUBE-wolfMQTT.pdsc
2024-12-21 18:14:31,421 [WARN] MainUpdater:1194 - Updater busy. Cannot search thirdparties
2024-12-21 18:14:31,421 [INFO] ThirdPartyUpdaterWithRetryManager:96 - Updater plugin is busy. [7/15]
2024-12-21 18:14:31,761 [ERROR] ServerAccessManage:1089 - Problem, file not found on Server
2024-12-21 18:14:32,024 [INFO] ServerAccessManage:473 - Download File wolfSSL.I-CUBE-wolfTPM.pdsc
2024-12-21 18:14:33,749 [INFO] ServerAccessManage:473 - Download File wolfSSL.I-CUBE-wolfSSH.pdsc
2024-12-21 18:14:34,424 [WARN] MainUpdater:1194 - Updater busy. Cannot search thirdparties
2024-12-21 18:14:34,424 [INFO] ThirdPartyUpdaterWithRetryManager:96 - Updater plugin is busy. [8/15]
2024-12-21 18:14:36,254 [INFO] ServerAccessManage:473 - Download File quantropi.X-CUBE-qispace-sdk-base.pdsc
2024-12-21 18:14:36,628 [WARN] PackLoader:240 - Cannot read IP mode file for STMicroelectronics.FP-ATR-ASTRA1.2.0.1
2024-12-21 18:14:36,650 [WARN] PackLoader:240 - Cannot read IP mode file for STMicroelectronics.X-CUBE-BLEMGR.4.0.0
2024-12-21 18:14:36,668 [WARN] PackLoader:240 - Cannot read IP mode file for STMicroelectronics.X-CUBE-FREERTOS.1.3.0
2024-12-21 18:14:36,680 [WARN] PackLoader:240 - Cannot read IP mode file for STMicroelectronics.X-CUBE-GNSS1.7.0.1
2024-12-21 18:14:36,770 [WARN] PackLoader:240 - Cannot read IP mode file for STMicroelectronics.X-CUBE-MEMS1.11.1.0
2024-12-21 18:14:36,844 [INFO] CheckServerUpdateThread:120 - End of CheckServer Thread
2024-12-21 18:14:37,025 [WARN] PopulateThirdPartyThread:106 - Error when creating pack: C:/Users/Admin/.stm32cubemx/thirdparties/pdsc/STMicroelectronics.X-CUBE-TCPP.pdsc
2024-12-21 18:14:37,033 [WARN] PackLoader:240 - Cannot read IP mode file for wolfSSL.I-CUBE-wolfSSL.5.7.4
2024-12-21 18:14:37,037 [WARN] PackLoader:240 - Cannot read IP mode file for wolfSSL.I-CUBE-wolfMQTT.1.19.0
2024-12-21 18:14:37,041 [WARN] PackLoader:240 - Cannot read IP mode file for wolfSSL.I-CUBE-wolfTPM.3.4.0
2024-12-21 18:14:37,046 [WARN] PackLoader:240 - Cannot read IP mode file for wolfSSL.I-CUBE-wolfSSH.1.4.17
2024-12-21 18:14:37,052 [WARN] ConditionMgr:438 - getConditionDescription Invalid condition id : Cortex-A Device cause : null
2024-12-21 18:14:37,084 [WARN] ConditionMgr:1039 - genDependencies : Invalid condition id : Cortex-A Device cause : null
2024-12-21 18:14:37,085 [WARN] ConditionMgr:1039 - genDependencies : Invalid condition id : Cortex-A Device cause : null
2024-12-21 18:14:37,085 [WARN] ConditionMgr:1039 - genDependencies : Invalid condition id : Cortex-A Device cause : null
2024-12-21 18:14:37,085 [INFO] PopulateThirdPartyThread:66 - Ending populate Thread
2024-12-21 18:14:37,087 [INFO] ThirdParty:1030 - CMSIS Pack Vendor :STMicroelectronics X-CUBE-BLEMGR 4.0.0
2024-12-21 18:14:37,087 [INFO] ThirdParty:1030 - CMSIS Pack Vendor :wolfSSL I-CUBE-wolfMQTT 1.19.0
2024-12-21 18:14:37,088 [INFO] ThirdParty:1030 - CMSIS Pack Vendor :STMicroelectronics X-CUBE-FREERTOS 1.3.0
2024-12-21 18:14:37,088 [INFO] ThirdParty:1030 - CMSIS Pack Vendor :wolfSSL I-CUBE-wolfSSL 5.7.4
2024-12-21 18:14:37,088 [INFO] ThirdParty:1030 - CMSIS Pack Vendor :STMicroelectronics X-CUBE-GNSS1 7.0.1
2024-12-21 18:14:37,088 [INFO] ThirdParty:1030 - CMSIS Pack Vendor :STMicroelectronics X-CUBE-MEMS1 11.1.0
2024-12-21 18:14:37,088 [INFO] ThirdParty:1030 - CMSIS Pack Vendor :STMicroelectronics FP-ATR-ASTRA1 2.0.1
2024-12-21 18:14:37,088 [INFO] ThirdParty:1030 - CMSIS Pack Vendor :wolfSSL I-CUBE-wolfTPM 3.4.0
2024-12-21 18:14:37,088 [INFO] ThirdParty:1030 - CMSIS Pack Vendor :wolfSSL I-CUBE-wolfSSH 1.4.17
2024-12-21 18:14:37,088 [INFO] ThirdParty:1030 - CMSIS Pack Vendor :quantropi X-CUBE-qispace-sdk-base 1.9.3
2024-12-21 18:14:37,088 [INFO] LoadServerUpdatesThread:375 - End of LoadServerUpdate Thread
2024-12-21 18:14:37,682 [WARN] PackLoader:240 - Cannot read IP mode file for STMicroelectronics.FP-SNS-MOTENVWB1.1.4.0
2024-12-21 18:14:37,686 [WARN] PackLoader:240 - Cannot read IP mode file for STMicroelectronics.FP-ATR-ASTRA1.2.0.1
2024-12-21 18:14:37,709 [WARN] PackLoader:240 - Cannot read IP mode file for STMicroelectronics.X-CUBE-SMBUS.2.1.0
2024-12-21 18:14:37,733 [WARN] PackLoader:240 - Cannot read IP mode file for STMicroelectronics.X-CUBE-WB05N.1.1.0
2024-12-21 18:14:37,773 [WARN] PackLoader:240 - Cannot read IP mode file for STMicroelectronics.X-CUBE-AZRTOS-F7.1.1.0
2024-12-21 18:14:37,871 [WARN] PackLoader:240 - Cannot read IP mode file for STMicroelectronics.X-CUBE-MEMS1.11.0.0
2024-12-21 18:14:38,006 [WARN] PackLoader:240 - Cannot read IP mode file for STMicroelectronics.FP-SNS-FLIGHT1.5.0.2
2024-12-21 18:14:38,027 [WARN] PackLoader:240 - Cannot read IP mode file for STMicroelectronics.X-CUBE-DISPLAY.3.0.0
2024-12-21 18:14:38,052 [WARN] PackLoader:240 - Cannot read IP mode file for STMicroelectronics.X-CUBE-BLE1.7.0.0
2024-12-21 18:14:38,074 [WARN] PackLoader:240 - Cannot read IP mode file for STMicroelectronics.X-CUBE-NFC10.1.0.0
2024-12-21 18:14:38,084 [WARN] PackLoader:240 - Cannot read IP mode file for STMicroelectronics.X-CUBE-BLEMGR.4.0.0
2024-12-21 18:14:38,107 [WARN] PackLoader:240 - Cannot read IP mode file for emotas.I-CUBE-CANOPEN.1.3.0
2024-12-21 18:14:38,131 [WARN] PackLoader:240 - Cannot read IP mode file for STMicroelectronics.X-CUBE-BLEMGR.3.1.0
2024-12-21 18:14:38,153 [WARN] PackLoader:240 - Cannot read IP mode file for STMicroelectronics.FP-SNS-SMARTAG2.1.2.0
2024-12-21 18:14:38,200 [WARN] PackLoader:240 - Cannot read IP mode file for STMicroelectronics.X-CUBE-MEMS1.11.1.0
2024-12-21 18:14:38,367 [INFO] LogOutputStream:77 - [STDOUT_REDIRECT] 1 : Invalid condition id : UX_CORESTACK_Condition cause : null
2024-12-21 18:14:38,368 [INFO] LogOutputStream:77 - [STDOUT_REDIRECT] 1 : Invalid condition id : UX_CORESTACK_Condition cause : null
2024-12-21 18:14:38,369 [INFO] LogOutputStream:77 - [STDOUT_REDIRECT] 1 : Invalid condition id : UX_CORESTACK_Condition cause : null
2024-12-21 18:14:38,370 [INFO] LogOutputStream:77 - [STDOUT_REDIRECT] 1 : Invalid condition id : UX_CORESTACK_Condition cause : null
2024-12-21 18:14:38,372 [INFO] LogOutputStream:77 - [STDOUT_REDIRECT] 1 : Invalid condition id : UX_CORESTACK_Condition cause : null
2024-12-21 18:14:38,374 [WARN] PackLoader:240 - Cannot read IP mode file for STMicroelectronics.X-CUBE-AZRTOS-WL.2.0.0
2024-12-21 18:14:38,400 [WARN] PackLoader:240 - Cannot read IP mode file for STMicroelectronics.FP-SNS-MOTENV1.5.0.0
2024-12-21 18:14:38,405 [WARN] PackLoader:240 - Cannot read IP mode file for wolfSSL.I-CUBE-wolfMQTT.1.19.0
2024-12-21 18:14:38,429 [WARN] PackLoader:240 - Cannot read IP mode file for WES.I-CUBE-Cesium.1.3.0
2024-12-21 18:14:38,452 [WARN] PackLoader:240 - Cannot read IP mode file for STMicroelectronics.X-CUBE-BLE2.3.3.0
2024-12-21 18:14:38,475 [WARN] PackLoader:240 - Cannot read IP mode file for STMicroelectronics.X-CUBE-NFC9.1.0.0
2024-12-21 18:14:38,496 [WARN] PackLoader:240 - Cannot read IP mode file for STMicroelectronics.X-CUBE-TCPP.4.1.0
2024-12-21 18:14:38,535 [WARN] PackLoader:240 - Cannot read IP mode file for STMicroelectronics.X-CUBE-AZRTOS-G0.1.1.0
2024-12-21 18:14:38,568 [WARN] PackLoader:240 - Cannot read IP mode file for STMicroelectronics.X-CUBE-SAFEA1.1.2.2
2024-12-21 18:14:38,590 [WARN] PackLoader:240 - Cannot read IP mode file for STMicroelectronics.X-CUBE-NFC4.3.0.0
2024-12-21 18:14:38,614 [WARN] PackLoader:240 - Cannot read IP mode file for EmbeddedOffice.I-CUBE-FS-RTOS.1.0.1
2024-12-21 18:14:38,615 [ERROR] ConditionMgr:805 - Attr not supported : Dmpu
2024-12-21 18:14:38,615 [ERROR] ConditionMgr:805 - Attr not supported : Dmpu
2024-12-21 18:14:38,615 [ERROR] ConditionMgr:805 - Attr not supported : Dmpu
2024-12-21 18:14:38,616 [ERROR] ConditionMgr:805 - Attr not supported : Dmpu
2024-12-21 18:14:38,616 [ERROR] ConditionMgr:805 - Attr not supported : Dmpu
2024-12-21 18:14:38,616 [ERROR] ConditionMgr:805 - Attr not supported : Dmpu
2024-12-21 18:14:38,616 [ERROR] ConditionMgr:805 - Attr not supported : Dmpu
2024-12-21 18:14:38,616 [ERROR] ConditionMgr:805 - Attr not supported : Dmpu
2024-12-21 18:14:38,616 [ERROR] ConditionMgr:805 - Attr not supported : Dmpu
2024-12-21 18:14:38,616 [ERROR] ConditionMgr:805 - Attr not supported : Dmpu
2024-12-21 18:14:38,616 [ERROR] ConditionMgr:805 - Attr not supported : Dmpu
2024-12-21 18:14:38,616 [ERROR] ConditionMgr:805 - Attr not supported : Dmpu
2024-12-21 18:14:38,616 [ERROR] ConditionMgr:805 - Attr not supported : Dmpu
2024-12-21 18:14:38,617 [ERROR] ConditionMgr:805 - Attr not supported : Dmpu
2024-12-21 18:14:38,617 [ERROR] ConditionMgr:805 - Attr not supported : Dmpu
2024-12-21 18:14:38,617 [ERROR] ConditionMgr:805 - Attr not supported : Dmpu
2024-12-21 18:14:38,617 [ERROR] ConditionMgr:805 - Attr not supported : Dmpu
2024-12-21 18:14:38,617 [ERROR] ConditionMgr:805 - Attr not supported : Dmpu
2024-12-21 18:14:38,617 [ERROR] ConditionMgr:805 - Attr not supported : Dmpu
2024-12-21 18:14:38,617 [ERROR] ConditionMgr:805 - Attr not supported : Dmpu
2024-12-21 18:14:38,617 [ERROR] ConditionMgr:805 - Attr not supported : Dmpu
2024-12-21 18:14:38,617 [ERROR] ConditionMgr:805 - Attr not supported : Dmpu
2024-12-21 18:14:38,617 [ERROR] ConditionMgr:805 - Attr not supported : Dmpu
2024-12-21 18:14:38,617 [ERROR] ConditionMgr:805 - Attr not supported : Dmpu
2024-12-21 18:14:38,617 [ERROR] ConditionMgr:805 - Attr not supported : Dmpu
2024-12-21 18:14:38,617 [ERROR] ConditionMgr:805 - Attr not supported : Dmpu
2024-12-21 18:14:38,617 [ERROR] ConditionMgr:805 - Attr not supported : Dmpu
2024-12-21 18:14:38,618 [ERROR] ConditionMgr:805 - Attr not supported : Dmpu
2024-12-21 18:14:38,618 [ERROR] ConditionMgr:805 - Attr not supported : Dmpu
2024-12-21 18:14:38,618 [ERROR] ConditionMgr:805 - Attr not supported : Dmpu
2024-12-21 18:14:38,618 [ERROR] ConditionMgr:805 - Attr not supported : Dmpu
2024-12-21 18:14:38,618 [ERROR] ConditionMgr:805 - Attr not supported : Dmpu
2024-12-21 18:14:38,618 [ERROR] ConditionMgr:805 - Attr not supported : Dmpu
2024-12-21 18:14:38,618 [ERROR] ConditionMgr:805 - Attr not supported : Dmpu
2024-12-21 18:14:38,618 [ERROR] ConditionMgr:805 - Attr not supported : Dmpu
2024-12-21 18:14:38,618 [ERROR] ConditionMgr:805 - Attr not supported : Dmpu
2024-12-21 18:14:38,618 [ERROR] ConditionMgr:805 - Attr not supported : Dmpu
2024-12-21 18:14:38,618 [ERROR] ConditionMgr:805 - Attr not supported : Dmpu
2024-12-21 18:14:38,618 [ERROR] ConditionMgr:805 - Attr not supported : Dmpu
2024-12-21 18:14:38,619 [ERROR] ConditionMgr:805 - Attr not supported : Dmpu
2024-12-21 18:14:38,619 [ERROR] ConditionMgr:805 - Attr not supported : Dmpu
2024-12-21 18:14:38,619 [ERROR] ConditionMgr:805 - Attr not supported : Dmpu
2024-12-21 18:14:38,619 [ERROR] ConditionMgr:805 - Attr not supported : Dmpu
2024-12-21 18:14:38,619 [ERROR] ConditionMgr:805 - Attr not supported : Dmpu
2024-12-21 18:14:38,619 [ERROR] ConditionMgr:805 - Attr not supported : Dmpu
2024-12-21 18:14:38,619 [ERROR] ConditionMgr:805 - Attr not supported : Dmpu
2024-12-21 18:14:38,619 [ERROR] ConditionMgr:805 - Attr not supported : Dmpu
2024-12-21 18:14:38,619 [ERROR] ConditionMgr:805 - Attr not supported : Dmpu
2024-12-21 18:14:38,619 [ERROR] ConditionMgr:805 - Attr not supported : Dmpu
2024-12-21 18:14:38,619 [ERROR] ConditionMgr:805 - Attr not supported : Dmpu
2024-12-21 18:14:38,619 [ERROR] ConditionMgr:805 - Attr not supported : Dmpu
2024-12-21 18:14:38,619 [ERROR] ConditionMgr:805 - Attr not supported : Dmpu
2024-12-21 18:14:38,620 [ERROR] ConditionMgr:805 - Attr not supported : Dmpu
2024-12-21 18:14:38,620 [ERROR] ConditionMgr:805 - Attr not supported : Dmpu
2024-12-21 18:14:38,620 [ERROR] ConditionMgr:805 - Attr not supported : Dmpu
2024-12-21 18:14:38,620 [ERROR] ConditionMgr:805 - Attr not supported : Dmpu
2024-12-21 18:14:38,620 [ERROR] ConditionMgr:805 - Attr not supported : Dmpu
2024-12-21 18:14:38,620 [ERROR] ConditionMgr:805 - Attr not supported : Dmpu
2024-12-21 18:14:38,620 [ERROR] ConditionMgr:805 - Attr not supported : Dmpu
2024-12-21 18:14:38,620 [ERROR] ConditionMgr:805 - Attr not supported : Dmpu
2024-12-21 18:14:38,620 [ERROR] ConditionMgr:805 - Attr not supported : Dmpu
2024-12-21 18:14:38,620 [ERROR] ConditionMgr:805 - Attr not supported : Dmpu
2024-12-21 18:14:38,621 [ERROR] ConditionMgr:805 - Attr not supported : Dmpu
2024-12-21 18:14:38,621 [ERROR] ConditionMgr:805 - Attr not supported : Dmpu
2024-12-21 18:14:38,624 [ERROR] Engine:466 - C:\Users\Admin\.stm32cubemx\thirdparties\pdsc\STMicroelectronics.X-CUBE-TCPP.4.2.0.pdsc: PDSC version is not supported
2024-12-21 18:14:38,650 [WARN] PackLoader:240 - Cannot read IP mode file for RealThread.X-CUBE-RT-Thread_Nano.4.1.1
2024-12-21 18:14:38,657 [WARN] PackLoader:240 - Cannot read IP mode file for STMicroelectronics.FP-ATR-SIGFOX1.3.2.0
2024-12-21 18:14:38,661 [WARN] ConditionMgr:438 - getConditionDescription Invalid condition id : Cortex-A Device cause : null
2024-12-21 18:14:38,671 [WARN] ConditionMgr:1039 - genDependencies : Invalid condition id : Cortex-A Device cause : null
2024-12-21 18:14:38,671 [WARN] ConditionMgr:1039 - genDependencies : Invalid condition id : Cortex-A Device cause : null
2024-12-21 18:14:38,672 [WARN] ConditionMgr:1039 - genDependencies : Invalid condition id : Cortex-A Device cause : null
2024-12-21 18:14:38,693 [WARN] PackLoader:240 - Cannot read IP mode file for STMicroelectronics.X-CUBE-EEPRMA1.5.1.0
2024-12-21 18:14:38,700 [WARN] PackLoader:240 - Cannot read IP mode file for wolfSSL.I-CUBE-wolfSSL.5.7.4
2024-12-21 18:14:38,726 [WARN] PackLoader:240 - Cannot read IP mode file for ITTIA_DB.I-CUBE-ITTIADB.8.9.0
2024-12-21 18:14:38,769 [WARN] PackLoader:240 - Cannot read IP mode file for SEGGER.I-CUBE-embOS.1.3.1
2024-12-21 18:14:38,825 [WARN] PackLoader:240 - Cannot read IP mode file for STMicroelectronics.X-CUBE-ALGOBUILD.1.4.0
2024-12-21 18:14:38,848 [WARN] PackLoader:240 - Cannot read IP mode file for STMicroelectronics.X-CUBE-AI.9.1.0
2024-12-21 18:14:38,885 [WARN] PackLoader:240 - Cannot read IP mode file for STMicroelectronics.X-CUBE-AZRTOS-F4.1.1.0
2024-12-21 18:14:38,908 [WARN] PackLoader:240 - Cannot read IP mode file for STMicroelectronics.X-CUBE-ISPU.2.1.0
2024-12-21 18:14:38,927 [WARN] PackLoader:240 - Cannot read IP mode file for STMicroelectronics.X-CUBE-FREERTOS.1.2.0
2024-12-21 18:14:38,962 [WARN] PackLoader:240 - Cannot read IP mode file for STMicroelectronics.X-CUBE-AZRTOS-L5.2.0.0
2024-12-21 18:14:38,992 [WARN] PackLoader:240 - Cannot read IP mode file for STMicroelectronics.X-CUBE-NFC6.3.1.0
2024-12-21 18:14:39,013 [WARN] PackLoader:240 - Cannot read IP mode file for STMicroelectronics.X-CUBE-DPower.1.2.0
2024-12-21 18:14:39,036 [WARN] PackLoader:240 - Cannot read IP mode file for STMicroelectronics.X-CUBE-AI.9.0.0
2024-12-21 18:14:39,041 [WARN] PackLoader:240 - Cannot read IP mode file for STMicroelectronics.X-CUBE-FREERTOS.1.3.0
2024-12-21 18:14:39,061 [WARN] PackLoader:240 - Cannot read IP mode file for STMicroelectronics.X-CUBE-NFC7.1.0.1
2024-12-21 18:14:39,102 [WARN] ConditionMgr:438 - getConditionDescription Invalid condition id : LAN8742 Phy interface Condition cause : null
2024-12-21 18:14:39,103 [WARN] PackLoader:240 - Cannot read IP mode file for STMicroelectronics.X-CUBE-AZRTOS-L4.2.0.0
2024-12-21 18:14:39,104 [WARN] ConditionMgr:1039 - genDependencies : Invalid condition id : LAN8742 Phy interface Condition cause : null
2024-12-21 18:14:39,105 [WARN] ConditionMgr:1039 - genDependencies : Invalid condition id : LAN8742 Phy interface Condition cause : null
2024-12-21 18:14:39,105 [WARN] ConditionMgr:1039 - genDependencies : Invalid condition id : LAN8742 Phy interface Condition cause : null
2024-12-21 18:14:39,127 [WARN] PackLoader:240 - Cannot read IP mode file for STMicroelectronics.X-CUBE-SFXS2LP1.4.0.0
2024-12-21 18:14:39,190 [WARN] PackLoader:240 - Cannot read IP mode file for STMicroelectronics.X-CUBE-AZRTOS-H7.3.3.0
2024-12-21 18:14:39,225 [WARN] PackLoader:240 - Cannot read IP mode file for STMicroelectronics.X-CUBE-IPS.3.0.0
2024-12-21 18:14:39,272 [WARN] ConditionMgr:438 - getConditionDescription Invalid condition id : UX DEVICE CLASS RTOS Condition cause : null
2024-12-21 18:14:39,273 [WARN] ConditionMgr:438 - getConditionDescription Invalid condition id : UX DEVICE CLASS RTOS Condition cause : null
2024-12-21 18:14:39,276 [WARN] PackLoader:240 - Cannot read IP mode file for STMicroelectronics.X-CUBE-AZRTOS-WB.2.0.0
2024-12-21 18:14:39,277 [WARN] ConditionMgr:1039 - genDependencies : Invalid condition id : UX DEVICE CLASS RTOS Condition cause : null
2024-12-21 18:14:39,277 [WARN] ConditionMgr:1039 - genDependencies : Invalid condition id : UX DEVICE CLASS RTOS Condition cause : null
2024-12-21 18:14:39,278 [WARN] ConditionMgr:1039 - genDependencies : Invalid condition id : UX DEVICE CLASS RTOS Condition cause : null
2024-12-21 18:14:39,279 [WARN] ConditionMgr:1039 - genDependencies : Invalid condition id : UX DEVICE CLASS RTOS Condition cause : null
2024-12-21 18:14:39,279 [WARN] ConditionMgr:1039 - genDependencies : Invalid condition id : UX DEVICE CLASS RTOS Condition cause : null
2024-12-21 18:14:39,307 [WARN] PackLoader:240 - Cannot read IP mode file for STMicroelectronics.X-CUBE-GNSS1.7.0.0
2024-12-21 18:14:39,315 [WARN] PackLoader:240 - Cannot read IP mode file for STMicroelectronics.X-CUBE-GNSS1.7.0.1
2024-12-21 18:14:39,342 [WARN] PackLoader:240 - Cannot read IP mode file for STMicroelectronics.FP-SNS-STBOX1.2.0.0
2024-12-21 18:14:39,374 [WARN] PackLoader:240 - Cannot read IP mode file for STMicroelectronics.X-CUBE-SUBG2.5.0.0
2024-12-21 18:14:39,387 [WARN] PackLoader:240 - Cannot read IP mode file for Cesanta.I-CUBE-Mongoose.7.13.0
2024-12-21 18:14:39,429 [WARN] PackLoader:240 - Cannot read IP mode file for STMicroelectronics.X-CUBE-AZRTOS-G4.2.0.0
2024-12-21 18:14:39,454 [WARN] PackLoader:240 - Cannot read IP mode file for STMicroelectronics.X-CUBE-ALS.1.0.2
2024-12-21 18:14:39,475 [WARN] PackLoader:240 - Cannot read IP mode file for STMicroelectronics.X-CUBE-TOUCHGFX.4.24.1
2024-12-21 18:14:39,479 [WARN] PackLoader:240 - Cannot read IP mode file for wolfSSL.I-CUBE-wolfTPM.3.4.0
2024-12-21 18:14:39,504 [WARN] PackLoader:240 - Cannot read IP mode file for portGmbH.I-Cube-SoM-uGOAL.1.1.0
2024-12-21 18:14:39,563 [WARN] PackLoader:240 - Cannot read IP mode file for STMicroelectronics.X-CUBE-AZRTOS-H7RS.1.0.0
2024-12-21 18:14:39,585 [WARN] PackLoader:240 - Cannot read IP mode file for STMicroelectronics.FP-ATR-ASTRA1.2.0.0
2024-12-21 18:14:39,612 [WARN] PackLoader:240 - Cannot read IP mode file for STMicroelectronics.X-CUBE-TOF1.3.4.2
2024-12-21 18:14:39,670 [WARN] PackLoader:240 - Cannot read IP mode file for Infineon.AIROC-Wi-Fi-Bluetooth-STM32.1.6.1
2024-12-21 18:14:39,678 [WARN] PackLoader:240 - Cannot read IP mode file for wolfSSL.I-CUBE-wolfSSH.1.4.17
2024-12-21 18:14:39,679 [INFO] ThirdParty:978 - Integrity check success = true
2024-12-21 18:14:39,679 [INFO] IntegrityCheckThread:100 - exiting critical section [integrity check]
2024-12-21 18:14:39,679 [INFO] IntegrityCheckThread:103 - End integrity checks thread
2024-12-21 23:00:46,903 [INFO] WebApp:189 - Connection lost
2024-12-21 23:00:47,410 [INFO] WebApp:186 - Connection restablished
