2024-12-31 17:14:07,135 [INFO] Activator:176 - 


2024-12-31 17:14:07,143 [INFO] Activator:177 - !SESSION log4j initialized
2024-12-31 17:14:20,752 [INFO] LogOutputStream:77 - [STDOUT_REDIRECT] 
2024-12-31 17:14:32,541 [INFO] ApplicationProperties:184 - Using Application install path: C:\Users\Admin\STM32CubeIDE_1.16.1\STM32CubeIDE\plugins\com.st.stm32cube.common.mx_6.12.1.202409122256
2024-12-31 17:14:32,578 [INFO] DbMcusXml:78 - Set database path to: C:\Users\Admin\STM32CubeIDE_1.16.1\STM32CubeIDE\plugins\com.st.stm32cube.common.mx_6.12.1.202409122256\\db\/mcu/
2024-12-31 17:14:32,578 [INFO] ApiDb:274 - Set plugin database path to: C:\Users\Admin\STM32CubeIDE_1.16.1\STM32CubeIDE\plugins\com.st.stm32cube.common.mx_6.12.1.202409122256\\db\/plugins/boardmanager/
2024-12-31 17:14:32,579 [WARN] ApiDb:259 - Overriding images path with different value:  => C:\Users\Admin\STM32CubeIDE_1.16.1\STM32CubeIDE\plugins\com.st.stm32cube.common.mx_6.12.1.202409122256\\db\/plugins/mcufinder/images/
2024-12-31 17:14:32,592 [INFO] ApiDb:250 - Set database path to: C:\Users\Admin\.stmcufinder\plugins\mcufinder//mcu/
2024-12-31 17:14:32,594 [INFO] DbMcusAds:125 - Set database path to: C:\Users\Admin\.stmcufinder\plugins\mcufinder//mcu/
2024-12-31 17:14:32,602 [INFO] CrossReferenceDbSqlite:203 - Set database path to: C:\Users\Admin\.stmcufinder\plugins\mcufinder//mcu/cs/
2024-12-31 17:14:32,823 [INFO] RulesReader:64 - Compatibility file has been processed (297 Rules)
2024-12-31 17:14:32,963 [INFO] DbMcusXml:78 - Set database path to: C:\Users\Admin\STM32CubeIDE_1.16.1\STM32CubeIDE\plugins\com.st.stm32cube.common.mx_6.12.1.202409122256\\db\/mcu/
2024-12-31 17:14:32,964 [INFO] ApiDb:274 - Set plugin database path to: C:\Users\Admin\STM32CubeIDE_1.16.1\STM32CubeIDE\plugins\com.st.stm32cube.common.mx_6.12.1.202409122256\\db\/plugins/boardmanager/
2024-12-31 17:14:32,964 [INFO] ApiDb:261 - Set plugin images path to: C:\Users\Admin\STM32CubeIDE_1.16.1\STM32CubeIDE\plugins\com.st.stm32cube.common.mx_6.12.1.202409122256\\db\/plugins/mcufinder/images/
2024-12-31 17:14:32,964 [WARN] DbFile:41 - Overriding database path with different value: C:\Users\Admin\.stmcufinder\plugins\mcufinder/ => C:\Users\Admin\.stmcufinder\plugins\mcufinder
2024-12-31 17:14:32,964 [INFO] ApiDb:250 - Set database path to: C:\Users\Admin\.stmcufinder\plugins\mcufinder//mcu/
2024-12-31 17:14:32,964 [WARN] DbFile:41 - Overriding database path with different value: C:\Users\Admin\.stmcufinder\plugins\mcufinder/ => C:\Users\Admin\.stmcufinder\plugins\mcufinder
2024-12-31 17:14:32,964 [INFO] DbMcusAds:125 - Set database path to: C:\Users\Admin\.stmcufinder\plugins\mcufinder//mcu/
2024-12-31 17:14:32,964 [WARN] DbFile:41 - Overriding database path with different value: C:\Users\Admin\.stmcufinder\plugins\mcufinder/ => C:\Users\Admin\.stmcufinder\plugins\mcufinder
2024-12-31 17:14:32,965 [WARN] DbFile:41 - Overriding database path with different value: C:\Users\Admin\.stmcufinder\plugins\mcufinder/ => C:\Users\Admin\.stmcufinder\plugins\mcufinder
2024-12-31 17:14:32,965 [INFO] CrossReferenceDbSqlite:203 - Set database path to: C:\Users\Admin\.stmcufinder\plugins\mcufinder//mcu/cs/
2024-12-31 17:14:33,088 [INFO] MainPanel:268 - HeapMemory: 268435456
2024-12-31 17:14:33,256 [INFO] DbMcusXml:78 - Set database path to: C:\Users\Admin\STM32CubeIDE_1.16.1\STM32CubeIDE\plugins\com.st.stm32cube.common.mx_6.12.1.202409122256\\db\/mcu/
2024-12-31 17:14:33,256 [INFO] ApiDb:274 - Set plugin database path to: C:\Users\Admin\STM32CubeIDE_1.16.1\STM32CubeIDE\plugins\com.st.stm32cube.common.mx_6.12.1.202409122256\\db\/plugins/boardmanager/
2024-12-31 17:14:33,256 [INFO] ApiDb:261 - Set plugin images path to: C:\Users\Admin\STM32CubeIDE_1.16.1\STM32CubeIDE\plugins\com.st.stm32cube.common.mx_6.12.1.202409122256\\db\/plugins/mcufinder/images/
2024-12-31 17:14:33,257 [WARN] DbFile:41 - Overriding database path with different value: C:\Users\Admin\.stmcufinder\plugins\mcufinder/ => C:\Users\Admin\.stmcufinder\plugins\mcufinder
2024-12-31 17:14:33,257 [INFO] ApiDb:250 - Set database path to: C:\Users\Admin\.stmcufinder\plugins\mcufinder//mcu/
2024-12-31 17:14:33,257 [WARN] DbFile:41 - Overriding database path with different value: C:\Users\Admin\.stmcufinder\plugins\mcufinder/ => C:\Users\Admin\.stmcufinder\plugins\mcufinder
2024-12-31 17:14:33,257 [INFO] DbMcusAds:125 - Set database path to: C:\Users\Admin\.stmcufinder\plugins\mcufinder//mcu/
2024-12-31 17:14:33,257 [WARN] DbFile:41 - Overriding database path with different value: C:\Users\Admin\.stmcufinder\plugins\mcufinder/ => C:\Users\Admin\.stmcufinder\plugins\mcufinder
2024-12-31 17:14:33,258 [WARN] DbFile:41 - Overriding database path with different value: C:\Users\Admin\.stmcufinder\plugins\mcufinder/ => C:\Users\Admin\.stmcufinder\plugins\mcufinder
2024-12-31 17:14:33,258 [INFO] CrossReferenceDbSqlite:203 - Set database path to: C:\Users\Admin\.stmcufinder\plugins\mcufinder//mcu/cs/
2024-12-31 17:14:33,283 [INFO] ApplicationProperties:184 - Using Application install path: C:\Users\Admin\STM32CubeIDE_1.16.1\STM32CubeIDE\plugins\com.st.stm32cube.common.mx_6.12.1.202409122256
2024-12-31 17:14:33,286 [INFO] PluginManage:196 - Search for loadable plugins [exclusion list=, ]
2024-12-31 17:14:33,288 [INFO] PluginManage:310 - Check plugin analytics
2024-12-31 17:14:33,575 [INFO] AnalyticsPlugin:253 - Accepted Software Licenses: 
2024-12-31 17:14:33,576 [INFO] AnalyticsPlugin:255 - Accepted CMSIS Pack Licenses: 
2024-12-31 17:14:33,576 [INFO] AnalyticsPlugin:257 - Accepted Firmware Licenses: FW.F4.1.28.0
2024-12-31 17:14:33,580 [INFO] PluginManage:359 - Loaded plugin analytics (category:tool,tabindex:-1)
2024-12-31 17:14:33,580 [INFO] PluginManage:310 - Check plugin cadmodel
2024-12-31 17:14:33,618 [INFO] CADModel:105 - Init CAD model plugin
2024-12-31 17:14:33,618 [INFO] PluginManage:359 - Loaded plugin cadmodel (category:power,tabindex:5)
2024-12-31 17:14:33,618 [INFO] PluginManage:310 - Check plugin clock
2024-12-31 17:14:33,651 [INFO] PluginManage:359 - Loaded plugin clock (category:base,tabindex:2)
2024-12-31 17:14:33,651 [INFO] PluginManage:310 - Check plugin ddr
2024-12-31 17:14:33,657 [INFO] PluginManage:359 - Loaded plugin ddr (category:tool,tabindex:6)
2024-12-31 17:14:33,657 [INFO] PluginManage:310 - Check plugin filemanager
2024-12-31 17:14:33,873 [INFO] PluginManage:359 - Loaded plugin filemanager (category:base,tabindex:10)
2024-12-31 17:14:33,873 [INFO] PluginManage:310 - Check plugin ipmanager
2024-12-31 17:14:33,884 [INFO] PluginManage:359 - Loaded plugin ipmanager (category:base,tabindex:5)
2024-12-31 17:14:33,884 [INFO] PluginManage:310 - Check plugin lpbam
2024-12-31 17:14:33,911 [INFO] PluginManage:359 - Loaded plugin lpbam (category:base,tabindex:0)
2024-12-31 17:14:33,911 [INFO] PluginManage:310 - Check plugin memorymap
2024-12-31 17:14:33,955 [INFO] PluginManage:359 - Loaded plugin memorymap (category:base,tabindex:4)
2024-12-31 17:14:33,955 [INFO] PluginManage:310 - Check plugin pinoutandconfiguration
2024-12-31 17:14:33,991 [INFO] PluginManage:359 - Loaded plugin pinoutandconfiguration (category:base,tabindex:1)
2024-12-31 17:14:33,991 [INFO] PluginManage:310 - Check plugin pinoutconfig
2024-12-31 17:14:34,172 [WARN] SupportedApi:132 - Cannot load RTOS API schema: s4s-elt-must-match.1: The content of 'definitions' must match (annotation?, (simpleType | complexType)?, (unique | key | keyref)*)). A problem was found starting at: attribute.
2024-12-31 17:14:34,408 [INFO] PluginManage:359 - Loaded plugin pinoutconfig (category:base,tabindex:0)
2024-12-31 17:14:34,408 [INFO] PluginManage:310 - Check plugin power
2024-12-31 17:14:34,443 [INFO] PluginManage:359 - Loaded plugin power (category:power,tabindex:4)
2024-12-31 17:14:34,444 [INFO] PluginManage:310 - Check plugin projectmanager
2024-12-31 17:14:34,474 [INFO] PluginManage:359 - Loaded plugin projectmanager (category:projectmanager,tabindex:4)
2024-12-31 17:14:34,474 [INFO] PluginManage:310 - Check plugin rif
2024-12-31 17:14:34,513 [INFO] PluginManage:359 - Loaded plugin rif (category:base,tabindex:3)
2024-12-31 17:14:34,514 [INFO] PluginManage:310 - Check plugin thirdparty
2024-12-31 17:14:34,972 [INFO] PluginManage:359 - Loaded plugin thirdparty (category:base,tabindex:-1)
2024-12-31 17:14:34,972 [WARN] IntegrityCheckThread:84 - waiting for thirdparty lock release [integrity check]
2024-12-31 17:14:34,973 [INFO] IntegrityCheckThread:86 - entering critical section [integrity check]
2024-12-31 17:14:34,973 [INFO] PluginManage:310 - Check plugin tools
2024-12-31 17:14:34,973 [INFO] ThirdPartyUpdaterWithRetryManager:70 - Updater plugin not ready yet. [1/15]
2024-12-31 17:14:35,035 [INFO] PluginManage:359 - Loaded plugin tools (category:base,tabindex:7)
2024-12-31 17:14:35,035 [INFO] PluginManage:310 - Check plugin tutovideos
2024-12-31 17:14:35,312 [INFO] PluginManage:359 - Loaded plugin tutovideos (category:base,tabindex:-1)
2024-12-31 17:14:35,312 [INFO] PluginManage:310 - Check plugin updater
2024-12-31 17:14:35,338 [INFO] PluginManage:359 - Loaded plugin updater (category:base,tabindex:12)
2024-12-31 17:14:35,338 [INFO] PluginManage:310 - Check plugin userauth
2024-12-31 17:14:35,347 [INFO] UserAuth:113 - Init User Auth plugin
2024-12-31 17:14:35,347 [INFO] PluginManage:359 - Loaded plugin userauth (category:base,tabindex:14)
2024-12-31 17:14:35,348 [INFO] PluginManage:283 - PluginManage : Loaded plugins [18]
2024-12-31 17:14:35,679 [INFO] PinOutPanel:1561 - setPackage(No Configuration,No Configuration)
2024-12-31 17:14:35,809 [INFO] CADModel:165 - CPN selected for project level
2024-12-31 17:14:35,809 [INFO] CADModel:114 - Register for checkConnection events
2024-12-31 17:14:35,848 [INFO] IPUIPlugin:80 - create IPUIPlugin
2024-12-31 17:14:35,848 [INFO] PluginManager:220 - loadIPPluginJar : add adc
2024-12-31 17:14:35,912 [INFO] IPUIPlugin:80 - create IPUIPlugin
2024-12-31 17:14:35,913 [INFO] PluginManager:220 - loadIPPluginJar : add aes
2024-12-31 17:14:35,981 [INFO] IPUIPlugin:80 - create IPUIPlugin
2024-12-31 17:14:35,981 [INFO] PluginManager:220 - loadIPPluginJar : add can
2024-12-31 17:14:36,030 [INFO] IPUIPlugin:80 - create IPUIPlugin
2024-12-31 17:14:36,030 [INFO] PluginManager:220 - loadIPPluginJar : add comp
2024-12-31 17:14:36,099 [INFO] IPUIPlugin:80 - create IPUIPlugin
2024-12-31 17:14:36,099 [INFO] PluginManager:220 - loadIPPluginJar : add cryp
2024-12-31 17:14:36,122 [INFO] IPUIPlugin:80 - create IPUIPlugin
2024-12-31 17:14:36,122 [INFO] PluginManager:220 - loadIPPluginJar : add ddr_ctrl_phy
2024-12-31 17:14:36,191 [INFO] IPUIPlugin:80 - create IPUIPlugin
2024-12-31 17:14:36,192 [INFO] PluginManager:220 - loadIPPluginJar : add dfsdm
2024-12-31 17:14:36,217 [INFO] IPUIPlugin:80 - create IPUIPlugin
2024-12-31 17:14:36,217 [INFO] PluginManager:220 - loadIPPluginJar : add dma
2024-12-31 17:14:36,295 [INFO] IPUIPlugin:80 - create IPUIPlugin
2024-12-31 17:14:36,295 [INFO] PluginManager:220 - loadIPPluginJar : add dma3
2024-12-31 17:14:36,367 [INFO] IPUIPlugin:80 - create IPUIPlugin
2024-12-31 17:14:36,367 [INFO] PluginManager:220 - loadIPPluginJar : add extmemmanager
2024-12-31 17:14:36,408 [INFO] IPUIPlugin:80 - create IPUIPlugin
2024-12-31 17:14:36,408 [INFO] PluginManager:220 - loadIPPluginJar : add fatfs
2024-12-31 17:14:36,521 [INFO] IPUIPlugin:80 - create IPUIPlugin
2024-12-31 17:14:36,521 [INFO] PluginManager:220 - loadIPPluginJar : add fmc
2024-12-31 17:14:36,548 [INFO] IPUIPlugin:80 - create IPUIPlugin
2024-12-31 17:14:36,548 [INFO] PluginManager:220 - loadIPPluginJar : add freertos
2024-12-31 17:14:36,584 [INFO] IPUIPlugin:80 - create IPUIPlugin
2024-12-31 17:14:36,584 [INFO] PluginManager:220 - loadIPPluginJar : add genericplugin
2024-12-31 17:14:36,766 [INFO] IPUIPlugin:80 - create IPUIPlugin
2024-12-31 17:14:36,766 [INFO] PluginManager:220 - loadIPPluginJar : add gfxmmu
2024-12-31 17:14:37,008 [INFO] IPUIPlugin:80 - create IPUIPlugin
2024-12-31 17:14:37,008 [INFO] PluginManager:220 - loadIPPluginJar : add gic
2024-12-31 17:14:37,029 [INFO] IPUIPlugin:80 - create IPUIPlugin
2024-12-31 17:14:37,030 [INFO] PluginManager:220 - loadIPPluginJar : add gpio
2024-12-31 17:14:37,186 [INFO] IPUIPlugin:80 - create IPUIPlugin
2024-12-31 17:14:37,187 [INFO] PluginManager:220 - loadIPPluginJar : add gtzc
2024-12-31 17:14:37,242 [INFO] IPUIPlugin:80 - create IPUIPlugin
2024-12-31 17:14:37,242 [INFO] PluginManager:220 - loadIPPluginJar : add hash
2024-12-31 17:14:37,373 [INFO] IPUIPlugin:80 - create IPUIPlugin
2024-12-31 17:14:37,373 [INFO] PluginManager:220 - loadIPPluginJar : add i2c
2024-12-31 17:14:37,476 [INFO] IPUIPlugin:80 - create IPUIPlugin
2024-12-31 17:14:37,477 [INFO] PluginManager:220 - loadIPPluginJar : add i2s
2024-12-31 17:14:37,603 [INFO] IPUIPlugin:80 - create IPUIPlugin
2024-12-31 17:14:37,604 [INFO] PluginManager:220 - loadIPPluginJar : add i3c
2024-12-31 17:14:37,858 [INFO] IPUIPlugin:80 - create IPUIPlugin
2024-12-31 17:14:37,858 [INFO] PluginManager:220 - loadIPPluginJar : add ipddr
2024-12-31 17:14:37,977 [INFO] ThirdPartyUpdaterWithRetryManager:70 - Updater plugin not ready yet. [2/15]
2024-12-31 17:14:38,040 [INFO] IPUIPlugin:80 - create IPUIPlugin
2024-12-31 17:14:38,042 [INFO] PluginManager:220 - loadIPPluginJar : add linkedlist
2024-12-31 17:14:38,105 [INFO] IPUIPlugin:80 - create IPUIPlugin
2024-12-31 17:14:38,106 [INFO] PluginManager:220 - loadIPPluginJar : add lorawan
2024-12-31 17:14:38,170 [INFO] IPUIPlugin:80 - create IPUIPlugin
2024-12-31 17:14:38,170 [INFO] PluginManager:220 - loadIPPluginJar : add ltdc
2024-12-31 17:14:38,192 [INFO] IPUIPlugin:80 - create IPUIPlugin
2024-12-31 17:14:38,193 [INFO] PluginManager:220 - loadIPPluginJar : add mdma
2024-12-31 17:14:38,213 [INFO] IPUIPlugin:80 - create IPUIPlugin
2024-12-31 17:14:38,213 [INFO] PluginManager:220 - loadIPPluginJar : add nvic
2024-12-31 17:14:38,280 [INFO] IPUIPlugin:80 - create IPUIPlugin
2024-12-31 17:14:38,280 [INFO] PluginManager:220 - loadIPPluginJar : add opamp
2024-12-31 17:14:38,387 [INFO] IPUIPlugin:80 - create IPUIPlugin
2024-12-31 17:14:38,387 [INFO] PluginManager:220 - loadIPPluginJar : add openamp
2024-12-31 17:14:38,463 [INFO] IPUIPlugin:80 - create IPUIPlugin
2024-12-31 17:14:38,463 [INFO] PluginManager:220 - loadIPPluginJar : add pdm2pcm
2024-12-31 17:14:38,486 [INFO] IPUIPlugin:80 - create IPUIPlugin
2024-12-31 17:14:38,490 [INFO] PluginManager:220 - loadIPPluginJar : add plateformsettings
2024-12-31 17:14:38,539 [INFO] IPUIPlugin:80 - create IPUIPlugin
2024-12-31 17:14:38,539 [INFO] PluginManager:220 - loadIPPluginJar : add quadspi
2024-12-31 17:14:38,601 [INFO] IPUIPlugin:80 - create IPUIPlugin
2024-12-31 17:14:38,604 [INFO] PluginManager:220 - loadIPPluginJar : add radio
2024-12-31 17:14:38,626 [INFO] IPUIPlugin:80 - create IPUIPlugin
2024-12-31 17:14:38,627 [INFO] PluginManager:220 - loadIPPluginJar : add resmgrutility
2024-12-31 17:14:38,727 [INFO] IPUIPlugin:80 - create IPUIPlugin
2024-12-31 17:14:38,727 [INFO] PluginManager:220 - loadIPPluginJar : add sai
2024-12-31 17:14:38,807 [INFO] IPUIPlugin:80 - create IPUIPlugin
2024-12-31 17:14:38,808 [INFO] PluginManager:220 - loadIPPluginJar : add spi
2024-12-31 17:14:38,939 [INFO] IPUIPlugin:80 - create IPUIPlugin
2024-12-31 17:14:38,939 [INFO] PluginManager:220 - loadIPPluginJar : add stm32_wpan
2024-12-31 17:14:38,994 [INFO] IPUIPlugin:80 - create IPUIPlugin
2024-12-31 17:14:38,994 [INFO] PluginManager:220 - loadIPPluginJar : add tim
2024-12-31 17:14:39,106 [INFO] IPUIPlugin:80 - create IPUIPlugin
2024-12-31 17:14:39,107 [INFO] PluginManager:220 - loadIPPluginJar : add touchsensing
2024-12-31 17:14:39,149 [INFO] IPUIPlugin:80 - create IPUIPlugin
2024-12-31 17:14:39,149 [INFO] PluginManager:220 - loadIPPluginJar : add tracer_emb
2024-12-31 17:14:39,189 [INFO] IPUIPlugin:80 - create IPUIPlugin
2024-12-31 17:14:39,190 [INFO] PluginManager:220 - loadIPPluginJar : add ts
2024-12-31 17:14:39,229 [INFO] IPUIPlugin:80 - create IPUIPlugin
2024-12-31 17:14:39,229 [INFO] PluginManager:220 - loadIPPluginJar : add tsc
2024-12-31 17:14:39,268 [INFO] IPUIPlugin:80 - create IPUIPlugin
2024-12-31 17:14:39,268 [INFO] PluginManager:220 - loadIPPluginJar : add ucpd
2024-12-31 17:14:39,360 [INFO] IPUIPlugin:80 - create IPUIPlugin
2024-12-31 17:14:39,361 [INFO] PluginManager:220 - loadIPPluginJar : add usart
2024-12-31 17:14:39,459 [INFO] IPUIPlugin:80 - create IPUIPlugin
2024-12-31 17:14:39,459 [INFO] PluginManager:220 - loadIPPluginJar : add usbx
2024-12-31 17:14:39,606 [INFO] CADModel:165 - CPN selected for project level
2024-12-31 17:14:39,606 [INFO] CADModel:114 - Register for checkConnection events
2024-12-31 17:14:39,606 [FATAL] Updater:334 - Updater called before beeing initialized
2024-12-31 17:14:39,606 [ERROR] CADModel:125 - Updater not yet initialized, retry later 
2024-12-31 17:14:39,814 [INFO] CADModel:165 - CPN selected for project level
2024-12-31 17:14:39,814 [INFO] CADModel:114 - Register for checkConnection events
2024-12-31 17:14:39,814 [FATAL] Updater:334 - Updater called before beeing initialized
2024-12-31 17:14:39,814 [ERROR] CADModel:125 - Updater not yet initialized, retry later 
2024-12-31 17:14:39,818 [FATAL] Updater:334 - Updater called before beeing initialized
2024-12-31 17:14:39,967 [FATAL] Updater:334 - Updater called before beeing initialized
2024-12-31 17:14:39,982 [INFO] DbMcusAds:53 - JSON generation date=Fri Sep 20 18:34:23 IST 2024 (1726837463113)
2024-12-31 17:14:39,982 [FATAL] Updater:334 - Updater called before beeing initialized
2024-12-31 17:14:40,041 [WARN] DetailPanel:346 - Failed to get advertising image, set to default
2024-12-31 17:14:40,169 [FATAL] Updater:334 - Updater called before beeing initialized
2024-12-31 17:14:40,172 [FATAL] Updater:334 - Updater called before beeing initialized
2024-12-31 17:14:40,172 [FATAL] Updater:334 - Updater called before beeing initialized
2024-12-31 17:14:40,172 [WARN] DetailPanel:346 - Failed to get advertising image, set to default
2024-12-31 17:14:40,174 [FATAL] Updater:334 - Updater called before beeing initialized
2024-12-31 17:14:40,297 [ERROR] Updater:1164 - MainUpdater not yet initialized. External WinMGr cannot be set.
2024-12-31 17:14:40,316 [INFO] Updater:1100 - Updater Version found : 6.12.1
2024-12-31 17:14:40,343 [INFO] ApplicationProperties:184 - Using Application install path: C:\Users\Admin\STM32CubeIDE_1.16.1\STM32CubeIDE\plugins\com.st.stm32cube.common.mx_6.12.1.202409122256
2024-12-31 17:14:40,979 [INFO] ThirdPartyUpdaterWithRetryManager:70 - Updater plugin not ready yet. [3/15]
2024-12-31 17:14:41,950 [ERROR] LogOutputStream:75 - [STDERR_REDIRECT] Dec 31, 2024 5:14:41 PM java.util.prefs.WindowsPreferences <init>
2024-12-31 17:14:41,952 [ERROR] LogOutputStream:75 - [STDERR_REDIRECT] WARNING: Could not open/create prefs root node Software\JavaSoft\Prefs at root 0xffffffff80000002. Windows RegCreateKeyEx(...) returned error code 5.
2024-12-31 17:14:41,952 [ERROR] LogOutputStream:75 - [STDERR_REDIRECT] 
2024-12-31 17:14:42,291 [INFO] MainUpdater:2873 - connection check result : 10
2024-12-31 17:14:42,293 [INFO] MainUpdater:290 - Updater Check For Update Now.
2024-12-31 17:14:42,294 [INFO] MicroXplorer:498 - Change Database Version : DB.6.0.121
2024-12-31 17:14:42,324 [INFO] McuFinderGlobals:63 - Set McuFinder mode to 2 (CubeIDE integrated)
2024-12-31 17:14:42,339 [INFO] UserAuth:417 - Internet connection configuration mode: 1
2024-12-31 17:14:42,394 [INFO] JxBrowserEngine:152 - Initiate JxBrowser Engine with user profile folder
2024-12-31 17:14:42,671 [INFO] CheckServerUpdateThread:120 - End of CheckServer Thread
2024-12-31 17:14:44,482 [WARN] PackLoader:240 - Cannot read IP mode file for STMicroelectronics.FP-SNS-MOTENVWB1.1.4.0
2024-12-31 17:14:44,515 [WARN] PackLoader:240 - Cannot read IP mode file for STMicroelectronics.FP-ATR-ASTRA1.2.0.1
2024-12-31 17:14:44,549 [WARN] PackLoader:240 - Cannot read IP mode file for STMicroelectronics.X-CUBE-SMBUS.2.1.0
2024-12-31 17:14:44,582 [WARN] PackLoader:240 - Cannot read IP mode file for STMicroelectronics.X-CUBE-WB05N.1.1.0
2024-12-31 17:14:44,657 [WARN] PackLoader:240 - Cannot read IP mode file for STMicroelectronics.X-CUBE-AZRTOS-F7.1.1.0
2024-12-31 17:14:44,802 [WARN] PackLoader:240 - Cannot read IP mode file for STMicroelectronics.X-CUBE-MEMS1.11.0.0
2024-12-31 17:14:45,077 [WARN] PackLoader:240 - Cannot read IP mode file for STMicroelectronics.FP-SNS-FLIGHT1.5.0.2
2024-12-31 17:14:45,127 [WARN] PackLoader:240 - Cannot read IP mode file for STMicroelectronics.X-CUBE-DISPLAY.3.0.0
2024-12-31 17:14:45,174 [WARN] PackLoader:240 - Cannot read IP mode file for STMicroelectronics.X-CUBE-BLE1.7.0.0
2024-12-31 17:14:45,202 [WARN] PackLoader:240 - Cannot read IP mode file for STMicroelectronics.X-CUBE-NFC10.1.0.0
2024-12-31 17:14:45,239 [WARN] PackLoader:240 - Cannot read IP mode file for STMicroelectronics.X-CUBE-BLEMGR.4.0.0
2024-12-31 17:14:45,274 [WARN] PackLoader:240 - Cannot read IP mode file for emotas.I-CUBE-CANOPEN.1.3.0
2024-12-31 17:14:45,316 [WARN] PackLoader:240 - Cannot read IP mode file for STMicroelectronics.X-CUBE-BLEMGR.3.1.0
2024-12-31 17:14:45,345 [WARN] PackLoader:240 - Cannot read IP mode file for STMicroelectronics.FP-SNS-SMARTAG2.1.2.0
2024-12-31 17:14:45,499 [WARN] PackLoader:240 - Cannot read IP mode file for STMicroelectronics.X-CUBE-MEMS1.11.1.0
2024-12-31 17:14:45,754 [INFO] LogOutputStream:77 - [STDOUT_REDIRECT] 1 : Invalid condition id : UX_CORESTACK_Condition cause : null
2024-12-31 17:14:45,755 [INFO] LogOutputStream:77 - [STDOUT_REDIRECT] 1 : Invalid condition id : UX_CORESTACK_Condition cause : null
2024-12-31 17:14:45,756 [INFO] LogOutputStream:77 - [STDOUT_REDIRECT] 1 : Invalid condition id : UX_CORESTACK_Condition cause : null
2024-12-31 17:14:45,758 [INFO] LogOutputStream:77 - [STDOUT_REDIRECT] 1 : Invalid condition id : UX_CORESTACK_Condition cause : null
2024-12-31 17:14:45,760 [INFO] LogOutputStream:77 - [STDOUT_REDIRECT] 1 : Invalid condition id : UX_CORESTACK_Condition cause : null
2024-12-31 17:14:45,763 [WARN] PackLoader:240 - Cannot read IP mode file for STMicroelectronics.X-CUBE-AZRTOS-WL.2.0.0
2024-12-31 17:14:45,789 [WARN] PackLoader:240 - Cannot read IP mode file for STMicroelectronics.FP-SNS-MOTENV1.5.0.0
2024-12-31 17:14:45,813 [WARN] PackLoader:240 - Cannot read IP mode file for wolfSSL.I-CUBE-wolfMQTT.1.19.0
2024-12-31 17:14:45,841 [WARN] PackLoader:240 - Cannot read IP mode file for WES.I-CUBE-Cesium.1.3.0
2024-12-31 17:14:45,867 [WARN] PackLoader:240 - Cannot read IP mode file for STMicroelectronics.X-CUBE-BLE2.3.3.0
2024-12-31 17:14:45,903 [WARN] PackLoader:240 - Cannot read IP mode file for STMicroelectronics.X-CUBE-NFC9.1.0.0
2024-12-31 17:14:45,936 [WARN] PackLoader:240 - Cannot read IP mode file for STMicroelectronics.X-CUBE-TCPP.4.1.0
2024-12-31 17:14:46,014 [WARN] PackLoader:240 - Cannot read IP mode file for STMicroelectronics.X-CUBE-AZRTOS-G0.1.1.0
2024-12-31 17:14:46,054 [WARN] PackLoader:240 - Cannot read IP mode file for STMicroelectronics.X-CUBE-SAFEA1.1.2.2
2024-12-31 17:14:46,092 [WARN] PackLoader:240 - Cannot read IP mode file for STMicroelectronics.X-CUBE-NFC4.3.0.0
2024-12-31 17:14:46,135 [WARN] PackLoader:240 - Cannot read IP mode file for EmbeddedOffice.I-CUBE-FS-RTOS.1.0.1
2024-12-31 17:14:46,136 [ERROR] ConditionMgr:805 - Attr not supported : Dmpu
2024-12-31 17:14:46,136 [ERROR] ConditionMgr:805 - Attr not supported : Dmpu
2024-12-31 17:14:46,136 [ERROR] ConditionMgr:805 - Attr not supported : Dmpu
2024-12-31 17:14:46,137 [ERROR] ConditionMgr:805 - Attr not supported : Dmpu
2024-12-31 17:14:46,137 [ERROR] ConditionMgr:805 - Attr not supported : Dmpu
2024-12-31 17:14:46,137 [ERROR] ConditionMgr:805 - Attr not supported : Dmpu
2024-12-31 17:14:46,137 [ERROR] ConditionMgr:805 - Attr not supported : Dmpu
2024-12-31 17:14:46,137 [ERROR] ConditionMgr:805 - Attr not supported : Dmpu
2024-12-31 17:14:46,137 [ERROR] ConditionMgr:805 - Attr not supported : Dmpu
2024-12-31 17:14:46,137 [ERROR] ConditionMgr:805 - Attr not supported : Dmpu
2024-12-31 17:14:46,137 [ERROR] ConditionMgr:805 - Attr not supported : Dmpu
2024-12-31 17:14:46,137 [ERROR] ConditionMgr:805 - Attr not supported : Dmpu
2024-12-31 17:14:46,138 [ERROR] ConditionMgr:805 - Attr not supported : Dmpu
2024-12-31 17:14:46,138 [ERROR] ConditionMgr:805 - Attr not supported : Dmpu
2024-12-31 17:14:46,138 [ERROR] ConditionMgr:805 - Attr not supported : Dmpu
2024-12-31 17:14:46,138 [ERROR] ConditionMgr:805 - Attr not supported : Dmpu
2024-12-31 17:14:46,138 [ERROR] ConditionMgr:805 - Attr not supported : Dmpu
2024-12-31 17:14:46,138 [ERROR] ConditionMgr:805 - Attr not supported : Dmpu
2024-12-31 17:14:46,138 [ERROR] ConditionMgr:805 - Attr not supported : Dmpu
2024-12-31 17:14:46,139 [ERROR] ConditionMgr:805 - Attr not supported : Dmpu
2024-12-31 17:14:46,139 [ERROR] ConditionMgr:805 - Attr not supported : Dmpu
2024-12-31 17:14:46,139 [ERROR] ConditionMgr:805 - Attr not supported : Dmpu
2024-12-31 17:14:46,139 [ERROR] ConditionMgr:805 - Attr not supported : Dmpu
2024-12-31 17:14:46,139 [ERROR] ConditionMgr:805 - Attr not supported : Dmpu
2024-12-31 17:14:46,139 [ERROR] ConditionMgr:805 - Attr not supported : Dmpu
2024-12-31 17:14:46,139 [ERROR] ConditionMgr:805 - Attr not supported : Dmpu
2024-12-31 17:14:46,139 [ERROR] ConditionMgr:805 - Attr not supported : Dmpu
2024-12-31 17:14:46,140 [ERROR] ConditionMgr:805 - Attr not supported : Dmpu
2024-12-31 17:14:46,140 [ERROR] ConditionMgr:805 - Attr not supported : Dmpu
2024-12-31 17:14:46,140 [ERROR] ConditionMgr:805 - Attr not supported : Dmpu
2024-12-31 17:14:46,140 [ERROR] ConditionMgr:805 - Attr not supported : Dmpu
2024-12-31 17:14:46,140 [ERROR] ConditionMgr:805 - Attr not supported : Dmpu
2024-12-31 17:14:46,140 [ERROR] ConditionMgr:805 - Attr not supported : Dmpu
2024-12-31 17:14:46,140 [ERROR] ConditionMgr:805 - Attr not supported : Dmpu
2024-12-31 17:14:46,140 [ERROR] ConditionMgr:805 - Attr not supported : Dmpu
2024-12-31 17:14:46,141 [ERROR] ConditionMgr:805 - Attr not supported : Dmpu
2024-12-31 17:14:46,141 [ERROR] ConditionMgr:805 - Attr not supported : Dmpu
2024-12-31 17:14:46,141 [ERROR] ConditionMgr:805 - Attr not supported : Dmpu
2024-12-31 17:14:46,141 [ERROR] ConditionMgr:805 - Attr not supported : Dmpu
2024-12-31 17:14:46,141 [ERROR] ConditionMgr:805 - Attr not supported : Dmpu
2024-12-31 17:14:46,141 [ERROR] ConditionMgr:805 - Attr not supported : Dmpu
2024-12-31 17:14:46,142 [ERROR] ConditionMgr:805 - Attr not supported : Dmpu
2024-12-31 17:14:46,142 [ERROR] ConditionMgr:805 - Attr not supported : Dmpu
2024-12-31 17:14:46,142 [ERROR] ConditionMgr:805 - Attr not supported : Dmpu
2024-12-31 17:14:46,142 [ERROR] ConditionMgr:805 - Attr not supported : Dmpu
2024-12-31 17:14:46,142 [ERROR] ConditionMgr:805 - Attr not supported : Dmpu
2024-12-31 17:14:46,143 [ERROR] ConditionMgr:805 - Attr not supported : Dmpu
2024-12-31 17:14:46,143 [ERROR] ConditionMgr:805 - Attr not supported : Dmpu
2024-12-31 17:14:46,143 [ERROR] ConditionMgr:805 - Attr not supported : Dmpu
2024-12-31 17:14:46,143 [ERROR] ConditionMgr:805 - Attr not supported : Dmpu
2024-12-31 17:14:46,143 [ERROR] ConditionMgr:805 - Attr not supported : Dmpu
2024-12-31 17:14:46,143 [ERROR] ConditionMgr:805 - Attr not supported : Dmpu
2024-12-31 17:14:46,143 [ERROR] ConditionMgr:805 - Attr not supported : Dmpu
2024-12-31 17:14:46,144 [ERROR] ConditionMgr:805 - Attr not supported : Dmpu
2024-12-31 17:14:46,144 [ERROR] ConditionMgr:805 - Attr not supported : Dmpu
2024-12-31 17:14:46,144 [ERROR] ConditionMgr:805 - Attr not supported : Dmpu
2024-12-31 17:14:46,144 [ERROR] ConditionMgr:805 - Attr not supported : Dmpu
2024-12-31 17:14:46,144 [ERROR] ConditionMgr:805 - Attr not supported : Dmpu
2024-12-31 17:14:46,145 [ERROR] ConditionMgr:805 - Attr not supported : Dmpu
2024-12-31 17:14:46,145 [ERROR] ConditionMgr:805 - Attr not supported : Dmpu
2024-12-31 17:14:46,146 [ERROR] ConditionMgr:805 - Attr not supported : Dmpu
2024-12-31 17:14:46,146 [ERROR] ConditionMgr:805 - Attr not supported : Dmpu
2024-12-31 17:14:46,146 [ERROR] ConditionMgr:805 - Attr not supported : Dmpu
2024-12-31 17:14:46,146 [ERROR] ConditionMgr:805 - Attr not supported : Dmpu
2024-12-31 17:14:46,182 [ERROR] Engine:466 - C:\Users\Admin\.stm32cubemx\thirdparties\pdsc\STMicroelectronics.X-CUBE-TCPP.4.2.0.pdsc: PDSC version is not supported
2024-12-31 17:14:46,213 [WARN] PackLoader:240 - Cannot read IP mode file for RealThread.X-CUBE-RT-Thread_Nano.4.1.1
2024-12-31 17:14:46,242 [WARN] PackLoader:240 - Cannot read IP mode file for STMicroelectronics.FP-ATR-SIGFOX1.3.2.0
2024-12-31 17:14:46,270 [WARN] ConditionMgr:438 - getConditionDescription Invalid condition id : Cortex-A Device cause : null
2024-12-31 17:14:46,317 [WARN] ConditionMgr:1039 - genDependencies : Invalid condition id : Cortex-A Device cause : null
2024-12-31 17:14:46,317 [WARN] ConditionMgr:1039 - genDependencies : Invalid condition id : Cortex-A Device cause : null
2024-12-31 17:14:46,318 [WARN] ConditionMgr:1039 - genDependencies : Invalid condition id : Cortex-A Device cause : null
2024-12-31 17:14:46,352 [WARN] PackLoader:240 - Cannot read IP mode file for STMicroelectronics.X-CUBE-EEPRMA1.5.1.0
2024-12-31 17:14:46,378 [WARN] PackLoader:240 - Cannot read IP mode file for wolfSSL.I-CUBE-wolfSSL.5.7.4
2024-12-31 17:14:46,405 [WARN] PackLoader:240 - Cannot read IP mode file for ITTIA_DB.I-CUBE-ITTIADB.8.9.0
2024-12-31 17:14:46,485 [WARN] PackLoader:240 - Cannot read IP mode file for SEGGER.I-CUBE-embOS.1.3.1
2024-12-31 17:14:46,591 [WARN] PackLoader:240 - Cannot read IP mode file for STMicroelectronics.X-CUBE-ALGOBUILD.1.4.0
2024-12-31 17:14:46,621 [WARN] PackLoader:240 - Cannot read IP mode file for STMicroelectronics.X-CUBE-AI.9.1.0
2024-12-31 17:14:46,671 [WARN] PackLoader:240 - Cannot read IP mode file for STMicroelectronics.X-CUBE-AZRTOS-F4.1.1.0
2024-12-31 17:14:46,699 [WARN] PackLoader:240 - Cannot read IP mode file for STMicroelectronics.X-CUBE-ISPU.2.1.0
2024-12-31 17:14:46,721 [WARN] PackLoader:240 - Cannot read IP mode file for STMicroelectronics.X-CUBE-FREERTOS.1.2.0
2024-12-31 17:14:46,772 [WARN] PackLoader:240 - Cannot read IP mode file for STMicroelectronics.X-CUBE-AZRTOS-L5.2.0.0
2024-12-31 17:14:46,812 [WARN] PackLoader:240 - Cannot read IP mode file for STMicroelectronics.X-CUBE-NFC6.3.1.0
2024-12-31 17:14:46,839 [WARN] PackLoader:240 - Cannot read IP mode file for STMicroelectronics.X-CUBE-DPower.1.2.0
2024-12-31 17:14:46,865 [WARN] PackLoader:240 - Cannot read IP mode file for STMicroelectronics.X-CUBE-AI.9.0.0
2024-12-31 17:14:46,897 [WARN] PackLoader:240 - Cannot read IP mode file for STMicroelectronics.X-CUBE-FREERTOS.1.3.0
2024-12-31 17:14:46,927 [WARN] PackLoader:240 - Cannot read IP mode file for STMicroelectronics.X-CUBE-NFC7.1.0.1
2024-12-31 17:14:46,994 [WARN] ConditionMgr:438 - getConditionDescription Invalid condition id : LAN8742 Phy interface Condition cause : null
2024-12-31 17:14:46,995 [WARN] PackLoader:240 - Cannot read IP mode file for STMicroelectronics.X-CUBE-AZRTOS-L4.2.0.0
2024-12-31 17:14:46,997 [WARN] ConditionMgr:1039 - genDependencies : Invalid condition id : LAN8742 Phy interface Condition cause : null
2024-12-31 17:14:46,998 [WARN] ConditionMgr:1039 - genDependencies : Invalid condition id : LAN8742 Phy interface Condition cause : null
2024-12-31 17:14:46,999 [WARN] ConditionMgr:1039 - genDependencies : Invalid condition id : LAN8742 Phy interface Condition cause : null
2024-12-31 17:14:47,037 [WARN] PackLoader:240 - Cannot read IP mode file for STMicroelectronics.X-CUBE-SFXS2LP1.4.0.0
2024-12-31 17:14:47,092 [WARN] PackLoader:240 - Cannot read IP mode file for STMicroelectronics.X-CUBE-AZRTOS-H7.3.3.0
2024-12-31 17:14:47,134 [WARN] PackLoader:240 - Cannot read IP mode file for STMicroelectronics.X-CUBE-IPS.3.0.0
2024-12-31 17:14:47,188 [WARN] ConditionMgr:438 - getConditionDescription Invalid condition id : UX DEVICE CLASS RTOS Condition cause : null
2024-12-31 17:14:47,189 [WARN] ConditionMgr:438 - getConditionDescription Invalid condition id : UX DEVICE CLASS RTOS Condition cause : null
2024-12-31 17:14:47,195 [WARN] PackLoader:240 - Cannot read IP mode file for STMicroelectronics.X-CUBE-AZRTOS-WB.2.0.0
2024-12-31 17:14:47,196 [WARN] ConditionMgr:1039 - genDependencies : Invalid condition id : UX DEVICE CLASS RTOS Condition cause : null
2024-12-31 17:14:47,196 [WARN] ConditionMgr:1039 - genDependencies : Invalid condition id : UX DEVICE CLASS RTOS Condition cause : null
2024-12-31 17:14:47,197 [WARN] ConditionMgr:1039 - genDependencies : Invalid condition id : UX DEVICE CLASS RTOS Condition cause : null
2024-12-31 17:14:47,198 [WARN] ConditionMgr:1039 - genDependencies : Invalid condition id : UX DEVICE CLASS RTOS Condition cause : null
2024-12-31 17:14:47,198 [WARN] ConditionMgr:1039 - genDependencies : Invalid condition id : UX DEVICE CLASS RTOS Condition cause : null
2024-12-31 17:14:47,233 [WARN] PackLoader:240 - Cannot read IP mode file for STMicroelectronics.X-CUBE-GNSS1.7.0.0
2024-12-31 17:14:47,267 [WARN] PackLoader:240 - Cannot read IP mode file for STMicroelectronics.X-CUBE-GNSS1.7.0.1
2024-12-31 17:14:47,296 [WARN] PackLoader:240 - Cannot read IP mode file for STMicroelectronics.FP-SNS-STBOX1.2.0.0
2024-12-31 17:14:47,334 [WARN] PackLoader:240 - Cannot read IP mode file for STMicroelectronics.X-CUBE-SUBG2.5.0.0
2024-12-31 17:14:47,367 [WARN] PackLoader:240 - Cannot read IP mode file for Cesanta.I-CUBE-Mongoose.7.13.0
2024-12-31 17:14:47,417 [WARN] PackLoader:240 - Cannot read IP mode file for STMicroelectronics.X-CUBE-AZRTOS-G4.2.0.0
2024-12-31 17:14:47,442 [WARN] PackLoader:240 - Cannot read IP mode file for STMicroelectronics.X-CUBE-ALS.1.0.2
2024-12-31 17:14:47,472 [WARN] PackLoader:240 - Cannot read IP mode file for STMicroelectronics.X-CUBE-TOUCHGFX.4.24.1
2024-12-31 17:14:47,496 [WARN] PackLoader:240 - Cannot read IP mode file for wolfSSL.I-CUBE-wolfTPM.3.4.0
2024-12-31 17:14:47,524 [WARN] PackLoader:240 - Cannot read IP mode file for portGmbH.I-Cube-SoM-uGOAL.1.1.0
2024-12-31 17:14:47,598 [WARN] PackLoader:240 - Cannot read IP mode file for STMicroelectronics.X-CUBE-AZRTOS-H7RS.1.0.0
2024-12-31 17:14:47,625 [WARN] PackLoader:240 - Cannot read IP mode file for STMicroelectronics.FP-ATR-ASTRA1.2.0.0
2024-12-31 17:14:47,665 [WARN] PackLoader:240 - Cannot read IP mode file for STMicroelectronics.X-CUBE-TOF1.3.4.2
2024-12-31 17:14:47,767 [WARN] PackLoader:240 - Cannot read IP mode file for Infineon.AIROC-Wi-Fi-Bluetooth-STM32.1.6.1
2024-12-31 17:14:47,796 [WARN] PackLoader:240 - Cannot read IP mode file for wolfSSL.I-CUBE-wolfSSH.1.4.17
2024-12-31 17:14:47,797 [INFO] ThirdParty:978 - Integrity check success = true
2024-12-31 17:14:47,797 [INFO] IntegrityCheckThread:100 - exiting critical section [integrity check]
2024-12-31 17:14:47,797 [INFO] IntegrityCheckThread:103 - End integrity checks thread
2024-12-31 17:14:52,970 [INFO] WebApp:167 - Instantiating new browser for Auth
2024-12-31 17:14:54,151 [INFO] WebApp:448 - Apply proxy settings
2024-12-31 17:14:54,151 [INFO] WebApp:533 - Chromium requires no authentication
2024-12-31 17:14:54,180 [INFO] WebApp:476 - Direct internet connection detected
2024-12-31 17:14:54,296 [INFO] WebApp:869 - Register for checkConnection events
2024-12-31 17:14:54,297 [INFO] WebApp:448 - Apply proxy settings
2024-12-31 17:14:54,298 [INFO] WebApp:533 - Chromium requires no authentication
2024-12-31 17:14:54,300 [INFO] WebApp:476 - Direct internet connection detected
2024-12-31 17:14:54,747 [INFO] WebApp:220 - Starting web application
2024-12-31 17:14:54,747 [INFO] WebApp:578 - Web application path used C:\Users\Admin\STM32CubeIDE_1.16.1\STM32CubeIDE\plugins\com.st.stm32cube.common.mx_6.12.1.202409122256\db\plugins\mcufinder\reactClient1\index.html
2024-12-31 17:14:55,194 [INFO] WebApp:186 - Connection restablished
2024-12-31 17:14:55,494 [INFO] UserAuth:417 - Internet connection configuration mode: 1
2024-12-31 18:05:36,839 [INFO] WebApp:388 - JxBrowser engine has been closed 
2024-12-31 18:06:02,772 [ERROR] LogOutputStream:75 - [STDERR_REDIRECT] 
2024-12-31 18:06:02,775 [ERROR] LogOutputStream:75 - [STDERR_REDIRECT] 
