2024-11-02 21:44:52,282 [INFO] Activator:176 - 


2024-11-02 21:44:52,299 [INFO] Activator:177 - !SESSION log4j initialized
2024-11-02 21:45:05,372 [INFO] LogOutputStream:77 - [STDOUT_REDIRECT] 
2024-11-02 21:45:08,124 [INFO] ApplicationProperties:184 - Using Application install path: C:\Users\Admin\STM32CubeIDE_1.16.1\STM32CubeIDE\plugins\com.st.stm32cube.common.mx_6.12.1.202409122256
2024-11-02 21:45:08,148 [INFO] DbMcusXml:78 - Set database path to: C:\Users\Admin\STM32CubeIDE_1.16.1\STM32CubeIDE\plugins\com.st.stm32cube.common.mx_6.12.1.202409122256\\db\/mcu/
2024-11-02 21:45:08,149 [INFO] ApiDb:274 - Set plugin database path to: C:\Users\Admin\STM32CubeIDE_1.16.1\STM32CubeIDE\plugins\com.st.stm32cube.common.mx_6.12.1.202409122256\\db\/plugins/boardmanager/
2024-11-02 21:45:08,149 [WARN] ApiDb:259 - Overriding images path with different value:  => C:\Users\Admin\STM32CubeIDE_1.16.1\STM32CubeIDE\plugins\com.st.stm32cube.common.mx_6.12.1.202409122256\\db\/plugins/mcufinder/images/
2024-11-02 21:45:08,161 [INFO] ApiDb:250 - Set database path to: C:\Users\Admin\.stmcufinder\plugins\mcufinder//mcu/
2024-11-02 21:45:08,163 [INFO] DbMcusAds:125 - Set database path to: C:\Users\Admin\.stmcufinder\plugins\mcufinder//mcu/
2024-11-02 21:45:08,167 [INFO] CrossReferenceDbSqlite:203 - Set database path to: C:\Users\Admin\.stmcufinder\plugins\mcufinder//mcu/cs/
2024-11-02 21:45:08,329 [INFO] RulesReader:64 - Compatibility file has been processed (297 Rules)
2024-11-02 21:45:08,446 [INFO] DbMcusXml:78 - Set database path to: C:\Users\Admin\STM32CubeIDE_1.16.1\STM32CubeIDE\plugins\com.st.stm32cube.common.mx_6.12.1.202409122256\\db\/mcu/
2024-11-02 21:45:08,446 [INFO] ApiDb:274 - Set plugin database path to: C:\Users\Admin\STM32CubeIDE_1.16.1\STM32CubeIDE\plugins\com.st.stm32cube.common.mx_6.12.1.202409122256\\db\/plugins/boardmanager/
2024-11-02 21:45:08,447 [INFO] ApiDb:261 - Set plugin images path to: C:\Users\Admin\STM32CubeIDE_1.16.1\STM32CubeIDE\plugins\com.st.stm32cube.common.mx_6.12.1.202409122256\\db\/plugins/mcufinder/images/
2024-11-02 21:45:08,447 [WARN] DbFile:41 - Overriding database path with different value: C:\Users\Admin\.stmcufinder\plugins\mcufinder/ => C:\Users\Admin\.stmcufinder\plugins\mcufinder
2024-11-02 21:45:08,447 [INFO] ApiDb:250 - Set database path to: C:\Users\Admin\.stmcufinder\plugins\mcufinder//mcu/
2024-11-02 21:45:08,447 [WARN] DbFile:41 - Overriding database path with different value: C:\Users\Admin\.stmcufinder\plugins\mcufinder/ => C:\Users\Admin\.stmcufinder\plugins\mcufinder
2024-11-02 21:45:08,447 [INFO] DbMcusAds:125 - Set database path to: C:\Users\Admin\.stmcufinder\plugins\mcufinder//mcu/
2024-11-02 21:45:08,447 [WARN] DbFile:41 - Overriding database path with different value: C:\Users\Admin\.stmcufinder\plugins\mcufinder/ => C:\Users\Admin\.stmcufinder\plugins\mcufinder
2024-11-02 21:45:08,447 [WARN] DbFile:41 - Overriding database path with different value: C:\Users\Admin\.stmcufinder\plugins\mcufinder/ => C:\Users\Admin\.stmcufinder\plugins\mcufinder
2024-11-02 21:45:08,448 [INFO] CrossReferenceDbSqlite:203 - Set database path to: C:\Users\Admin\.stmcufinder\plugins\mcufinder//mcu/cs/
2024-11-02 21:45:08,570 [INFO] MainPanel:268 - HeapMemory: 268435456
2024-11-02 21:45:08,730 [INFO] DbMcusXml:78 - Set database path to: C:\Users\Admin\STM32CubeIDE_1.16.1\STM32CubeIDE\plugins\com.st.stm32cube.common.mx_6.12.1.202409122256\\db\/mcu/
2024-11-02 21:45:08,730 [INFO] ApiDb:274 - Set plugin database path to: C:\Users\Admin\STM32CubeIDE_1.16.1\STM32CubeIDE\plugins\com.st.stm32cube.common.mx_6.12.1.202409122256\\db\/plugins/boardmanager/
2024-11-02 21:45:08,730 [INFO] ApiDb:261 - Set plugin images path to: C:\Users\Admin\STM32CubeIDE_1.16.1\STM32CubeIDE\plugins\com.st.stm32cube.common.mx_6.12.1.202409122256\\db\/plugins/mcufinder/images/
2024-11-02 21:45:08,730 [WARN] DbFile:41 - Overriding database path with different value: C:\Users\Admin\.stmcufinder\plugins\mcufinder/ => C:\Users\Admin\.stmcufinder\plugins\mcufinder
2024-11-02 21:45:08,731 [INFO] ApiDb:250 - Set database path to: C:\Users\Admin\.stmcufinder\plugins\mcufinder//mcu/
2024-11-02 21:45:08,731 [WARN] DbFile:41 - Overriding database path with different value: C:\Users\Admin\.stmcufinder\plugins\mcufinder/ => C:\Users\Admin\.stmcufinder\plugins\mcufinder
2024-11-02 21:45:08,731 [INFO] DbMcusAds:125 - Set database path to: C:\Users\Admin\.stmcufinder\plugins\mcufinder//mcu/
2024-11-02 21:45:08,731 [WARN] DbFile:41 - Overriding database path with different value: C:\Users\Admin\.stmcufinder\plugins\mcufinder/ => C:\Users\Admin\.stmcufinder\plugins\mcufinder
2024-11-02 21:45:08,731 [WARN] DbFile:41 - Overriding database path with different value: C:\Users\Admin\.stmcufinder\plugins\mcufinder/ => C:\Users\Admin\.stmcufinder\plugins\mcufinder
2024-11-02 21:45:08,731 [INFO] CrossReferenceDbSqlite:203 - Set database path to: C:\Users\Admin\.stmcufinder\plugins\mcufinder//mcu/cs/
2024-11-02 21:45:08,758 [INFO] ApplicationProperties:184 - Using Application install path: C:\Users\Admin\STM32CubeIDE_1.16.1\STM32CubeIDE\plugins\com.st.stm32cube.common.mx_6.12.1.202409122256
2024-11-02 21:45:08,760 [INFO] PluginManage:196 - Search for loadable plugins [exclusion list=, ]
2024-11-02 21:45:08,763 [INFO] PluginManage:310 - Check plugin analytics
2024-11-02 21:45:09,469 [INFO] AnalyticsPlugin:253 - Accepted Software Licenses: 
2024-11-02 21:45:09,471 [INFO] AnalyticsPlugin:255 - Accepted CMSIS Pack Licenses: 
2024-11-02 21:45:09,471 [INFO] AnalyticsPlugin:257 - Accepted Firmware Licenses: FW.F4.1.28.0
2024-11-02 21:45:09,480 [INFO] PluginManage:359 - Loaded plugin analytics (category:tool,tabindex:-1)
2024-11-02 21:45:09,484 [INFO] PluginManage:310 - Check plugin cadmodel
2024-11-02 21:45:09,518 [INFO] CADModel:105 - Init CAD model plugin
2024-11-02 21:45:09,518 [INFO] PluginManage:359 - Loaded plugin cadmodel (category:power,tabindex:5)
2024-11-02 21:45:09,518 [INFO] PluginManage:310 - Check plugin clock
2024-11-02 21:45:09,558 [INFO] PluginManage:359 - Loaded plugin clock (category:base,tabindex:2)
2024-11-02 21:45:09,559 [INFO] PluginManage:310 - Check plugin ddr
2024-11-02 21:45:09,565 [INFO] PluginManage:359 - Loaded plugin ddr (category:tool,tabindex:6)
2024-11-02 21:45:09,566 [INFO] PluginManage:310 - Check plugin filemanager
2024-11-02 21:45:09,933 [INFO] PluginManage:359 - Loaded plugin filemanager (category:base,tabindex:10)
2024-11-02 21:45:09,934 [INFO] PluginManage:310 - Check plugin ipmanager
2024-11-02 21:45:09,953 [INFO] PluginManage:359 - Loaded plugin ipmanager (category:base,tabindex:5)
2024-11-02 21:45:09,953 [INFO] PluginManage:310 - Check plugin lpbam
2024-11-02 21:45:09,994 [INFO] PluginManage:359 - Loaded plugin lpbam (category:base,tabindex:0)
2024-11-02 21:45:09,994 [INFO] PluginManage:310 - Check plugin memorymap
2024-11-02 21:45:10,060 [INFO] PluginManage:359 - Loaded plugin memorymap (category:base,tabindex:4)
2024-11-02 21:45:10,061 [INFO] PluginManage:310 - Check plugin pinoutandconfiguration
2024-11-02 21:45:10,112 [INFO] PluginManage:359 - Loaded plugin pinoutandconfiguration (category:base,tabindex:1)
2024-11-02 21:45:10,113 [INFO] PluginManage:310 - Check plugin pinoutconfig
2024-11-02 21:45:10,410 [WARN] SupportedApi:132 - Cannot load RTOS API schema: s4s-elt-must-match.1: The content of 'definitions' must match (annotation?, (simpleType | complexType)?, (unique | key | keyref)*)). A problem was found starting at: attribute.
2024-11-02 21:45:10,704 [INFO] PluginManage:359 - Loaded plugin pinoutconfig (category:base,tabindex:0)
2024-11-02 21:45:10,704 [INFO] PluginManage:310 - Check plugin power
2024-11-02 21:45:10,740 [INFO] PluginManage:359 - Loaded plugin power (category:power,tabindex:4)
2024-11-02 21:45:10,740 [INFO] PluginManage:310 - Check plugin projectmanager
2024-11-02 21:45:10,772 [INFO] PluginManage:359 - Loaded plugin projectmanager (category:projectmanager,tabindex:4)
2024-11-02 21:45:10,772 [INFO] PluginManage:310 - Check plugin rif
2024-11-02 21:45:10,805 [INFO] PluginManage:359 - Loaded plugin rif (category:base,tabindex:3)
2024-11-02 21:45:10,805 [INFO] PluginManage:310 - Check plugin thirdparty
2024-11-02 21:45:11,459 [INFO] PluginManage:359 - Loaded plugin thirdparty (category:base,tabindex:-1)
2024-11-02 21:45:11,459 [WARN] IntegrityCheckThread:84 - waiting for thirdparty lock release [integrity check]
2024-11-02 21:45:11,459 [INFO] PluginManage:310 - Check plugin tools
2024-11-02 21:45:11,460 [INFO] IntegrityCheckThread:86 - entering critical section [integrity check]
2024-11-02 21:45:11,462 [INFO] ThirdPartyUpdaterWithRetryManager:70 - Updater plugin not ready yet. [1/15]
2024-11-02 21:45:11,538 [INFO] PluginManage:359 - Loaded plugin tools (category:base,tabindex:7)
2024-11-02 21:45:11,538 [INFO] PluginManage:310 - Check plugin tutovideos
2024-11-02 21:45:11,912 [INFO] PluginManage:359 - Loaded plugin tutovideos (category:base,tabindex:-1)
2024-11-02 21:45:11,913 [INFO] PluginManage:310 - Check plugin updater
2024-11-02 21:45:11,951 [INFO] PluginManage:359 - Loaded plugin updater (category:base,tabindex:12)
2024-11-02 21:45:11,952 [INFO] PluginManage:310 - Check plugin userauth
2024-11-02 21:45:11,963 [INFO] UserAuth:113 - Init User Auth plugin
2024-11-02 21:45:11,963 [INFO] PluginManage:359 - Loaded plugin userauth (category:base,tabindex:14)
2024-11-02 21:45:11,964 [INFO] PluginManage:283 - PluginManage : Loaded plugins [18]
2024-11-02 21:45:12,454 [INFO] PinOutPanel:1561 - setPackage(No Configuration,No Configuration)
2024-11-02 21:45:12,591 [INFO] CADModel:165 - CPN selected for project level
2024-11-02 21:45:12,592 [INFO] CADModel:114 - Register for checkConnection events
2024-11-02 21:45:12,631 [INFO] IPUIPlugin:80 - create IPUIPlugin
2024-11-02 21:45:12,631 [INFO] PluginManager:220 - loadIPPluginJar : add adc
2024-11-02 21:45:12,683 [INFO] IPUIPlugin:80 - create IPUIPlugin
2024-11-02 21:45:12,683 [INFO] PluginManager:220 - loadIPPluginJar : add aes
2024-11-02 21:45:12,740 [INFO] IPUIPlugin:80 - create IPUIPlugin
2024-11-02 21:45:12,740 [INFO] PluginManager:220 - loadIPPluginJar : add can
2024-11-02 21:45:12,775 [INFO] IPUIPlugin:80 - create IPUIPlugin
2024-11-02 21:45:12,775 [INFO] PluginManager:220 - loadIPPluginJar : add comp
2024-11-02 21:45:12,826 [INFO] IPUIPlugin:80 - create IPUIPlugin
2024-11-02 21:45:12,826 [INFO] PluginManager:220 - loadIPPluginJar : add cryp
2024-11-02 21:45:12,842 [INFO] IPUIPlugin:80 - create IPUIPlugin
2024-11-02 21:45:12,842 [INFO] PluginManager:220 - loadIPPluginJar : add ddr_ctrl_phy
2024-11-02 21:45:12,892 [INFO] IPUIPlugin:80 - create IPUIPlugin
2024-11-02 21:45:12,893 [INFO] PluginManager:220 - loadIPPluginJar : add dfsdm
2024-11-02 21:45:12,922 [INFO] IPUIPlugin:80 - create IPUIPlugin
2024-11-02 21:45:12,924 [INFO] PluginManager:220 - loadIPPluginJar : add dma
2024-11-02 21:45:12,995 [INFO] IPUIPlugin:80 - create IPUIPlugin
2024-11-02 21:45:12,995 [INFO] PluginManager:220 - loadIPPluginJar : add dma3
2024-11-02 21:45:13,065 [INFO] IPUIPlugin:80 - create IPUIPlugin
2024-11-02 21:45:13,065 [INFO] PluginManager:220 - loadIPPluginJar : add extmemmanager
2024-11-02 21:45:13,096 [INFO] IPUIPlugin:80 - create IPUIPlugin
2024-11-02 21:45:13,096 [INFO] PluginManager:220 - loadIPPluginJar : add fatfs
2024-11-02 21:45:13,180 [INFO] IPUIPlugin:80 - create IPUIPlugin
2024-11-02 21:45:13,180 [INFO] PluginManager:220 - loadIPPluginJar : add fmc
2024-11-02 21:45:13,213 [INFO] IPUIPlugin:80 - create IPUIPlugin
2024-11-02 21:45:13,213 [INFO] PluginManager:220 - loadIPPluginJar : add freertos
2024-11-02 21:45:13,246 [INFO] IPUIPlugin:80 - create IPUIPlugin
2024-11-02 21:45:13,246 [INFO] PluginManager:220 - loadIPPluginJar : add genericplugin
2024-11-02 21:45:13,387 [INFO] IPUIPlugin:80 - create IPUIPlugin
2024-11-02 21:45:13,388 [INFO] PluginManager:220 - loadIPPluginJar : add gfxmmu
2024-11-02 21:45:13,582 [INFO] IPUIPlugin:80 - create IPUIPlugin
2024-11-02 21:45:13,582 [INFO] PluginManager:220 - loadIPPluginJar : add gic
2024-11-02 21:45:13,601 [INFO] IPUIPlugin:80 - create IPUIPlugin
2024-11-02 21:45:13,601 [INFO] PluginManager:220 - loadIPPluginJar : add gpio
2024-11-02 21:45:13,735 [INFO] IPUIPlugin:80 - create IPUIPlugin
2024-11-02 21:45:13,736 [INFO] PluginManager:220 - loadIPPluginJar : add gtzc
2024-11-02 21:45:13,785 [INFO] IPUIPlugin:80 - create IPUIPlugin
2024-11-02 21:45:13,785 [INFO] PluginManager:220 - loadIPPluginJar : add hash
2024-11-02 21:45:13,866 [INFO] IPUIPlugin:80 - create IPUIPlugin
2024-11-02 21:45:13,866 [INFO] PluginManager:220 - loadIPPluginJar : add i2c
2024-11-02 21:45:13,944 [INFO] IPUIPlugin:80 - create IPUIPlugin
2024-11-02 21:45:13,944 [INFO] PluginManager:220 - loadIPPluginJar : add i2s
2024-11-02 21:45:14,013 [INFO] IPUIPlugin:80 - create IPUIPlugin
2024-11-02 21:45:14,013 [INFO] PluginManager:220 - loadIPPluginJar : add i3c
2024-11-02 21:45:14,176 [INFO] IPUIPlugin:80 - create IPUIPlugin
2024-11-02 21:45:14,177 [INFO] PluginManager:220 - loadIPPluginJar : add ipddr
2024-11-02 21:45:14,312 [INFO] IPUIPlugin:80 - create IPUIPlugin
2024-11-02 21:45:14,313 [INFO] PluginManager:220 - loadIPPluginJar : add linkedlist
2024-11-02 21:45:14,371 [INFO] IPUIPlugin:80 - create IPUIPlugin
2024-11-02 21:45:14,371 [INFO] PluginManager:220 - loadIPPluginJar : add lorawan
2024-11-02 21:45:14,424 [INFO] IPUIPlugin:80 - create IPUIPlugin
2024-11-02 21:45:14,424 [INFO] PluginManager:220 - loadIPPluginJar : add ltdc
2024-11-02 21:45:14,442 [INFO] IPUIPlugin:80 - create IPUIPlugin
2024-11-02 21:45:14,443 [INFO] PluginManager:220 - loadIPPluginJar : add mdma
2024-11-02 21:45:14,462 [INFO] ThirdPartyUpdaterWithRetryManager:70 - Updater plugin not ready yet. [2/15]
2024-11-02 21:45:14,466 [INFO] IPUIPlugin:80 - create IPUIPlugin
2024-11-02 21:45:14,467 [INFO] PluginManager:220 - loadIPPluginJar : add nvic
2024-11-02 21:45:14,527 [INFO] IPUIPlugin:80 - create IPUIPlugin
2024-11-02 21:45:14,527 [INFO] PluginManager:220 - loadIPPluginJar : add opamp
2024-11-02 21:45:14,645 [INFO] IPUIPlugin:80 - create IPUIPlugin
2024-11-02 21:45:14,646 [INFO] PluginManager:220 - loadIPPluginJar : add openamp
2024-11-02 21:45:14,721 [INFO] IPUIPlugin:80 - create IPUIPlugin
2024-11-02 21:45:14,721 [INFO] PluginManager:220 - loadIPPluginJar : add pdm2pcm
2024-11-02 21:45:14,746 [INFO] IPUIPlugin:80 - create IPUIPlugin
2024-11-02 21:45:14,750 [INFO] PluginManager:220 - loadIPPluginJar : add plateformsettings
2024-11-02 21:45:14,790 [INFO] IPUIPlugin:80 - create IPUIPlugin
2024-11-02 21:45:14,790 [INFO] PluginManager:220 - loadIPPluginJar : add quadspi
2024-11-02 21:45:14,831 [INFO] IPUIPlugin:80 - create IPUIPlugin
2024-11-02 21:45:14,833 [INFO] PluginManager:220 - loadIPPluginJar : add radio
2024-11-02 21:45:14,860 [INFO] IPUIPlugin:80 - create IPUIPlugin
2024-11-02 21:45:14,861 [INFO] PluginManager:220 - loadIPPluginJar : add resmgrutility
2024-11-02 21:45:14,939 [INFO] IPUIPlugin:80 - create IPUIPlugin
2024-11-02 21:45:14,940 [INFO] PluginManager:220 - loadIPPluginJar : add sai
2024-11-02 21:45:14,994 [INFO] IPUIPlugin:80 - create IPUIPlugin
2024-11-02 21:45:14,994 [INFO] PluginManager:220 - loadIPPluginJar : add spi
2024-11-02 21:45:15,099 [INFO] IPUIPlugin:80 - create IPUIPlugin
2024-11-02 21:45:15,099 [INFO] PluginManager:220 - loadIPPluginJar : add stm32_wpan
2024-11-02 21:45:15,134 [INFO] IPUIPlugin:80 - create IPUIPlugin
2024-11-02 21:45:15,134 [INFO] PluginManager:220 - loadIPPluginJar : add tim
2024-11-02 21:45:15,225 [INFO] IPUIPlugin:80 - create IPUIPlugin
2024-11-02 21:45:15,225 [INFO] PluginManager:220 - loadIPPluginJar : add touchsensing
2024-11-02 21:45:15,259 [INFO] IPUIPlugin:80 - create IPUIPlugin
2024-11-02 21:45:15,259 [INFO] PluginManager:220 - loadIPPluginJar : add tracer_emb
2024-11-02 21:45:15,293 [INFO] IPUIPlugin:80 - create IPUIPlugin
2024-11-02 21:45:15,294 [INFO] PluginManager:220 - loadIPPluginJar : add ts
2024-11-02 21:45:15,327 [INFO] IPUIPlugin:80 - create IPUIPlugin
2024-11-02 21:45:15,327 [INFO] PluginManager:220 - loadIPPluginJar : add tsc
2024-11-02 21:45:15,360 [INFO] IPUIPlugin:80 - create IPUIPlugin
2024-11-02 21:45:15,360 [INFO] PluginManager:220 - loadIPPluginJar : add ucpd
2024-11-02 21:45:15,425 [INFO] IPUIPlugin:80 - create IPUIPlugin
2024-11-02 21:45:15,425 [INFO] PluginManager:220 - loadIPPluginJar : add usart
2024-11-02 21:45:15,492 [INFO] IPUIPlugin:80 - create IPUIPlugin
2024-11-02 21:45:15,492 [INFO] PluginManager:220 - loadIPPluginJar : add usbx
2024-11-02 21:45:15,651 [INFO] CADModel:165 - CPN selected for project level
2024-11-02 21:45:15,652 [INFO] CADModel:114 - Register for checkConnection events
2024-11-02 21:45:15,652 [FATAL] Updater:334 - Updater called before beeing initialized
2024-11-02 21:45:15,653 [ERROR] CADModel:125 - Updater not yet initialized, retry later 
2024-11-02 21:45:15,885 [INFO] CADModel:165 - CPN selected for project level
2024-11-02 21:45:15,885 [INFO] CADModel:114 - Register for checkConnection events
2024-11-02 21:45:15,886 [FATAL] Updater:334 - Updater called before beeing initialized
2024-11-02 21:45:15,886 [ERROR] CADModel:125 - Updater not yet initialized, retry later 
2024-11-02 21:45:15,892 [FATAL] Updater:334 - Updater called before beeing initialized
2024-11-02 21:45:16,064 [FATAL] Updater:334 - Updater called before beeing initialized
2024-11-02 21:45:16,081 [INFO] DbMcusAds:53 - JSON generation date=Fri Sep 20 18:34:23 IST 2024 (1726837463113)
2024-11-02 21:45:16,082 [FATAL] Updater:334 - Updater called before beeing initialized
2024-11-02 21:45:16,139 [WARN] DetailPanel:346 - Failed to get advertising image, set to default
2024-11-02 21:45:16,296 [FATAL] Updater:334 - Updater called before beeing initialized
2024-11-02 21:45:16,298 [FATAL] Updater:334 - Updater called before beeing initialized
2024-11-02 21:45:16,298 [FATAL] Updater:334 - Updater called before beeing initialized
2024-11-02 21:45:16,298 [WARN] DetailPanel:346 - Failed to get advertising image, set to default
2024-11-02 21:45:16,300 [FATAL] Updater:334 - Updater called before beeing initialized
2024-11-02 21:45:16,386 [ERROR] Updater:1164 - MainUpdater not yet initialized. External WinMGr cannot be set.
2024-11-02 21:45:16,401 [INFO] Updater:1100 - Updater Version found : 6.12.1
2024-11-02 21:45:16,432 [INFO] ApplicationProperties:184 - Using Application install path: C:\Users\Admin\STM32CubeIDE_1.16.1\STM32CubeIDE\plugins\com.st.stm32cube.common.mx_6.12.1.202409122256
2024-11-02 21:45:17,464 [INFO] ThirdPartyUpdaterWithRetryManager:70 - Updater plugin not ready yet. [3/15]
2024-11-02 21:45:18,051 [ERROR] LogOutputStream:75 - [STDERR_REDIRECT] Nov 02, 2024 9:45:18 PM java.util.prefs.WindowsPreferences <init>
2024-11-02 21:45:18,053 [ERROR] LogOutputStream:75 - [STDERR_REDIRECT] WARNING: Could not open/create prefs root node Software\JavaSoft\Prefs at root 0xffffffff80000002. Windows RegCreateKeyEx(...) returned error code 5.
2024-11-02 21:45:18,053 [ERROR] LogOutputStream:75 - [STDERR_REDIRECT] 
2024-11-02 21:45:18,511 [INFO] MainUpdater:2873 - connection check result : 10
2024-11-02 21:45:18,512 [INFO] MainUpdater:3567 - Updater definition file requires update
2024-11-02 21:45:18,514 [INFO] MainUpdater:290 - Updater Check For Update Now.
2024-11-02 21:45:18,514 [INFO] MicroXplorer:498 - Change Database Version : DB.6.0.121
2024-11-02 21:45:18,536 [INFO] McuFinderGlobals:63 - Set McuFinder mode to 2 (CubeIDE integrated)
2024-11-02 21:45:18,544 [INFO] UserAuth:417 - Internet connection configuration mode: 1
2024-11-02 21:45:18,574 [INFO] JxBrowserEngine:152 - Initiate JxBrowser Engine with user profile folder
2024-11-02 21:45:18,580 [INFO] ServerAccessManage:473 - Download File updaters.zip
2024-11-02 21:45:18,718 [INFO] FileExtend:240 - Unzip File : updaters.zip
2024-11-02 21:45:18,719 [INFO] FileExtend:255 - Standard Zip Deflate
2024-11-02 21:45:20,056 [INFO] ServerAccessManage:473 - Download File PacksControlFlags.xml
2024-11-02 21:45:20,364 [INFO] ServerAccessManage:473 - Download File cubemx.pidx
2024-11-02 21:45:20,494 [WARN] MainUpdater:1194 - Updater busy. Cannot search thirdparties
2024-11-02 21:45:20,495 [INFO] ThirdPartyUpdaterWithRetryManager:96 - Updater plugin is busy. [1/15]
2024-11-02 21:45:20,724 [INFO] LoadServerUpdatesThread:375 - End of LoadServerUpdate Thread
2024-11-02 21:45:21,004 [INFO] CheckServerUpdateThread:120 - End of CheckServer Thread
2024-11-02 21:45:23,879 [WARN] PackLoader:240 - Cannot read IP mode file for STMicroelectronics.FP-SNS-MOTENVWB1.1.4.0
2024-11-02 21:45:23,912 [WARN] PackLoader:240 - Cannot read IP mode file for STMicroelectronics.X-CUBE-SMBUS.2.1.0
2024-11-02 21:45:23,951 [WARN] PackLoader:240 - Cannot read IP mode file for STMicroelectronics.X-CUBE-WB05N.1.1.0
2024-11-02 21:45:24,048 [WARN] PackLoader:240 - Cannot read IP mode file for STMicroelectronics.X-CUBE-AZRTOS-F7.1.1.0
2024-11-02 21:45:24,231 [WARN] PackLoader:240 - Cannot read IP mode file for STMicroelectronics.X-CUBE-MEMS1.11.0.0
2024-11-02 21:45:24,569 [WARN] PackLoader:240 - Cannot read IP mode file for STMicroelectronics.FP-SNS-FLIGHT1.5.0.2
2024-11-02 21:45:24,598 [WARN] PackLoader:240 - Cannot read IP mode file for STMicroelectronics.X-CUBE-DISPLAY.3.0.0
2024-11-02 21:45:24,630 [WARN] PackLoader:240 - Cannot read IP mode file for STMicroelectronics.X-CUBE-BLE1.7.0.0
2024-11-02 21:45:24,660 [WARN] PackLoader:240 - Cannot read IP mode file for STMicroelectronics.X-CUBE-NFC10.1.0.0
2024-11-02 21:45:24,697 [WARN] PackLoader:240 - Cannot read IP mode file for emotas.I-CUBE-CANOPEN.1.3.0
2024-11-02 21:45:24,735 [WARN] PackLoader:240 - Cannot read IP mode file for STMicroelectronics.X-CUBE-BLEMGR.3.1.0
2024-11-02 21:45:24,766 [WARN] PackLoader:240 - Cannot read IP mode file for STMicroelectronics.FP-SNS-SMARTAG2.1.2.0
2024-11-02 21:45:24,814 [INFO] LogOutputStream:77 - [STDOUT_REDIRECT] 1 : Invalid condition id : UX_CORESTACK_Condition cause : null
2024-11-02 21:45:24,815 [INFO] LogOutputStream:77 - [STDOUT_REDIRECT] 1 : Invalid condition id : UX_CORESTACK_Condition cause : null
2024-11-02 21:45:24,817 [INFO] LogOutputStream:77 - [STDOUT_REDIRECT] 1 : Invalid condition id : UX_CORESTACK_Condition cause : null
2024-11-02 21:45:24,819 [INFO] LogOutputStream:77 - [STDOUT_REDIRECT] 1 : Invalid condition id : UX_CORESTACK_Condition cause : null
2024-11-02 21:45:24,821 [INFO] LogOutputStream:77 - [STDOUT_REDIRECT] 1 : Invalid condition id : UX_CORESTACK_Condition cause : null
2024-11-02 21:45:24,828 [WARN] PackLoader:240 - Cannot read IP mode file for STMicroelectronics.X-CUBE-AZRTOS-WL.2.0.0
2024-11-02 21:45:24,860 [WARN] PackLoader:240 - Cannot read IP mode file for STMicroelectronics.FP-SNS-MOTENV1.5.0.0
2024-11-02 21:45:24,892 [WARN] PackLoader:240 - Cannot read IP mode file for WES.I-CUBE-Cesium.1.3.0
2024-11-02 21:45:24,921 [WARN] PackLoader:240 - Cannot read IP mode file for STMicroelectronics.X-CUBE-BLE2.3.3.0
2024-11-02 21:45:24,957 [WARN] PackLoader:240 - Cannot read IP mode file for STMicroelectronics.X-CUBE-NFC9.1.0.0
2024-11-02 21:45:24,992 [WARN] PackLoader:240 - Cannot read IP mode file for STMicroelectronics.X-CUBE-TCPP.4.1.0
2024-11-02 21:45:25,052 [WARN] PackLoader:240 - Cannot read IP mode file for STMicroelectronics.X-CUBE-AZRTOS-G0.1.1.0
2024-11-02 21:45:25,083 [WARN] PackLoader:240 - Cannot read IP mode file for STMicroelectronics.X-CUBE-SAFEA1.1.2.2
2024-11-02 21:45:25,111 [WARN] PackLoader:240 - Cannot read IP mode file for STMicroelectronics.X-CUBE-NFC4.3.0.0
2024-11-02 21:45:25,143 [WARN] PackLoader:240 - Cannot read IP mode file for EmbeddedOffice.I-CUBE-FS-RTOS.1.0.1
2024-11-02 21:45:25,143 [ERROR] ConditionMgr:805 - Attr not supported : Dmpu
2024-11-02 21:45:25,144 [ERROR] ConditionMgr:805 - Attr not supported : Dmpu
2024-11-02 21:45:25,144 [ERROR] ConditionMgr:805 - Attr not supported : Dmpu
2024-11-02 21:45:25,144 [ERROR] ConditionMgr:805 - Attr not supported : Dmpu
2024-11-02 21:45:25,144 [ERROR] ConditionMgr:805 - Attr not supported : Dmpu
2024-11-02 21:45:25,144 [ERROR] ConditionMgr:805 - Attr not supported : Dmpu
2024-11-02 21:45:25,145 [ERROR] ConditionMgr:805 - Attr not supported : Dmpu
2024-11-02 21:45:25,145 [ERROR] ConditionMgr:805 - Attr not supported : Dmpu
2024-11-02 21:45:25,145 [ERROR] ConditionMgr:805 - Attr not supported : Dmpu
2024-11-02 21:45:25,145 [ERROR] ConditionMgr:805 - Attr not supported : Dmpu
2024-11-02 21:45:25,145 [ERROR] ConditionMgr:805 - Attr not supported : Dmpu
2024-11-02 21:45:25,145 [ERROR] ConditionMgr:805 - Attr not supported : Dmpu
2024-11-02 21:45:25,146 [ERROR] ConditionMgr:805 - Attr not supported : Dmpu
2024-11-02 21:45:25,146 [ERROR] ConditionMgr:805 - Attr not supported : Dmpu
2024-11-02 21:45:25,146 [ERROR] ConditionMgr:805 - Attr not supported : Dmpu
2024-11-02 21:45:25,146 [ERROR] ConditionMgr:805 - Attr not supported : Dmpu
2024-11-02 21:45:25,146 [ERROR] ConditionMgr:805 - Attr not supported : Dmpu
2024-11-02 21:45:25,146 [ERROR] ConditionMgr:805 - Attr not supported : Dmpu
2024-11-02 21:45:25,146 [ERROR] ConditionMgr:805 - Attr not supported : Dmpu
2024-11-02 21:45:25,146 [ERROR] ConditionMgr:805 - Attr not supported : Dmpu
2024-11-02 21:45:25,146 [ERROR] ConditionMgr:805 - Attr not supported : Dmpu
2024-11-02 21:45:25,147 [ERROR] ConditionMgr:805 - Attr not supported : Dmpu
2024-11-02 21:45:25,147 [ERROR] ConditionMgr:805 - Attr not supported : Dmpu
2024-11-02 21:45:25,147 [ERROR] ConditionMgr:805 - Attr not supported : Dmpu
2024-11-02 21:45:25,147 [ERROR] ConditionMgr:805 - Attr not supported : Dmpu
2024-11-02 21:45:25,148 [ERROR] ConditionMgr:805 - Attr not supported : Dmpu
2024-11-02 21:45:25,148 [ERROR] ConditionMgr:805 - Attr not supported : Dmpu
2024-11-02 21:45:25,148 [ERROR] ConditionMgr:805 - Attr not supported : Dmpu
2024-11-02 21:45:25,148 [ERROR] ConditionMgr:805 - Attr not supported : Dmpu
2024-11-02 21:45:25,148 [ERROR] ConditionMgr:805 - Attr not supported : Dmpu
2024-11-02 21:45:25,148 [ERROR] ConditionMgr:805 - Attr not supported : Dmpu
2024-11-02 21:45:25,148 [ERROR] ConditionMgr:805 - Attr not supported : Dmpu
2024-11-02 21:45:25,148 [ERROR] ConditionMgr:805 - Attr not supported : Dmpu
2024-11-02 21:45:25,149 [ERROR] ConditionMgr:805 - Attr not supported : Dmpu
2024-11-02 21:45:25,149 [ERROR] ConditionMgr:805 - Attr not supported : Dmpu
2024-11-02 21:45:25,149 [ERROR] ConditionMgr:805 - Attr not supported : Dmpu
2024-11-02 21:45:25,149 [ERROR] ConditionMgr:805 - Attr not supported : Dmpu
2024-11-02 21:45:25,149 [ERROR] ConditionMgr:805 - Attr not supported : Dmpu
2024-11-02 21:45:25,149 [ERROR] ConditionMgr:805 - Attr not supported : Dmpu
2024-11-02 21:45:25,149 [ERROR] ConditionMgr:805 - Attr not supported : Dmpu
2024-11-02 21:45:25,150 [ERROR] ConditionMgr:805 - Attr not supported : Dmpu
2024-11-02 21:45:25,150 [ERROR] ConditionMgr:805 - Attr not supported : Dmpu
2024-11-02 21:45:25,150 [ERROR] ConditionMgr:805 - Attr not supported : Dmpu
2024-11-02 21:45:25,150 [ERROR] ConditionMgr:805 - Attr not supported : Dmpu
2024-11-02 21:45:25,150 [ERROR] ConditionMgr:805 - Attr not supported : Dmpu
2024-11-02 21:45:25,150 [ERROR] ConditionMgr:805 - Attr not supported : Dmpu
2024-11-02 21:45:25,150 [ERROR] ConditionMgr:805 - Attr not supported : Dmpu
2024-11-02 21:45:25,150 [ERROR] ConditionMgr:805 - Attr not supported : Dmpu
2024-11-02 21:45:25,151 [ERROR] ConditionMgr:805 - Attr not supported : Dmpu
2024-11-02 21:45:25,151 [ERROR] ConditionMgr:805 - Attr not supported : Dmpu
2024-11-02 21:45:25,151 [ERROR] ConditionMgr:805 - Attr not supported : Dmpu
2024-11-02 21:45:25,151 [ERROR] ConditionMgr:805 - Attr not supported : Dmpu
2024-11-02 21:45:25,151 [ERROR] ConditionMgr:805 - Attr not supported : Dmpu
2024-11-02 21:45:25,151 [ERROR] ConditionMgr:805 - Attr not supported : Dmpu
2024-11-02 21:45:25,151 [ERROR] ConditionMgr:805 - Attr not supported : Dmpu
2024-11-02 21:45:25,151 [ERROR] ConditionMgr:805 - Attr not supported : Dmpu
2024-11-02 21:45:25,152 [ERROR] ConditionMgr:805 - Attr not supported : Dmpu
2024-11-02 21:45:25,152 [ERROR] ConditionMgr:805 - Attr not supported : Dmpu
2024-11-02 21:45:25,152 [ERROR] ConditionMgr:805 - Attr not supported : Dmpu
2024-11-02 21:45:25,152 [ERROR] ConditionMgr:805 - Attr not supported : Dmpu
2024-11-02 21:45:25,152 [ERROR] ConditionMgr:805 - Attr not supported : Dmpu
2024-11-02 21:45:25,152 [ERROR] ConditionMgr:805 - Attr not supported : Dmpu
2024-11-02 21:45:25,152 [ERROR] ConditionMgr:805 - Attr not supported : Dmpu
2024-11-02 21:45:25,152 [ERROR] ConditionMgr:805 - Attr not supported : Dmpu
2024-11-02 21:45:25,176 [WARN] PackLoader:240 - Cannot read IP mode file for RealThread.X-CUBE-RT-Thread_Nano.4.1.1
2024-11-02 21:45:25,199 [WARN] PackLoader:240 - Cannot read IP mode file for STMicroelectronics.FP-ATR-SIGFOX1.3.2.0
2024-11-02 21:45:25,229 [WARN] PackLoader:240 - Cannot read IP mode file for STMicroelectronics.X-CUBE-EEPRMA1.5.1.0
2024-11-02 21:45:25,266 [WARN] PackLoader:240 - Cannot read IP mode file for ITTIA_DB.I-CUBE-ITTIADB.8.9.0
2024-11-02 21:45:25,336 [WARN] PackLoader:240 - Cannot read IP mode file for SEGGER.I-CUBE-embOS.1.3.1
2024-11-02 21:45:25,446 [WARN] PackLoader:240 - Cannot read IP mode file for STMicroelectronics.X-CUBE-ALGOBUILD.1.4.0
2024-11-02 21:45:25,471 [WARN] PackLoader:240 - Cannot read IP mode file for STMicroelectronics.X-CUBE-AI.9.1.0
2024-11-02 21:45:25,521 [WARN] PackLoader:240 - Cannot read IP mode file for STMicroelectronics.X-CUBE-AZRTOS-F4.1.1.0
2024-11-02 21:45:25,550 [WARN] PackLoader:240 - Cannot read IP mode file for STMicroelectronics.X-CUBE-ISPU.2.1.0
2024-11-02 21:45:25,576 [WARN] PackLoader:240 - Cannot read IP mode file for STMicroelectronics.X-CUBE-FREERTOS.1.2.0
2024-11-02 21:45:25,617 [WARN] PackLoader:240 - Cannot read IP mode file for STMicroelectronics.X-CUBE-AZRTOS-L5.2.0.0
2024-11-02 21:45:25,646 [WARN] PackLoader:240 - Cannot read IP mode file for STMicroelectronics.X-CUBE-NFC6.3.1.0
2024-11-02 21:45:25,676 [WARN] PackLoader:240 - Cannot read IP mode file for STMicroelectronics.X-CUBE-DPower.1.2.0
2024-11-02 21:45:25,699 [WARN] PackLoader:240 - Cannot read IP mode file for STMicroelectronics.X-CUBE-AI.9.0.0
2024-11-02 21:45:25,722 [WARN] PackLoader:240 - Cannot read IP mode file for STMicroelectronics.X-CUBE-NFC7.1.0.1
2024-11-02 21:45:25,773 [WARN] ConditionMgr:438 - getConditionDescription Invalid condition id : LAN8742 Phy interface Condition cause : null
2024-11-02 21:45:25,774 [WARN] PackLoader:240 - Cannot read IP mode file for STMicroelectronics.X-CUBE-AZRTOS-L4.2.0.0
2024-11-02 21:45:25,776 [WARN] ConditionMgr:1039 - genDependencies : Invalid condition id : LAN8742 Phy interface Condition cause : null
2024-11-02 21:45:25,777 [WARN] ConditionMgr:1039 - genDependencies : Invalid condition id : LAN8742 Phy interface Condition cause : null
2024-11-02 21:45:25,778 [WARN] ConditionMgr:1039 - genDependencies : Invalid condition id : LAN8742 Phy interface Condition cause : null
2024-11-02 21:45:25,815 [WARN] PackLoader:240 - Cannot read IP mode file for STMicroelectronics.X-CUBE-SFXS2LP1.4.0.0
2024-11-02 21:45:25,883 [WARN] PackLoader:240 - Cannot read IP mode file for STMicroelectronics.X-CUBE-AZRTOS-H7.3.3.0
2024-11-02 21:45:25,936 [WARN] PackLoader:240 - Cannot read IP mode file for STMicroelectronics.X-CUBE-IPS.3.0.0
2024-11-02 21:45:25,995 [WARN] ConditionMgr:438 - getConditionDescription Invalid condition id : UX DEVICE CLASS RTOS Condition cause : null
2024-11-02 21:45:25,996 [WARN] ConditionMgr:438 - getConditionDescription Invalid condition id : UX DEVICE CLASS RTOS Condition cause : null
2024-11-02 21:45:25,999 [WARN] PackLoader:240 - Cannot read IP mode file for STMicroelectronics.X-CUBE-AZRTOS-WB.2.0.0
2024-11-02 21:45:26,001 [WARN] ConditionMgr:1039 - genDependencies : Invalid condition id : UX DEVICE CLASS RTOS Condition cause : null
2024-11-02 21:45:26,001 [WARN] ConditionMgr:1039 - genDependencies : Invalid condition id : UX DEVICE CLASS RTOS Condition cause : null
2024-11-02 21:45:26,002 [WARN] ConditionMgr:1039 - genDependencies : Invalid condition id : UX DEVICE CLASS RTOS Condition cause : null
2024-11-02 21:45:26,003 [WARN] ConditionMgr:1039 - genDependencies : Invalid condition id : UX DEVICE CLASS RTOS Condition cause : null
2024-11-02 21:45:26,003 [WARN] ConditionMgr:1039 - genDependencies : Invalid condition id : UX DEVICE CLASS RTOS Condition cause : null
2024-11-02 21:45:26,037 [WARN] PackLoader:240 - Cannot read IP mode file for STMicroelectronics.X-CUBE-GNSS1.7.0.0
2024-11-02 21:45:26,079 [WARN] PackLoader:240 - Cannot read IP mode file for STMicroelectronics.FP-SNS-STBOX1.2.0.0
2024-11-02 21:45:26,130 [WARN] PackLoader:240 - Cannot read IP mode file for STMicroelectronics.X-CUBE-SUBG2.5.0.0
2024-11-02 21:45:26,168 [WARN] PackLoader:240 - Cannot read IP mode file for Cesanta.I-CUBE-Mongoose.7.13.0
2024-11-02 21:45:26,228 [WARN] PackLoader:240 - Cannot read IP mode file for STMicroelectronics.X-CUBE-AZRTOS-G4.2.0.0
2024-11-02 21:45:26,256 [WARN] PackLoader:240 - Cannot read IP mode file for STMicroelectronics.X-CUBE-ALS.1.0.2
2024-11-02 21:45:26,286 [WARN] PackLoader:240 - Cannot read IP mode file for STMicroelectronics.X-CUBE-TOUCHGFX.4.24.1
2024-11-02 21:45:26,311 [WARN] PackLoader:240 - Cannot read IP mode file for portGmbH.I-Cube-SoM-uGOAL.1.1.0
2024-11-02 21:45:26,368 [WARN] PackLoader:240 - Cannot read IP mode file for STMicroelectronics.X-CUBE-AZRTOS-H7RS.1.0.0
2024-11-02 21:45:26,393 [WARN] PackLoader:240 - Cannot read IP mode file for STMicroelectronics.FP-ATR-ASTRA1.2.0.0
2024-11-02 21:45:26,432 [WARN] PackLoader:240 - Cannot read IP mode file for STMicroelectronics.X-CUBE-TOF1.3.4.2
2024-11-02 21:45:26,500 [WARN] PackLoader:240 - Cannot read IP mode file for Infineon.AIROC-Wi-Fi-Bluetooth-STM32.1.6.1
2024-11-02 21:45:26,504 [INFO] ThirdParty:978 - Integrity check success = true
2024-11-02 21:45:26,505 [INFO] IntegrityCheckThread:100 - exiting critical section [integrity check]
2024-11-02 21:45:26,505 [INFO] IntegrityCheckThread:103 - End integrity checks thread
2024-11-02 21:45:30,107 [INFO] WebApp:167 - Instantiating new browser for Auth
2024-11-02 21:45:31,370 [INFO] WebApp:448 - Apply proxy settings
2024-11-02 21:45:31,371 [INFO] WebApp:533 - Chromium requires no authentication
2024-11-02 21:45:31,388 [INFO] WebApp:476 - Direct internet connection detected
2024-11-02 21:45:31,431 [INFO] WebApp:869 - Register for checkConnection events
2024-11-02 21:45:31,432 [INFO] WebApp:448 - Apply proxy settings
2024-11-02 21:45:31,432 [INFO] WebApp:533 - Chromium requires no authentication
2024-11-02 21:45:31,433 [INFO] WebApp:476 - Direct internet connection detected
2024-11-02 21:45:31,688 [INFO] WebApp:220 - Starting web application
2024-11-02 21:45:31,688 [INFO] WebApp:578 - Web application path used C:\Users\Admin\STM32CubeIDE_1.16.1\STM32CubeIDE\plugins\com.st.stm32cube.common.mx_6.12.1.202409122256\db\plugins\mcufinder\reactClient1\index.html
2024-11-02 21:45:31,919 [INFO] WebApp:186 - Connection restablished
2024-11-02 21:45:32,077 [INFO] UserAuth:417 - Internet connection configuration mode: 1
2024-11-02 23:05:00,749 [ERROR] LogOutputStream:75 - [STDERR_REDIRECT] 
2024-11-02 23:05:00,753 [ERROR] LogOutputStream:75 - [STDERR_REDIRECT] 
