2024-09-25 18:57:54,249 [INFO] Activator:176 - 


2024-09-25 18:57:54,264 [INFO] Activator:177 - !SESSION log4j initialized
2024-09-25 18:58:09,780 [INFO] LogOutputStream:77 - [STDOUT_REDIRECT] 
2024-09-25 18:58:12,620 [INFO] ApplicationProperties:184 - Using Application install path: C:\Users\Admin\STM32CubeIDE_1.16.1\STM32CubeIDE\plugins\com.st.stm32cube.common.mx_6.12.1.202409122256
2024-09-25 18:58:12,651 [INFO] DbMcusXml:78 - Set database path to: C:\Users\Admin\STM32CubeIDE_1.16.1\STM32CubeIDE\plugins\com.st.stm32cube.common.mx_6.12.1.202409122256\\db\/mcu/
2024-09-25 18:58:12,651 [INFO] ApiDb:274 - Set plugin database path to: C:\Users\Admin\STM32CubeIDE_1.16.1\STM32CubeIDE\plugins\com.st.stm32cube.common.mx_6.12.1.202409122256\\db\/plugins/boardmanager/
2024-09-25 18:58:12,652 [WARN] ApiDb:259 - Overriding images path with different value:  => C:\Users\Admin\STM32CubeIDE_1.16.1\STM32CubeIDE\plugins\com.st.stm32cube.common.mx_6.12.1.202409122256\\db\/plugins/mcufinder/images/
2024-09-25 18:58:12,667 [INFO] ApiDb:250 - Set database path to: C:\Users\Admin\.stmcufinder\plugins\mcufinder//mcu/
2024-09-25 18:58:12,668 [INFO] DbMcusAds:125 - Set database path to: C:\Users\Admin\.stmcufinder\plugins\mcufinder//mcu/
2024-09-25 18:58:12,672 [INFO] CrossReferenceDbSqlite:203 - Set database path to: C:\Users\Admin\.stmcufinder\plugins\mcufinder//mcu/cs/
2024-09-25 18:58:12,856 [INFO] RulesReader:64 - Compatibility file has been processed (297 Rules)
2024-09-25 18:58:12,994 [INFO] DbMcusXml:78 - Set database path to: C:\Users\Admin\STM32CubeIDE_1.16.1\STM32CubeIDE\plugins\com.st.stm32cube.common.mx_6.12.1.202409122256\\db\/mcu/
2024-09-25 18:58:12,995 [INFO] ApiDb:274 - Set plugin database path to: C:\Users\Admin\STM32CubeIDE_1.16.1\STM32CubeIDE\plugins\com.st.stm32cube.common.mx_6.12.1.202409122256\\db\/plugins/boardmanager/
2024-09-25 18:58:12,996 [INFO] ApiDb:261 - Set plugin images path to: C:\Users\Admin\STM32CubeIDE_1.16.1\STM32CubeIDE\plugins\com.st.stm32cube.common.mx_6.12.1.202409122256\\db\/plugins/mcufinder/images/
2024-09-25 18:58:12,997 [WARN] DbFile:41 - Overriding database path with different value: C:\Users\Admin\.stmcufinder\plugins\mcufinder/ => C:\Users\Admin\.stmcufinder\plugins\mcufinder
2024-09-25 18:58:12,997 [INFO] ApiDb:250 - Set database path to: C:\Users\Admin\.stmcufinder\plugins\mcufinder//mcu/
2024-09-25 18:58:12,997 [WARN] DbFile:41 - Overriding database path with different value: C:\Users\Admin\.stmcufinder\plugins\mcufinder/ => C:\Users\Admin\.stmcufinder\plugins\mcufinder
2024-09-25 18:58:12,997 [INFO] DbMcusAds:125 - Set database path to: C:\Users\Admin\.stmcufinder\plugins\mcufinder//mcu/
2024-09-25 18:58:12,997 [WARN] DbFile:41 - Overriding database path with different value: C:\Users\Admin\.stmcufinder\plugins\mcufinder/ => C:\Users\Admin\.stmcufinder\plugins\mcufinder
2024-09-25 18:58:12,998 [WARN] DbFile:41 - Overriding database path with different value: C:\Users\Admin\.stmcufinder\plugins\mcufinder/ => C:\Users\Admin\.stmcufinder\plugins\mcufinder
2024-09-25 18:58:12,998 [INFO] CrossReferenceDbSqlite:203 - Set database path to: C:\Users\Admin\.stmcufinder\plugins\mcufinder//mcu/cs/
2024-09-25 18:58:13,148 [INFO] MainPanel:268 - HeapMemory: 268435456
2024-09-25 18:58:13,381 [INFO] DbMcusXml:78 - Set database path to: C:\Users\Admin\STM32CubeIDE_1.16.1\STM32CubeIDE\plugins\com.st.stm32cube.common.mx_6.12.1.202409122256\\db\/mcu/
2024-09-25 18:58:13,381 [INFO] ApiDb:274 - Set plugin database path to: C:\Users\Admin\STM32CubeIDE_1.16.1\STM32CubeIDE\plugins\com.st.stm32cube.common.mx_6.12.1.202409122256\\db\/plugins/boardmanager/
2024-09-25 18:58:13,381 [INFO] ApiDb:261 - Set plugin images path to: C:\Users\Admin\STM32CubeIDE_1.16.1\STM32CubeIDE\plugins\com.st.stm32cube.common.mx_6.12.1.202409122256\\db\/plugins/mcufinder/images/
2024-09-25 18:58:13,382 [WARN] DbFile:41 - Overriding database path with different value: C:\Users\Admin\.stmcufinder\plugins\mcufinder/ => C:\Users\Admin\.stmcufinder\plugins\mcufinder
2024-09-25 18:58:13,382 [INFO] ApiDb:250 - Set database path to: C:\Users\Admin\.stmcufinder\plugins\mcufinder//mcu/
2024-09-25 18:58:13,382 [WARN] DbFile:41 - Overriding database path with different value: C:\Users\Admin\.stmcufinder\plugins\mcufinder/ => C:\Users\Admin\.stmcufinder\plugins\mcufinder
2024-09-25 18:58:13,382 [INFO] DbMcusAds:125 - Set database path to: C:\Users\Admin\.stmcufinder\plugins\mcufinder//mcu/
2024-09-25 18:58:13,382 [WARN] DbFile:41 - Overriding database path with different value: C:\Users\Admin\.stmcufinder\plugins\mcufinder/ => C:\Users\Admin\.stmcufinder\plugins\mcufinder
2024-09-25 18:58:13,382 [WARN] DbFile:41 - Overriding database path with different value: C:\Users\Admin\.stmcufinder\plugins\mcufinder/ => C:\Users\Admin\.stmcufinder\plugins\mcufinder
2024-09-25 18:58:13,383 [INFO] CrossReferenceDbSqlite:203 - Set database path to: C:\Users\Admin\.stmcufinder\plugins\mcufinder//mcu/cs/
2024-09-25 18:58:13,412 [INFO] ApplicationProperties:184 - Using Application install path: C:\Users\Admin\STM32CubeIDE_1.16.1\STM32CubeIDE\plugins\com.st.stm32cube.common.mx_6.12.1.202409122256
2024-09-25 18:58:13,416 [INFO] PluginManage:196 - Search for loadable plugins [exclusion list=, ]
2024-09-25 18:58:13,418 [INFO] PluginManage:310 - Check plugin analytics
2024-09-25 18:58:13,793 [INFO] AnalyticsPlugin:253 - Accepted Software Licenses: 
2024-09-25 18:58:13,795 [INFO] AnalyticsPlugin:255 - Accepted CMSIS Pack Licenses: 
2024-09-25 18:58:13,797 [INFO] AnalyticsPlugin:257 - Accepted Firmware Licenses: 
2024-09-25 18:58:13,804 [INFO] PluginManage:359 - Loaded plugin analytics (category:tool,tabindex:-1)
2024-09-25 18:58:13,805 [INFO] PluginManage:310 - Check plugin cadmodel
2024-09-25 18:58:13,836 [INFO] CADModel:105 - Init CAD model plugin
2024-09-25 18:58:13,836 [INFO] PluginManage:359 - Loaded plugin cadmodel (category:power,tabindex:5)
2024-09-25 18:58:13,837 [INFO] PluginManage:310 - Check plugin clock
2024-09-25 18:58:13,871 [INFO] PluginManage:359 - Loaded plugin clock (category:base,tabindex:2)
2024-09-25 18:58:13,872 [INFO] PluginManage:310 - Check plugin ddr
2024-09-25 18:58:13,878 [INFO] PluginManage:359 - Loaded plugin ddr (category:tool,tabindex:6)
2024-09-25 18:58:13,878 [INFO] PluginManage:310 - Check plugin filemanager
2024-09-25 18:58:14,179 [INFO] PluginManage:359 - Loaded plugin filemanager (category:base,tabindex:10)
2024-09-25 18:58:14,180 [INFO] PluginManage:310 - Check plugin ipmanager
2024-09-25 18:58:14,192 [INFO] PluginManage:359 - Loaded plugin ipmanager (category:base,tabindex:5)
2024-09-25 18:58:14,193 [INFO] PluginManage:310 - Check plugin lpbam
2024-09-25 18:58:14,222 [INFO] PluginManage:359 - Loaded plugin lpbam (category:base,tabindex:0)
2024-09-25 18:58:14,223 [INFO] PluginManage:310 - Check plugin memorymap
2024-09-25 18:58:14,257 [INFO] PluginManage:359 - Loaded plugin memorymap (category:base,tabindex:4)
2024-09-25 18:58:14,257 [INFO] PluginManage:310 - Check plugin pinoutandconfiguration
2024-09-25 18:58:14,285 [INFO] PluginManage:359 - Loaded plugin pinoutandconfiguration (category:base,tabindex:1)
2024-09-25 18:58:14,285 [INFO] PluginManage:310 - Check plugin pinoutconfig
2024-09-25 18:58:14,433 [WARN] SupportedApi:132 - Cannot load RTOS API schema: s4s-elt-must-match.1: The content of 'definitions' must match (annotation?, (simpleType | complexType)?, (unique | key | keyref)*)). A problem was found starting at: attribute.
2024-09-25 18:58:14,666 [INFO] PluginManage:359 - Loaded plugin pinoutconfig (category:base,tabindex:0)
2024-09-25 18:58:14,666 [INFO] PluginManage:310 - Check plugin power
2024-09-25 18:58:14,756 [INFO] PluginManage:359 - Loaded plugin power (category:power,tabindex:4)
2024-09-25 18:58:14,757 [INFO] PluginManage:310 - Check plugin projectmanager
2024-09-25 18:58:14,790 [INFO] PluginManage:359 - Loaded plugin projectmanager (category:projectmanager,tabindex:4)
2024-09-25 18:58:14,790 [INFO] PluginManage:310 - Check plugin rif
2024-09-25 18:58:14,818 [INFO] PluginManage:359 - Loaded plugin rif (category:base,tabindex:3)
2024-09-25 18:58:14,819 [INFO] PluginManage:310 - Check plugin thirdparty
2024-09-25 18:58:15,206 [INFO] PluginManage:359 - Loaded plugin thirdparty (category:base,tabindex:-1)
2024-09-25 18:58:15,206 [WARN] IntegrityCheckThread:84 - waiting for thirdparty lock release [integrity check]
2024-09-25 18:58:15,207 [INFO] PluginManage:310 - Check plugin tools
2024-09-25 18:58:15,207 [INFO] IntegrityCheckThread:86 - entering critical section [integrity check]
2024-09-25 18:58:15,207 [INFO] ThirdPartyUpdaterWithRetryManager:70 - Updater plugin not ready yet. [1/15]
2024-09-25 18:58:15,253 [INFO] PluginManage:359 - Loaded plugin tools (category:base,tabindex:7)
2024-09-25 18:58:15,254 [INFO] PluginManage:310 - Check plugin tutovideos
2024-09-25 18:58:15,489 [INFO] PluginManage:359 - Loaded plugin tutovideos (category:base,tabindex:-1)
2024-09-25 18:58:15,489 [INFO] PluginManage:310 - Check plugin updater
2024-09-25 18:58:15,511 [INFO] PluginManage:359 - Loaded plugin updater (category:base,tabindex:12)
2024-09-25 18:58:15,512 [INFO] PluginManage:310 - Check plugin userauth
2024-09-25 18:58:15,519 [INFO] UserAuth:113 - Init User Auth plugin
2024-09-25 18:58:15,519 [INFO] PluginManage:359 - Loaded plugin userauth (category:base,tabindex:14)
2024-09-25 18:58:15,520 [INFO] PluginManage:283 - PluginManage : Loaded plugins [18]
2024-09-25 18:58:15,792 [INFO] PinOutPanel:1561 - setPackage(No Configuration,No Configuration)
2024-09-25 18:58:15,909 [INFO] CADModel:165 - CPN selected for project level
2024-09-25 18:58:15,909 [INFO] CADModel:114 - Register for checkConnection events
2024-09-25 18:58:15,943 [INFO] IPUIPlugin:80 - create IPUIPlugin
2024-09-25 18:58:15,943 [INFO] PluginManager:220 - loadIPPluginJar : add adc
2024-09-25 18:58:15,992 [INFO] IPUIPlugin:80 - create IPUIPlugin
2024-09-25 18:58:15,992 [INFO] PluginManager:220 - loadIPPluginJar : add aes
2024-09-25 18:58:16,046 [INFO] IPUIPlugin:80 - create IPUIPlugin
2024-09-25 18:58:16,047 [INFO] PluginManager:220 - loadIPPluginJar : add can
2024-09-25 18:58:16,079 [INFO] IPUIPlugin:80 - create IPUIPlugin
2024-09-25 18:58:16,079 [INFO] PluginManager:220 - loadIPPluginJar : add comp
2024-09-25 18:58:16,125 [INFO] IPUIPlugin:80 - create IPUIPlugin
2024-09-25 18:58:16,125 [INFO] PluginManager:220 - loadIPPluginJar : add cryp
2024-09-25 18:58:16,141 [INFO] IPUIPlugin:80 - create IPUIPlugin
2024-09-25 18:58:16,141 [INFO] PluginManager:220 - loadIPPluginJar : add ddr_ctrl_phy
2024-09-25 18:58:16,186 [INFO] IPUIPlugin:80 - create IPUIPlugin
2024-09-25 18:58:16,186 [INFO] PluginManager:220 - loadIPPluginJar : add dfsdm
2024-09-25 18:58:16,205 [INFO] IPUIPlugin:80 - create IPUIPlugin
2024-09-25 18:58:16,206 [INFO] PluginManager:220 - loadIPPluginJar : add dma
2024-09-25 18:58:16,263 [INFO] IPUIPlugin:80 - create IPUIPlugin
2024-09-25 18:58:16,264 [INFO] PluginManager:220 - loadIPPluginJar : add dma3
2024-09-25 18:58:16,324 [INFO] IPUIPlugin:80 - create IPUIPlugin
2024-09-25 18:58:16,324 [INFO] PluginManager:220 - loadIPPluginJar : add extmemmanager
2024-09-25 18:58:16,352 [INFO] IPUIPlugin:80 - create IPUIPlugin
2024-09-25 18:58:16,352 [INFO] PluginManager:220 - loadIPPluginJar : add fatfs
2024-09-25 18:58:16,414 [INFO] IPUIPlugin:80 - create IPUIPlugin
2024-09-25 18:58:16,415 [INFO] PluginManager:220 - loadIPPluginJar : add fmc
2024-09-25 18:58:16,433 [INFO] IPUIPlugin:80 - create IPUIPlugin
2024-09-25 18:58:16,433 [INFO] PluginManager:220 - loadIPPluginJar : add freertos
2024-09-25 18:58:16,462 [INFO] IPUIPlugin:80 - create IPUIPlugin
2024-09-25 18:58:16,462 [INFO] PluginManager:220 - loadIPPluginJar : add genericplugin
2024-09-25 18:58:16,589 [INFO] IPUIPlugin:80 - create IPUIPlugin
2024-09-25 18:58:16,590 [INFO] PluginManager:220 - loadIPPluginJar : add gfxmmu
2024-09-25 18:58:16,773 [INFO] IPUIPlugin:80 - create IPUIPlugin
2024-09-25 18:58:16,774 [INFO] PluginManager:220 - loadIPPluginJar : add gic
2024-09-25 18:58:16,791 [INFO] IPUIPlugin:80 - create IPUIPlugin
2024-09-25 18:58:16,792 [INFO] PluginManager:220 - loadIPPluginJar : add gpio
2024-09-25 18:58:16,913 [INFO] IPUIPlugin:80 - create IPUIPlugin
2024-09-25 18:58:16,913 [INFO] PluginManager:220 - loadIPPluginJar : add gtzc
2024-09-25 18:58:16,955 [INFO] IPUIPlugin:80 - create IPUIPlugin
2024-09-25 18:58:16,956 [INFO] PluginManager:220 - loadIPPluginJar : add hash
2024-09-25 18:58:17,028 [INFO] IPUIPlugin:80 - create IPUIPlugin
2024-09-25 18:58:17,029 [INFO] PluginManager:220 - loadIPPluginJar : add i2c
2024-09-25 18:58:17,103 [INFO] IPUIPlugin:80 - create IPUIPlugin
2024-09-25 18:58:17,103 [INFO] PluginManager:220 - loadIPPluginJar : add i2s
2024-09-25 18:58:17,226 [INFO] IPUIPlugin:80 - create IPUIPlugin
2024-09-25 18:58:17,227 [INFO] PluginManager:220 - loadIPPluginJar : add i3c
2024-09-25 18:58:17,523 [INFO] IPUIPlugin:80 - create IPUIPlugin
2024-09-25 18:58:17,523 [INFO] PluginManager:220 - loadIPPluginJar : add ipddr
2024-09-25 18:58:17,655 [INFO] IPUIPlugin:80 - create IPUIPlugin
2024-09-25 18:58:17,655 [INFO] PluginManager:220 - loadIPPluginJar : add linkedlist
2024-09-25 18:58:17,705 [INFO] IPUIPlugin:80 - create IPUIPlugin
2024-09-25 18:58:17,705 [INFO] PluginManager:220 - loadIPPluginJar : add lorawan
2024-09-25 18:58:17,756 [INFO] IPUIPlugin:80 - create IPUIPlugin
2024-09-25 18:58:17,757 [INFO] PluginManager:220 - loadIPPluginJar : add ltdc
2024-09-25 18:58:17,778 [INFO] IPUIPlugin:80 - create IPUIPlugin
2024-09-25 18:58:17,778 [INFO] PluginManager:220 - loadIPPluginJar : add mdma
2024-09-25 18:58:17,794 [INFO] IPUIPlugin:80 - create IPUIPlugin
2024-09-25 18:58:17,794 [INFO] PluginManager:220 - loadIPPluginJar : add nvic
2024-09-25 18:58:17,844 [INFO] IPUIPlugin:80 - create IPUIPlugin
2024-09-25 18:58:17,844 [INFO] PluginManager:220 - loadIPPluginJar : add opamp
2024-09-25 18:58:17,929 [INFO] IPUIPlugin:80 - create IPUIPlugin
2024-09-25 18:58:17,929 [INFO] PluginManager:220 - loadIPPluginJar : add openamp
2024-09-25 18:58:17,994 [INFO] IPUIPlugin:80 - create IPUIPlugin
2024-09-25 18:58:17,994 [INFO] PluginManager:220 - loadIPPluginJar : add pdm2pcm
2024-09-25 18:58:18,015 [INFO] IPUIPlugin:80 - create IPUIPlugin
2024-09-25 18:58:18,018 [INFO] PluginManager:220 - loadIPPluginJar : add plateformsettings
2024-09-25 18:58:18,048 [INFO] IPUIPlugin:80 - create IPUIPlugin
2024-09-25 18:58:18,048 [INFO] PluginManager:220 - loadIPPluginJar : add quadspi
2024-09-25 18:58:18,084 [INFO] IPUIPlugin:80 - create IPUIPlugin
2024-09-25 18:58:18,085 [INFO] PluginManager:220 - loadIPPluginJar : add radio
2024-09-25 18:58:18,101 [INFO] IPUIPlugin:80 - create IPUIPlugin
2024-09-25 18:58:18,101 [INFO] PluginManager:220 - loadIPPluginJar : add resmgrutility
2024-09-25 18:58:18,164 [INFO] IPUIPlugin:80 - create IPUIPlugin
2024-09-25 18:58:18,165 [INFO] PluginManager:220 - loadIPPluginJar : add sai
2024-09-25 18:58:18,208 [INFO] ThirdPartyUpdaterWithRetryManager:70 - Updater plugin not ready yet. [2/15]
2024-09-25 18:58:18,216 [INFO] IPUIPlugin:80 - create IPUIPlugin
2024-09-25 18:58:18,217 [INFO] PluginManager:220 - loadIPPluginJar : add spi
2024-09-25 18:58:18,315 [INFO] IPUIPlugin:80 - create IPUIPlugin
2024-09-25 18:58:18,315 [INFO] PluginManager:220 - loadIPPluginJar : add stm32_wpan
2024-09-25 18:58:18,350 [INFO] IPUIPlugin:80 - create IPUIPlugin
2024-09-25 18:58:18,351 [INFO] PluginManager:220 - loadIPPluginJar : add tim
2024-09-25 18:58:18,446 [INFO] IPUIPlugin:80 - create IPUIPlugin
2024-09-25 18:58:18,446 [INFO] PluginManager:220 - loadIPPluginJar : add touchsensing
2024-09-25 18:58:18,493 [INFO] IPUIPlugin:80 - create IPUIPlugin
2024-09-25 18:58:18,494 [INFO] PluginManager:220 - loadIPPluginJar : add tracer_emb
2024-09-25 18:58:18,580 [INFO] IPUIPlugin:80 - create IPUIPlugin
2024-09-25 18:58:18,581 [INFO] PluginManager:220 - loadIPPluginJar : add ts
2024-09-25 18:58:18,689 [INFO] IPUIPlugin:80 - create IPUIPlugin
2024-09-25 18:58:18,690 [INFO] PluginManager:220 - loadIPPluginJar : add tsc
2024-09-25 18:58:18,736 [INFO] IPUIPlugin:80 - create IPUIPlugin
2024-09-25 18:58:18,736 [INFO] PluginManager:220 - loadIPPluginJar : add ucpd
2024-09-25 18:58:18,800 [INFO] IPUIPlugin:80 - create IPUIPlugin
2024-09-25 18:58:18,800 [INFO] PluginManager:220 - loadIPPluginJar : add usart
2024-09-25 18:58:18,860 [INFO] IPUIPlugin:80 - create IPUIPlugin
2024-09-25 18:58:18,860 [INFO] PluginManager:220 - loadIPPluginJar : add usbx
2024-09-25 18:58:18,999 [INFO] CADModel:165 - CPN selected for project level
2024-09-25 18:58:18,999 [INFO] CADModel:114 - Register for checkConnection events
2024-09-25 18:58:19,000 [FATAL] Updater:334 - Updater called before beeing initialized
2024-09-25 18:58:19,000 [ERROR] CADModel:125 - Updater not yet initialized, retry later 
2024-09-25 18:58:19,426 [INFO] CADModel:165 - CPN selected for project level
2024-09-25 18:58:19,426 [INFO] CADModel:114 - Register for checkConnection events
2024-09-25 18:58:19,426 [FATAL] Updater:334 - Updater called before beeing initialized
2024-09-25 18:58:19,427 [ERROR] CADModel:125 - Updater not yet initialized, retry later 
2024-09-25 18:58:19,431 [FATAL] Updater:334 - Updater called before beeing initialized
2024-09-25 18:58:19,569 [FATAL] Updater:334 - Updater called before beeing initialized
2024-09-25 18:58:19,583 [INFO] DbMcusAds:53 - JSON generation date=Fri Sep 20 18:34:23 IST 2024 (1726837463113)
2024-09-25 18:58:19,583 [FATAL] Updater:334 - Updater called before beeing initialized
2024-09-25 18:58:19,634 [WARN] DetailPanel:346 - Failed to get advertising image, set to default
2024-09-25 18:58:19,733 [FATAL] Updater:334 - Updater called before beeing initialized
2024-09-25 18:58:19,735 [FATAL] Updater:334 - Updater called before beeing initialized
2024-09-25 18:58:19,735 [FATAL] Updater:334 - Updater called before beeing initialized
2024-09-25 18:58:19,735 [WARN] DetailPanel:346 - Failed to get advertising image, set to default
2024-09-25 18:58:19,736 [FATAL] Updater:334 - Updater called before beeing initialized
2024-09-25 18:58:19,841 [ERROR] Updater:1164 - MainUpdater not yet initialized. External WinMGr cannot be set.
2024-09-25 18:58:19,857 [INFO] Updater:1100 - Updater Version found : 6.12.1
2024-09-25 18:58:19,881 [INFO] ApplicationProperties:184 - Using Application install path: C:\Users\Admin\STM32CubeIDE_1.16.1\STM32CubeIDE\plugins\com.st.stm32cube.common.mx_6.12.1.202409122256
2024-09-25 18:58:21,209 [INFO] ThirdPartyUpdaterWithRetryManager:70 - Updater plugin not ready yet. [3/15]
2024-09-25 18:58:21,471 [ERROR] LogOutputStream:75 - [STDERR_REDIRECT] Sep 25, 2024 6:58:21 PM java.util.prefs.WindowsPreferences <init>
2024-09-25 18:58:21,473 [ERROR] LogOutputStream:75 - [STDERR_REDIRECT] WARNING: Could not open/create prefs root node Software\JavaSoft\Prefs at root 0xffffffff80000002. Windows RegCreateKeyEx(...) returned error code 5.
2024-09-25 18:58:21,473 [ERROR] LogOutputStream:75 - [STDERR_REDIRECT] 
2024-09-25 18:58:21,807 [INFO] MainUpdater:2873 - connection check result : 10
2024-09-25 18:58:21,809 [INFO] MainUpdater:290 - Updater Check For Update Now.
2024-09-25 18:58:21,810 [INFO] MicroXplorer:498 - Change Database Version : DB.6.0.121
2024-09-25 18:58:21,840 [INFO] McuFinderGlobals:63 - Set McuFinder mode to 2 (CubeIDE integrated)
2024-09-25 18:58:21,841 [INFO] UserAuth:179 - activating auth plugin
2024-09-25 18:58:21,846 [INFO] UserAuth:417 - Internet connection configuration mode: 1
2024-09-25 18:58:21,896 [INFO] JxBrowserEngine:152 - Initiate JxBrowser Engine with user profile folder
2024-09-25 18:58:22,071 [INFO] CheckServerUpdateThread:120 - End of CheckServer Thread
2024-09-25 18:58:24,462 [WARN] PackLoader:240 - Cannot read IP mode file for STMicroelectronics.FP-SNS-MOTENVWB1.1.4.0
2024-09-25 18:58:24,488 [WARN] PackLoader:240 - Cannot read IP mode file for STMicroelectronics.X-CUBE-SMBUS.2.1.0
2024-09-25 18:58:24,551 [WARN] PackLoader:240 - Cannot read IP mode file for STMicroelectronics.X-CUBE-AZRTOS-F7.1.1.0
2024-09-25 18:58:24,682 [WARN] PackLoader:240 - Cannot read IP mode file for STMicroelectronics.X-CUBE-MEMS1.11.0.0
2024-09-25 18:58:24,952 [WARN] PackLoader:240 - Cannot read IP mode file for STMicroelectronics.FP-SNS-FLIGHT1.5.0.2
2024-09-25 18:58:24,981 [WARN] PackLoader:240 - Cannot read IP mode file for STMicroelectronics.X-CUBE-DISPLAY.3.0.0
2024-09-25 18:58:25,006 [WARN] PackLoader:240 - Cannot read IP mode file for STMicroelectronics.X-CUBE-BLE1.7.0.0
2024-09-25 18:58:25,028 [WARN] PackLoader:240 - Cannot read IP mode file for emotas.I-CUBE-CANOPEN.1.3.0
2024-09-25 18:58:25,053 [WARN] PackLoader:240 - Cannot read IP mode file for STMicroelectronics.X-CUBE-BLEMGR.3.1.0
2024-09-25 18:58:25,078 [WARN] PackLoader:240 - Cannot read IP mode file for STMicroelectronics.FP-SNS-SMARTAG2.1.2.0
2024-09-25 18:58:25,104 [INFO] LogOutputStream:77 - [STDOUT_REDIRECT] 1 : Invalid condition id : UX_CORESTACK_Condition cause : null
2024-09-25 18:58:25,105 [INFO] LogOutputStream:77 - [STDOUT_REDIRECT] 1 : Invalid condition id : UX_CORESTACK_Condition cause : null
2024-09-25 18:58:25,106 [INFO] LogOutputStream:77 - [STDOUT_REDIRECT] 1 : Invalid condition id : UX_CORESTACK_Condition cause : null
2024-09-25 18:58:25,108 [INFO] LogOutputStream:77 - [STDOUT_REDIRECT] 1 : Invalid condition id : UX_CORESTACK_Condition cause : null
2024-09-25 18:58:25,109 [INFO] LogOutputStream:77 - [STDOUT_REDIRECT] 1 : Invalid condition id : UX_CORESTACK_Condition cause : null
2024-09-25 18:58:25,112 [WARN] PackLoader:240 - Cannot read IP mode file for STMicroelectronics.X-CUBE-AZRTOS-WL.2.0.0
2024-09-25 18:58:25,137 [WARN] PackLoader:240 - Cannot read IP mode file for STMicroelectronics.FP-SNS-MOTENV1.5.0.0
2024-09-25 18:58:25,164 [WARN] PackLoader:240 - Cannot read IP mode file for WES.I-CUBE-Cesium.1.3.0
2024-09-25 18:58:25,184 [WARN] PackLoader:240 - Cannot read IP mode file for STMicroelectronics.X-CUBE-BLE2.3.3.0
2024-09-25 18:58:25,207 [WARN] PackLoader:240 - Cannot read IP mode file for STMicroelectronics.X-CUBE-TCPP.4.1.0
2024-09-25 18:58:25,245 [WARN] PackLoader:240 - Cannot read IP mode file for STMicroelectronics.X-CUBE-AZRTOS-G0.1.1.0
2024-09-25 18:58:25,276 [WARN] PackLoader:240 - Cannot read IP mode file for STMicroelectronics.X-CUBE-SAFEA1.1.2.2
2024-09-25 18:58:25,301 [WARN] PackLoader:240 - Cannot read IP mode file for STMicroelectronics.X-CUBE-NFC4.3.0.0
2024-09-25 18:58:25,330 [WARN] PackLoader:240 - Cannot read IP mode file for EmbeddedOffice.I-CUBE-FS-RTOS.1.0.1
2024-09-25 18:58:25,331 [ERROR] ConditionMgr:805 - Attr not supported : Dmpu
2024-09-25 18:58:25,331 [ERROR] ConditionMgr:805 - Attr not supported : Dmpu
2024-09-25 18:58:25,331 [ERROR] ConditionMgr:805 - Attr not supported : Dmpu
2024-09-25 18:58:25,331 [ERROR] ConditionMgr:805 - Attr not supported : Dmpu
2024-09-25 18:58:25,331 [ERROR] ConditionMgr:805 - Attr not supported : Dmpu
2024-09-25 18:58:25,331 [ERROR] ConditionMgr:805 - Attr not supported : Dmpu
2024-09-25 18:58:25,331 [ERROR] ConditionMgr:805 - Attr not supported : Dmpu
2024-09-25 18:58:25,331 [ERROR] ConditionMgr:805 - Attr not supported : Dmpu
2024-09-25 18:58:25,331 [ERROR] ConditionMgr:805 - Attr not supported : Dmpu
2024-09-25 18:58:25,331 [ERROR] ConditionMgr:805 - Attr not supported : Dmpu
2024-09-25 18:58:25,332 [ERROR] ConditionMgr:805 - Attr not supported : Dmpu
2024-09-25 18:58:25,332 [ERROR] ConditionMgr:805 - Attr not supported : Dmpu
2024-09-25 18:58:25,332 [ERROR] ConditionMgr:805 - Attr not supported : Dmpu
2024-09-25 18:58:25,332 [ERROR] ConditionMgr:805 - Attr not supported : Dmpu
2024-09-25 18:58:25,332 [ERROR] ConditionMgr:805 - Attr not supported : Dmpu
2024-09-25 18:58:25,332 [ERROR] ConditionMgr:805 - Attr not supported : Dmpu
2024-09-25 18:58:25,332 [ERROR] ConditionMgr:805 - Attr not supported : Dmpu
2024-09-25 18:58:25,332 [ERROR] ConditionMgr:805 - Attr not supported : Dmpu
2024-09-25 18:58:25,332 [ERROR] ConditionMgr:805 - Attr not supported : Dmpu
2024-09-25 18:58:25,333 [ERROR] ConditionMgr:805 - Attr not supported : Dmpu
2024-09-25 18:58:25,333 [ERROR] ConditionMgr:805 - Attr not supported : Dmpu
2024-09-25 18:58:25,333 [ERROR] ConditionMgr:805 - Attr not supported : Dmpu
2024-09-25 18:58:25,333 [ERROR] ConditionMgr:805 - Attr not supported : Dmpu
2024-09-25 18:58:25,333 [ERROR] ConditionMgr:805 - Attr not supported : Dmpu
2024-09-25 18:58:25,333 [ERROR] ConditionMgr:805 - Attr not supported : Dmpu
2024-09-25 18:58:25,333 [ERROR] ConditionMgr:805 - Attr not supported : Dmpu
2024-09-25 18:58:25,333 [ERROR] ConditionMgr:805 - Attr not supported : Dmpu
2024-09-25 18:58:25,334 [ERROR] ConditionMgr:805 - Attr not supported : Dmpu
2024-09-25 18:58:25,334 [ERROR] ConditionMgr:805 - Attr not supported : Dmpu
2024-09-25 18:58:25,334 [ERROR] ConditionMgr:805 - Attr not supported : Dmpu
2024-09-25 18:58:25,334 [ERROR] ConditionMgr:805 - Attr not supported : Dmpu
2024-09-25 18:58:25,334 [ERROR] ConditionMgr:805 - Attr not supported : Dmpu
2024-09-25 18:58:25,334 [ERROR] ConditionMgr:805 - Attr not supported : Dmpu
2024-09-25 18:58:25,334 [ERROR] ConditionMgr:805 - Attr not supported : Dmpu
2024-09-25 18:58:25,335 [ERROR] ConditionMgr:805 - Attr not supported : Dmpu
2024-09-25 18:58:25,335 [ERROR] ConditionMgr:805 - Attr not supported : Dmpu
2024-09-25 18:58:25,335 [ERROR] ConditionMgr:805 - Attr not supported : Dmpu
2024-09-25 18:58:25,335 [ERROR] ConditionMgr:805 - Attr not supported : Dmpu
2024-09-25 18:58:25,335 [ERROR] ConditionMgr:805 - Attr not supported : Dmpu
2024-09-25 18:58:25,336 [ERROR] ConditionMgr:805 - Attr not supported : Dmpu
2024-09-25 18:58:25,336 [ERROR] ConditionMgr:805 - Attr not supported : Dmpu
2024-09-25 18:58:25,336 [ERROR] ConditionMgr:805 - Attr not supported : Dmpu
2024-09-25 18:58:25,336 [ERROR] ConditionMgr:805 - Attr not supported : Dmpu
2024-09-25 18:58:25,336 [ERROR] ConditionMgr:805 - Attr not supported : Dmpu
2024-09-25 18:58:25,336 [ERROR] ConditionMgr:805 - Attr not supported : Dmpu
2024-09-25 18:58:25,336 [ERROR] ConditionMgr:805 - Attr not supported : Dmpu
2024-09-25 18:58:25,336 [ERROR] ConditionMgr:805 - Attr not supported : Dmpu
2024-09-25 18:58:25,336 [ERROR] ConditionMgr:805 - Attr not supported : Dmpu
2024-09-25 18:58:25,336 [ERROR] ConditionMgr:805 - Attr not supported : Dmpu
2024-09-25 18:58:25,336 [ERROR] ConditionMgr:805 - Attr not supported : Dmpu
2024-09-25 18:58:25,337 [ERROR] ConditionMgr:805 - Attr not supported : Dmpu
2024-09-25 18:58:25,337 [ERROR] ConditionMgr:805 - Attr not supported : Dmpu
2024-09-25 18:58:25,337 [ERROR] ConditionMgr:805 - Attr not supported : Dmpu
2024-09-25 18:58:25,337 [ERROR] ConditionMgr:805 - Attr not supported : Dmpu
2024-09-25 18:58:25,337 [ERROR] ConditionMgr:805 - Attr not supported : Dmpu
2024-09-25 18:58:25,337 [ERROR] ConditionMgr:805 - Attr not supported : Dmpu
2024-09-25 18:58:25,337 [ERROR] ConditionMgr:805 - Attr not supported : Dmpu
2024-09-25 18:58:25,337 [ERROR] ConditionMgr:805 - Attr not supported : Dmpu
2024-09-25 18:58:25,337 [ERROR] ConditionMgr:805 - Attr not supported : Dmpu
2024-09-25 18:58:25,337 [ERROR] ConditionMgr:805 - Attr not supported : Dmpu
2024-09-25 18:58:25,337 [ERROR] ConditionMgr:805 - Attr not supported : Dmpu
2024-09-25 18:58:25,337 [ERROR] ConditionMgr:805 - Attr not supported : Dmpu
2024-09-25 18:58:25,338 [ERROR] ConditionMgr:805 - Attr not supported : Dmpu
2024-09-25 18:58:25,338 [ERROR] ConditionMgr:805 - Attr not supported : Dmpu
2024-09-25 18:58:25,360 [WARN] PackLoader:240 - Cannot read IP mode file for RealThread.X-CUBE-RT-Thread_Nano.4.1.1
2024-09-25 18:58:25,381 [WARN] PackLoader:240 - Cannot read IP mode file for STMicroelectronics.FP-ATR-SIGFOX1.3.2.0
2024-09-25 18:58:25,406 [WARN] PackLoader:240 - Cannot read IP mode file for STMicroelectronics.X-CUBE-EEPRMA1.5.1.0
2024-09-25 18:58:25,427 [WARN] PackLoader:240 - Cannot read IP mode file for ITTIA_DB.I-CUBE-ITTIADB.8.9.0
2024-09-25 18:58:25,497 [WARN] PackLoader:240 - Cannot read IP mode file for SEGGER.I-CUBE-embOS.1.3.1
2024-09-25 18:58:25,654 [WARN] PackLoader:240 - Cannot read IP mode file for STMicroelectronics.X-CUBE-ALGOBUILD.1.4.0
2024-09-25 18:58:25,714 [WARN] PackLoader:240 - Cannot read IP mode file for STMicroelectronics.X-CUBE-AZRTOS-F4.1.1.0
2024-09-25 18:58:25,742 [WARN] PackLoader:240 - Cannot read IP mode file for STMicroelectronics.X-CUBE-ISPU.2.1.0
2024-09-25 18:58:25,767 [WARN] PackLoader:240 - Cannot read IP mode file for STMicroelectronics.X-CUBE-FREERTOS.1.2.0
2024-09-25 18:58:25,815 [WARN] PackLoader:240 - Cannot read IP mode file for STMicroelectronics.X-CUBE-AZRTOS-L5.2.0.0
2024-09-25 18:58:25,899 [WARN] PackLoader:240 - Cannot read IP mode file for STMicroelectronics.X-CUBE-NFC6.3.1.0
2024-09-25 18:58:25,981 [WARN] PackLoader:240 - Cannot read IP mode file for STMicroelectronics.X-CUBE-DPower.1.2.0
2024-09-25 18:58:26,069 [WARN] PackLoader:240 - Cannot read IP mode file for STMicroelectronics.X-CUBE-AI.9.0.0
2024-09-25 18:58:26,101 [WARN] PackLoader:240 - Cannot read IP mode file for STMicroelectronics.X-CUBE-NFC7.1.0.1
2024-09-25 18:58:26,197 [WARN] ConditionMgr:438 - getConditionDescription Invalid condition id : LAN8742 Phy interface Condition cause : null
2024-09-25 18:58:26,198 [WARN] PackLoader:240 - Cannot read IP mode file for STMicroelectronics.X-CUBE-AZRTOS-L4.2.0.0
2024-09-25 18:58:26,201 [WARN] ConditionMgr:1039 - genDependencies : Invalid condition id : LAN8742 Phy interface Condition cause : null
2024-09-25 18:58:26,201 [WARN] ConditionMgr:1039 - genDependencies : Invalid condition id : LAN8742 Phy interface Condition cause : null
2024-09-25 18:58:26,203 [WARN] ConditionMgr:1039 - genDependencies : Invalid condition id : LAN8742 Phy interface Condition cause : null
2024-09-25 18:58:26,239 [WARN] PackLoader:240 - Cannot read IP mode file for STMicroelectronics.X-CUBE-SFXS2LP1.4.0.0
2024-09-25 18:58:26,310 [WARN] PackLoader:240 - Cannot read IP mode file for STMicroelectronics.X-CUBE-AZRTOS-H7.3.3.0
2024-09-25 18:58:26,397 [WARN] ConditionMgr:438 - getConditionDescription Invalid condition id : UX DEVICE CLASS RTOS Condition cause : null
2024-09-25 18:58:26,398 [WARN] ConditionMgr:438 - getConditionDescription Invalid condition id : UX DEVICE CLASS RTOS Condition cause : null
2024-09-25 18:58:26,402 [WARN] PackLoader:240 - Cannot read IP mode file for STMicroelectronics.X-CUBE-AZRTOS-WB.2.0.0
2024-09-25 18:58:26,404 [WARN] ConditionMgr:1039 - genDependencies : Invalid condition id : UX DEVICE CLASS RTOS Condition cause : null
2024-09-25 18:58:26,404 [WARN] ConditionMgr:1039 - genDependencies : Invalid condition id : UX DEVICE CLASS RTOS Condition cause : null
2024-09-25 18:58:26,405 [WARN] ConditionMgr:1039 - genDependencies : Invalid condition id : UX DEVICE CLASS RTOS Condition cause : null
2024-09-25 18:58:26,406 [WARN] ConditionMgr:1039 - genDependencies : Invalid condition id : UX DEVICE CLASS RTOS Condition cause : null
2024-09-25 18:58:26,407 [WARN] ConditionMgr:1039 - genDependencies : Invalid condition id : UX DEVICE CLASS RTOS Condition cause : null
2024-09-25 18:58:26,449 [WARN] PackLoader:240 - Cannot read IP mode file for STMicroelectronics.X-CUBE-GNSS1.7.0.0
2024-09-25 18:58:26,484 [WARN] PackLoader:240 - Cannot read IP mode file for STMicroelectronics.FP-SNS-STBOX1.2.0.0
2024-09-25 18:58:26,514 [INFO] WebApp:167 - Instantiating new browser for Auth
2024-09-25 18:58:26,579 [WARN] PackLoader:240 - Cannot read IP mode file for STMicroelectronics.X-CUBE-SUBG2.5.0.0
2024-09-25 18:58:26,705 [WARN] PackLoader:240 - Cannot read IP mode file for Cesanta.I-CUBE-Mongoose.7.13.0
2024-09-25 18:58:26,796 [WARN] PackLoader:240 - Cannot read IP mode file for STMicroelectronics.X-CUBE-AZRTOS-G4.2.0.0
2024-09-25 18:58:26,838 [WARN] PackLoader:240 - Cannot read IP mode file for STMicroelectronics.X-CUBE-ALS.1.0.2
2024-09-25 18:58:26,876 [WARN] PackLoader:240 - Cannot read IP mode file for STMicroelectronics.X-CUBE-TOUCHGFX.4.24.1
2024-09-25 18:58:26,916 [WARN] PackLoader:240 - Cannot read IP mode file for portGmbH.I-Cube-SoM-uGOAL.1.1.0
2024-09-25 18:58:26,977 [WARN] PackLoader:240 - Cannot read IP mode file for STMicroelectronics.X-CUBE-AZRTOS-H7RS.1.0.0
2024-09-25 18:58:27,013 [WARN] PackLoader:240 - Cannot read IP mode file for STMicroelectronics.FP-ATR-ASTRA1.2.0.0
2024-09-25 18:58:27,057 [WARN] PackLoader:240 - Cannot read IP mode file for STMicroelectronics.X-CUBE-TOF1.3.4.2
2024-09-25 18:58:27,133 [WARN] PackLoader:240 - Cannot read IP mode file for Infineon.AIROC-Wi-Fi-Bluetooth-STM32.1.6.1
2024-09-25 18:58:27,138 [INFO] ThirdParty:978 - Integrity check success = true
2024-09-25 18:58:27,138 [INFO] IntegrityCheckThread:100 - exiting critical section [integrity check]
2024-09-25 18:58:27,138 [INFO] IntegrityCheckThread:103 - End integrity checks thread
2024-09-25 18:58:28,061 [INFO] WebApp:448 - Apply proxy settings
2024-09-25 18:58:28,061 [INFO] WebApp:533 - Chromium requires no authentication
2024-09-25 18:58:28,074 [INFO] WebApp:476 - Direct internet connection detected
2024-09-25 18:58:28,124 [INFO] WebApp:869 - Register for checkConnection events
2024-09-25 18:58:28,124 [INFO] WebApp:448 - Apply proxy settings
2024-09-25 18:58:28,125 [INFO] WebApp:533 - Chromium requires no authentication
2024-09-25 18:58:28,126 [INFO] WebApp:476 - Direct internet connection detected
2024-09-25 18:58:28,385 [INFO] WebApp:220 - Starting web application
2024-09-25 18:58:28,385 [INFO] WebApp:578 - Web application path used C:\Users\Admin\STM32CubeIDE_1.16.1\STM32CubeIDE\plugins\com.st.stm32cube.common.mx_6.12.1.202409122256\db\plugins\mcufinder\reactClient1\index.html
2024-09-25 18:58:28,628 [INFO] WebApp:186 - Connection restablished
2024-09-25 19:50:32,309 [ERROR] LogOutputStream:75 - [STDERR_REDIRECT] 
